{"/home/layik/code/tgve/eAtlas/src/About.js": {"path":"/home/layik/code/tgve/eAtlas/src/About.js","statementMap":{"0":{"start":{"line":13,"column":4},"end":{"line":13,"column":17}},"1":{"start":{"line":14,"column":4},"end":{"line":16,"column":5}},"2":{"start":{"line":19,"column":23},"end":{"line":19,"column":44}},"3":{"start":{"line":21,"column":4},"end":{"line":29,"column":8}},"4":{"start":{"line":23,"column":8},"end":{"line":23,"column":30}},"5":{"start":{"line":26,"column":8},"end":{"line":28,"column":10}},"6":{"start":{"line":32,"column":25},"end":{"line":32,"column":35}},"7":{"start":{"line":34,"column":4},"end":{"line":38,"column":5}}},"fnMap":{"0":{"name":"(anonymous_0)","decl":{"start":{"line":12,"column":2},"end":{"line":12,"column":3}},"loc":{"start":{"line":12,"column":21},"end":{"line":17,"column":3}},"line":12},"1":{"name":"(anonymous_1)","decl":{"start":{"line":18,"column":2},"end":{"line":18,"column":3}},"loc":{"start":{"line":18,"column":22},"end":{"line":30,"column":3}},"line":18},"2":{"name":"(anonymous_2)","decl":{"start":{"line":22,"column":12},"end":{"line":22,"column":13}},"loc":{"start":{"line":22,"column":24},"end":{"line":24,"column":7}},"line":22},"3":{"name":"(anonymous_3)","decl":{"start":{"line":25,"column":12},"end":{"line":25,"column":13}},"loc":{"start":{"line":25,"column":20},"end":{"line":29,"column":7}},"line":25},"4":{"name":"(anonymous_4)","decl":{"start":{"line":31,"column":2},"end":{"line":31,"column":3}},"loc":{"start":{"line":31,"column":11},"end":{"line":39,"column":3}},"line":31}},"branchMap":{},"s":{"0":0,"1":0,"2":0,"3":0,"4":0,"5":0,"6":0,"7":0},"f":{"0":0,"1":0,"2":0,"3":0,"4":0},"b":{},"hash":"c61f0a9228332b0d737a507f97691b68b1b091a1"}
,"/home/layik/code/tgve/eAtlas/src/App.js": {"path":"/home/layik/code/tgve/eAtlas/src/App.js","statementMap":{"0":{"start":{"line":15,"column":15},"end":{"line":15,"column":30}},"1":{"start":{"line":18,"column":15},"end":{"line":20,"column":53}},"2":{"start":{"line":22,"column":2},"end":{"line":33,"column":3}}},"fnMap":{"0":{"name":"(anonymous_0)","decl":{"start":{"line":17,"column":15},"end":{"line":17,"column":16}},"loc":{"start":{"line":17,"column":32},"end":{"line":34,"column":1}},"line":17}},"branchMap":{"0":{"loc":{"start":{"line":19,"column":4},"end":{"line":20,"column":52}},"type":"cond-expr","locations":[{"start":{"line":20,"column":6},"end":{"line":20,"column":27}},{"start":{"line":20,"column":30},"end":{"line":20,"column":52}}],"line":19},"1":{"loc":{"start":{"line":26,"column":17},"end":{"line":26,"column":61}},"type":"cond-expr","locations":[{"start":{"line":26,"column":39},"end":{"line":26,"column":49}},{"start":{"line":26,"column":52},"end":{"line":26,"column":61}}],"line":26}},"s":{"0":1,"1":9,"2":9},"f":{"0":9},"b":{"0":[0,9],"1":[4,5]},"_coverageSchema":"43e27e138ebf9cfc5966b082cf9a028302ed4184","hash":"f55f78f373a5132187442a6a5e5b7e575bb8369e"}
,"/home/layik/code/tgve/eAtlas/src/Constants.js": {"path":"/home/layik/code/tgve/eAtlas/src/Constants.js","statementMap":{"0":{"start":{"line":2,"column":2},"end":{"line":5,"column":5}},"1":{"start":{"line":9,"column":0},"end":{"line":9,"column":51}},"2":{"start":{"line":10,"column":0},"end":{"line":10,"column":43}},"3":{"start":{"line":11,"column":0},"end":{"line":16,"column":12}},"4":{"start":{"line":17,"column":0},"end":{"line":29,"column":2}},"5":{"start":{"line":31,"column":0},"end":{"line":33,"column":1}},"6":{"start":{"line":35,"column":0},"end":{"line":41,"column":2}},"7":{"start":{"line":43,"column":0},"end":{"line":50,"column":2}},"8":{"start":{"line":52,"column":0},"end":{"line":52,"column":21}},"9":{"start":{"line":54,"column":0},"end":{"line":54,"column":48}},"10":{"start":{"line":56,"column":0},"end":{"line":63,"column":2}},"11":{"start":{"line":65,"column":0},"end":{"line":65,"column":24}},"12":{"start":{"line":66,"column":0},"end":{"line":66,"column":22}},"13":{"start":{"line":67,"column":0},"end":{"line":67,"column":21}},"14":{"start":{"line":69,"column":0},"end":{"line":69,"column":47}},"15":{"start":{"line":71,"column":0},"end":{"line":71,"column":39}},"16":{"start":{"line":72,"column":0},"end":{"line":72,"column":39}},"17":{"start":{"line":74,"column":0},"end":{"line":74,"column":40}},"18":{"start":{"line":75,"column":0},"end":{"line":75,"column":34}},"19":{"start":{"line":77,"column":0},"end":{"line":77,"column":32}}},"fnMap":{"0":{"name":"define","decl":{"start":{"line":1,"column":9},"end":{"line":1,"column":15}},"loc":{"start":{"line":1,"column":29},"end":{"line":6,"column":1}},"line":1}},"branchMap":{},"s":{"0":171,"1":9,"2":9,"3":9,"4":9,"5":9,"6":9,"7":9,"8":9,"9":9,"10":9,"11":9,"12":9,"13":9,"14":9,"15":9,"16":9,"17":9,"18":9,"19":9},"f":{"0":171},"b":{},"_coverageSchema":"43e27e138ebf9cfc5966b082cf9a028302ed4184","hash":"9bb14a386244cbd55c8942c7adff244c59f9497c"}
,"/home/layik/code/tgve/eAtlas/src/history.js": {"path":"/home/layik/code/tgve/eAtlas/src/history.js","statementMap":{},"fnMap":{},"branchMap":{},"s":{},"f":{},"b":{},"_coverageSchema":"43e27e138ebf9cfc5966b082cf9a028302ed4184","hash":"946749124824b267f1a38a37aaaf663668ec4470"}
,"/home/layik/code/tgve/eAtlas/src/icon-cluster-layer.js": {"path":"/home/layik/code/tgve/eAtlas/src/icon-cluster-layer.js","statementMap":{"0":{"start":{"line":6,"column":2},"end":{"line":8,"column":3}},"1":{"start":{"line":7,"column":4},"end":{"line":7,"column":14}},"2":{"start":{"line":9,"column":2},"end":{"line":11,"column":3}},"3":{"start":{"line":10,"column":4},"end":{"line":10,"column":28}},"4":{"start":{"line":12,"column":2},"end":{"line":14,"column":3}},"5":{"start":{"line":13,"column":4},"end":{"line":13,"column":46}},"6":{"start":{"line":15,"column":2},"end":{"line":15,"column":22}},"7":{"start":{"line":19,"column":2},"end":{"line":19,"column":39}},"8":{"start":{"line":24,"column":4},"end":{"line":24,"column":40}},"9":{"start":{"line":28,"column":25},"end":{"line":28,"column":90}},"10":{"start":{"line":30,"column":4},"end":{"line":39,"column":5}},"11":{"start":{"line":31,"column":20},"end":{"line":31,"column":76}},"12":{"start":{"line":32,"column":6},"end":{"line":37,"column":8}},"13":{"start":{"line":33,"column":29},"end":{"line":36,"column":9}},"14":{"start":{"line":38,"column":6},"end":{"line":38,"column":29}},"15":{"start":{"line":41,"column":14},"end":{"line":41,"column":52}},"16":{"start":{"line":42,"column":4},"end":{"line":47,"column":5}},"17":{"start":{"line":43,"column":6},"end":{"line":46,"column":9}},"18":{"start":{"line":51,"column":25},"end":{"line":51,"column":62}},"19":{"start":{"line":52,"column":4},"end":{"line":59,"column":5}},"20":{"start":{"line":53,"column":6},"end":{"line":57,"column":7}},"21":{"start":{"line":54,"column":8},"end":{"line":56,"column":34}},"22":{"start":{"line":56,"column":20},"end":{"line":56,"column":32}},"23":{"start":{"line":58,"column":6},"end":{"line":58,"column":33}},"24":{"start":{"line":60,"column":4},"end":{"line":60,"column":16}},"25":{"start":{"line":64,"column":19},"end":{"line":64,"column":29}},"26":{"start":{"line":65,"column":48},"end":{"line":65,"column":58}},"27":{"start":{"line":67,"column":4},"end":{"line":78,"column":6}},"28":{"start":{"line":74,"column":26},"end":{"line":74,"column":48}},"29":{"start":{"line":75,"column":22},"end":{"line":75,"column":86}},"30":{"start":{"line":76,"column":22},"end":{"line":76,"column":86}}},"fnMap":{"0":{"name":"getIconName","decl":{"start":{"line":5,"column":9},"end":{"line":5,"column":20}},"loc":{"start":{"line":5,"column":27},"end":{"line":16,"column":1}},"line":5},"1":{"name":"getIconSize","decl":{"start":{"line":18,"column":9},"end":{"line":18,"column":20}},"loc":{"start":{"line":18,"column":27},"end":{"line":20,"column":1}},"line":18},"2":{"name":"(anonymous_2)","decl":{"start":{"line":23,"column":2},"end":{"line":23,"column":3}},"loc":{"start":{"line":23,"column":35},"end":{"line":25,"column":3}},"line":23},"3":{"name":"(anonymous_3)","decl":{"start":{"line":27,"column":2},"end":{"line":27,"column":3}},"loc":{"start":{"line":27,"column":46},"end":{"line":48,"column":3}},"line":27},"4":{"name":"(anonymous_4)","decl":{"start":{"line":33,"column":23},"end":{"line":33,"column":24}},"loc":{"start":{"line":33,"column":29},"end":{"line":36,"column":9}},"line":33},"5":{"name":"(anonymous_5)","decl":{"start":{"line":50,"column":2},"end":{"line":50,"column":3}},"loc":{"start":{"line":50,"column":31},"end":{"line":61,"column":3}},"line":50},"6":{"name":"(anonymous_6)","decl":{"start":{"line":56,"column":15},"end":{"line":56,"column":16}},"loc":{"start":{"line":56,"column":20},"end":{"line":56,"column":32}},"line":56},"7":{"name":"(anonymous_7)","decl":{"start":{"line":63,"column":2},"end":{"line":63,"column":3}},"loc":{"start":{"line":63,"column":17},"end":{"line":79,"column":3}},"line":63},"8":{"name":"(anonymous_8)","decl":{"start":{"line":74,"column":21},"end":{"line":74,"column":22}},"loc":{"start":{"line":74,"column":26},"end":{"line":74,"column":48}},"line":74},"9":{"name":"(anonymous_9)","decl":{"start":{"line":75,"column":17},"end":{"line":75,"column":18}},"loc":{"start":{"line":75,"column":22},"end":{"line":75,"column":86}},"line":75},"10":{"name":"(anonymous_10)","decl":{"start":{"line":76,"column":17},"end":{"line":76,"column":18}},"loc":{"start":{"line":76,"column":22},"end":{"line":76,"column":86}},"line":76}},"branchMap":{"0":{"loc":{"start":{"line":6,"column":2},"end":{"line":8,"column":3}},"type":"if","locations":[{"start":{"line":6,"column":2},"end":{"line":8,"column":3}},{"start":{"line":6,"column":2},"end":{"line":8,"column":3}}],"line":6},"1":{"loc":{"start":{"line":9,"column":2},"end":{"line":11,"column":3}},"type":"if","locations":[{"start":{"line":9,"column":2},"end":{"line":11,"column":3}},{"start":{"line":9,"column":2},"end":{"line":11,"column":3}}],"line":9},"2":{"loc":{"start":{"line":12,"column":2},"end":{"line":14,"column":3}},"type":"if","locations":[{"start":{"line":12,"column":2},"end":{"line":14,"column":3}},{"start":{"line":12,"column":2},"end":{"line":14,"column":3}}],"line":12},"3":{"loc":{"start":{"line":28,"column":25},"end":{"line":28,"column":90}},"type":"binary-expr","locations":[{"start":{"line":28,"column":25},"end":{"line":28,"column":48}},{"start":{"line":28,"column":52},"end":{"line":28,"column":90}}],"line":28},"4":{"loc":{"start":{"line":30,"column":4},"end":{"line":39,"column":5}},"type":"if","locations":[{"start":{"line":30,"column":4},"end":{"line":39,"column":5}},{"start":{"line":30,"column":4},"end":{"line":39,"column":5}}],"line":30},"5":{"loc":{"start":{"line":42,"column":4},"end":{"line":47,"column":5}},"type":"if","locations":[{"start":{"line":42,"column":4},"end":{"line":47,"column":5}},{"start":{"line":42,"column":4},"end":{"line":47,"column":5}}],"line":42},"6":{"loc":{"start":{"line":42,"column":8},"end":{"line":42,"column":42}},"type":"binary-expr","locations":[{"start":{"line":42,"column":8},"end":{"line":42,"column":20}},{"start":{"line":42,"column":24},"end":{"line":42,"column":42}}],"line":42},"7":{"loc":{"start":{"line":51,"column":25},"end":{"line":51,"column":62}},"type":"binary-expr","locations":[{"start":{"line":51,"column":25},"end":{"line":51,"column":36}},{"start":{"line":51,"column":40},"end":{"line":51,"column":62}}],"line":51},"8":{"loc":{"start":{"line":52,"column":4},"end":{"line":59,"column":5}},"type":"if","locations":[{"start":{"line":52,"column":4},"end":{"line":59,"column":5}},{"start":{"line":52,"column":4},"end":{"line":59,"column":5}}],"line":52},"9":{"loc":{"start":{"line":53,"column":6},"end":{"line":57,"column":7}},"type":"if","locations":[{"start":{"line":53,"column":6},"end":{"line":57,"column":7}},{"start":{"line":53,"column":6},"end":{"line":57,"column":7}}],"line":53},"10":{"loc":{"start":{"line":53,"column":10},"end":{"line":53,"column":50}},"type":"binary-expr","locations":[{"start":{"line":53,"column":10},"end":{"line":53,"column":30}},{"start":{"line":53,"column":34},"end":{"line":53,"column":50}}],"line":53},"11":{"loc":{"start":{"line":75,"column":34},"end":{"line":75,"column":85}},"type":"cond-expr","locations":[{"start":{"line":75,"column":57},"end":{"line":75,"column":81}},{"start":{"line":75,"column":84},"end":{"line":75,"column":85}}],"line":75},"12":{"loc":{"start":{"line":76,"column":34},"end":{"line":76,"column":85}},"type":"cond-expr","locations":[{"start":{"line":76,"column":57},"end":{"line":76,"column":81}},{"start":{"line":76,"column":84},"end":{"line":76,"column":85}}],"line":76}},"s":{"0":0,"1":0,"2":0,"3":0,"4":0,"5":0,"6":0,"7":0,"8":0,"9":0,"10":0,"11":0,"12":0,"13":0,"14":0,"15":0,"16":0,"17":0,"18":0,"19":0,"20":0,"21":0,"22":0,"23":0,"24":0,"25":0,"26":0,"27":0,"28":0,"29":0,"30":0},"f":{"0":0,"1":0,"2":0,"3":0,"4":0,"5":0,"6":0,"7":0,"8":0,"9":0,"10":0},"b":{"0":[0,0],"1":[0,0],"2":[0,0],"3":[0,0],"4":[0,0],"5":[0,0],"6":[0,0],"7":[0,0],"8":[0,0],"9":[0,0],"10":[0,0],"11":[0,0],"12":[0,0]},"_coverageSchema":"43e27e138ebf9cfc5966b082cf9a028302ed4184","hash":"8408428b1574b73a89e56cb560474cede6fa2f54"}
,"/home/layik/code/tgve/eAtlas/src/index.js": {"path":"/home/layik/code/tgve/eAtlas/src/index.js","statementMap":{"0":{"start":{"line":5,"column":26},"end":{"line":5,"column":44}}},"fnMap":{"0":{"name":"(anonymous_0)","decl":{"start":{"line":5,"column":15},"end":{"line":5,"column":16}},"loc":{"start":{"line":5,"column":26},"end":{"line":5,"column":44}},"line":5}},"branchMap":{},"s":{"0":0},"f":{"0":0},"b":{},"hash":"99a5450d5fa6de08505969038b910427d9a2c915"}
,"/home/layik/code/tgve/eAtlas/src/registerServiceWorker.js": {"path":"/home/layik/code/tgve/eAtlas/src/registerServiceWorker.js","statementMap":{"0":{"start":{"line":11,"column":20},"end":{"line":19,"column":1}},"1":{"start":{"line":22,"column":2},"end":{"line":52,"column":3}},"2":{"start":{"line":24,"column":22},"end":{"line":24,"column":70}},"3":{"start":{"line":25,"column":4},"end":{"line":30,"column":5}},"4":{"start":{"line":29,"column":6},"end":{"line":29,"column":13}},"5":{"start":{"line":32,"column":4},"end":{"line":51,"column":7}},"6":{"start":{"line":33,"column":20},"end":{"line":33,"column":65}},"7":{"start":{"line":35,"column":6},"end":{"line":50,"column":7}},"8":{"start":{"line":37,"column":8},"end":{"line":37,"column":39}},"9":{"start":{"line":41,"column":8},"end":{"line":46,"column":11}},"10":{"start":{"line":42,"column":10},"end":{"line":45,"column":12}},"11":{"start":{"line":49,"column":8},"end":{"line":49,"column":31}},"12":{"start":{"line":56,"column":2},"end":{"line":81,"column":7}},"13":{"start":{"line":59,"column":6},"end":{"line":77,"column":8}},"14":{"start":{"line":60,"column":33},"end":{"line":60,"column":56}},"15":{"start":{"line":61,"column":8},"end":{"line":76,"column":10}},"16":{"start":{"line":62,"column":10},"end":{"line":75,"column":11}},"17":{"start":{"line":63,"column":12},"end":{"line":74,"column":13}},"18":{"start":{"line":68,"column":14},"end":{"line":68,"column":71}},"19":{"start":{"line":73,"column":14},"end":{"line":73,"column":64}},"20":{"start":{"line":80,"column":6},"end":{"line":80,"column":72}},"21":{"start":{"line":86,"column":2},"end":{"line":108,"column":7}},"22":{"start":{"line":89,"column":6},"end":{"line":102,"column":7}},"23":{"start":{"line":94,"column":8},"end":{"line":98,"column":11}},"24":{"start":{"line":95,"column":10},"end":{"line":97,"column":13}},"25":{"start":{"line":96,"column":12},"end":{"line":96,"column":37}},"26":{"start":{"line":101,"column":8},"end":{"line":101,"column":31}},"27":{"start":{"line":105,"column":6},"end":{"line":107,"column":8}},"28":{"start":{"line":112,"column":2},"end":{"line":116,"column":3}},"29":{"start":{"line":113,"column":4},"end":{"line":115,"column":7}},"30":{"start":{"line":114,"column":6},"end":{"line":114,"column":32}}},"fnMap":{"0":{"name":"register","decl":{"start":{"line":21,"column":24},"end":{"line":21,"column":32}},"loc":{"start":{"line":21,"column":35},"end":{"line":53,"column":1}},"line":21},"1":{"name":"(anonymous_1)","decl":{"start":{"line":32,"column":36},"end":{"line":32,"column":37}},"loc":{"start":{"line":32,"column":42},"end":{"line":51,"column":5}},"line":32},"2":{"name":"(anonymous_2)","decl":{"start":{"line":41,"column":43},"end":{"line":41,"column":44}},"loc":{"start":{"line":41,"column":49},"end":{"line":46,"column":9}},"line":41},"3":{"name":"registerValidSW","decl":{"start":{"line":55,"column":9},"end":{"line":55,"column":24}},"loc":{"start":{"line":55,"column":32},"end":{"line":82,"column":1}},"line":55},"4":{"name":"(anonymous_4)","decl":{"start":{"line":58,"column":10},"end":{"line":58,"column":11}},"loc":{"start":{"line":58,"column":26},"end":{"line":78,"column":5}},"line":58},"5":{"name":"(anonymous_5)","decl":{"start":{"line":59,"column":35},"end":{"line":59,"column":36}},"loc":{"start":{"line":59,"column":41},"end":{"line":77,"column":7}},"line":59},"6":{"name":"(anonymous_6)","decl":{"start":{"line":61,"column":41},"end":{"line":61,"column":42}},"loc":{"start":{"line":61,"column":47},"end":{"line":76,"column":9}},"line":61},"7":{"name":"(anonymous_7)","decl":{"start":{"line":79,"column":11},"end":{"line":79,"column":12}},"loc":{"start":{"line":79,"column":20},"end":{"line":81,"column":5}},"line":79},"8":{"name":"checkValidServiceWorker","decl":{"start":{"line":84,"column":9},"end":{"line":84,"column":32}},"loc":{"start":{"line":84,"column":40},"end":{"line":109,"column":1}},"line":84},"9":{"name":"(anonymous_9)","decl":{"start":{"line":87,"column":10},"end":{"line":87,"column":11}},"loc":{"start":{"line":87,"column":22},"end":{"line":103,"column":5}},"line":87},"10":{"name":"(anonymous_10)","decl":{"start":{"line":94,"column":43},"end":{"line":94,"column":44}},"loc":{"start":{"line":94,"column":59},"end":{"line":98,"column":9}},"line":94},"11":{"name":"(anonymous_11)","decl":{"start":{"line":95,"column":41},"end":{"line":95,"column":42}},"loc":{"start":{"line":95,"column":47},"end":{"line":97,"column":11}},"line":95},"12":{"name":"(anonymous_12)","decl":{"start":{"line":104,"column":11},"end":{"line":104,"column":12}},"loc":{"start":{"line":104,"column":17},"end":{"line":108,"column":5}},"line":104},"13":{"name":"unregister","decl":{"start":{"line":111,"column":16},"end":{"line":111,"column":26}},"loc":{"start":{"line":111,"column":29},"end":{"line":117,"column":1}},"line":111},"14":{"name":"(anonymous_14)","decl":{"start":{"line":113,"column":39},"end":{"line":113,"column":40}},"loc":{"start":{"line":113,"column":55},"end":{"line":115,"column":5}},"line":113}},"branchMap":{"0":{"loc":{"start":{"line":12,"column":2},"end":{"line":18,"column":5}},"type":"binary-expr","locations":[{"start":{"line":12,"column":2},"end":{"line":12,"column":42}},{"start":{"line":14,"column":4},"end":{"line":14,"column":40}},{"start":{"line":16,"column":4},"end":{"line":18,"column":5}}],"line":12},"1":{"loc":{"start":{"line":22,"column":2},"end":{"line":52,"column":3}},"type":"if","locations":[{"start":{"line":22,"column":2},"end":{"line":52,"column":3}},{"start":{"line":22,"column":2},"end":{"line":52,"column":3}}],"line":22},"2":{"loc":{"start":{"line":22,"column":6},"end":{"line":22,"column":75}},"type":"binary-expr","locations":[{"start":{"line":22,"column":6},"end":{"line":22,"column":43}},{"start":{"line":22,"column":47},"end":{"line":22,"column":75}}],"line":22},"3":{"loc":{"start":{"line":25,"column":4},"end":{"line":30,"column":5}},"type":"if","locations":[{"start":{"line":25,"column":4},"end":{"line":30,"column":5}},{"start":{"line":25,"column":4},"end":{"line":30,"column":5}}],"line":25},"4":{"loc":{"start":{"line":35,"column":6},"end":{"line":50,"column":7}},"type":"if","locations":[{"start":{"line":35,"column":6},"end":{"line":50,"column":7}},{"start":{"line":35,"column":6},"end":{"line":50,"column":7}}],"line":35},"5":{"loc":{"start":{"line":62,"column":10},"end":{"line":75,"column":11}},"type":"if","locations":[{"start":{"line":62,"column":10},"end":{"line":75,"column":11}},{"start":{"line":62,"column":10},"end":{"line":75,"column":11}}],"line":62},"6":{"loc":{"start":{"line":63,"column":12},"end":{"line":74,"column":13}},"type":"if","locations":[{"start":{"line":63,"column":12},"end":{"line":74,"column":13}},{"start":{"line":63,"column":12},"end":{"line":74,"column":13}}],"line":63},"7":{"loc":{"start":{"line":89,"column":6},"end":{"line":102,"column":7}},"type":"if","locations":[{"start":{"line":89,"column":6},"end":{"line":102,"column":7}},{"start":{"line":89,"column":6},"end":{"line":102,"column":7}}],"line":89},"8":{"loc":{"start":{"line":90,"column":8},"end":{"line":91,"column":73}},"type":"binary-expr","locations":[{"start":{"line":90,"column":8},"end":{"line":90,"column":31}},{"start":{"line":91,"column":8},"end":{"line":91,"column":73}}],"line":90},"9":{"loc":{"start":{"line":112,"column":2},"end":{"line":116,"column":3}},"type":"if","locations":[{"start":{"line":112,"column":2},"end":{"line":116,"column":3}},{"start":{"line":112,"column":2},"end":{"line":116,"column":3}}],"line":112}},"s":{"0":0,"1":0,"2":0,"3":0,"4":0,"5":0,"6":0,"7":0,"8":0,"9":0,"10":0,"11":0,"12":0,"13":0,"14":0,"15":0,"16":0,"17":0,"18":0,"19":0,"20":0,"21":0,"22":0,"23":0,"24":0,"25":0,"26":0,"27":0,"28":0,"29":0,"30":0},"f":{"0":0,"1":0,"2":0,"3":0,"4":0,"5":0,"6":0,"7":0,"8":0,"9":0,"10":0,"11":0,"12":0,"13":0,"14":0},"b":{"0":[0,0,0],"1":[0,0],"2":[0,0],"3":[0,0],"4":[0,0],"5":[0,0],"6":[0,0],"7":[0,0],"8":[0,0],"9":[0,0]},"hash":"c489d1b3bab52b3ed524f8508079de798e2491c9"}
,"/home/layik/code/tgve/eAtlas/src/components/AddVIS.jsx": {"path":"/home/layik/code/tgve/eAtlas/src/components/AddVIS.jsx","statementMap":{"0":{"start":{"line":13,"column":12},"end":{"line":14,"column":36}},"1":{"start":{"line":28,"column":2},"end":{"line":30,"column":3}},"2":{"start":{"line":29,"column":4},"end":{"line":29,"column":11}},"3":{"start":{"line":31,"column":15},"end":{"line":31,"column":47}},"4":{"start":{"line":33,"column":2},"end":{"line":52,"column":3}},"5":{"start":{"line":34,"column":4},"end":{"line":51,"column":5}},"6":{"start":{"line":40,"column":42},"end":{"line":47,"column":11}},"7":{"start":{"line":53,"column":2},"end":{"line":72,"column":3}},"8":{"start":{"line":56,"column":4},"end":{"line":71,"column":5}},"9":{"start":{"line":75,"column":30},"end":{"line":75,"column":45}},"10":{"start":{"line":76,"column":24},"end":{"line":76,"column":39}},"11":{"start":{"line":77,"column":26},"end":{"line":77,"column":38}},"12":{"start":{"line":85,"column":40},"end":{"line":85,"column":45}},"13":{"start":{"line":87,"column":2},"end":{"line":87,"column":46}},"14":{"start":{"line":87,"column":34},"end":{"line":87,"column":46}},"15":{"start":{"line":89,"column":18},"end":{"line":89,"column":49}},"16":{"start":{"line":91,"column":2},"end":{"line":167,"column":3}},"17":{"start":{"line":98,"column":36},"end":{"line":98,"column":65}},"18":{"start":{"line":100,"column":12},"end":{"line":100,"column":32}},"19":{"start":{"line":101,"column":12},"end":{"line":102,"column":40}},"20":{"start":{"line":111,"column":34},"end":{"line":111,"column":53}},"21":{"start":{"line":113,"column":14},"end":{"line":113,"column":30}},"22":{"start":{"line":122,"column":10},"end":{"line":122,"column":76}},"23":{"start":{"line":122,"column":69},"end":{"line":122,"column":76}},"24":{"start":{"line":123,"column":10},"end":{"line":126,"column":12}},"25":{"start":{"line":132,"column":40},"end":{"line":132,"column":61}},"26":{"start":{"line":136,"column":16},"end":{"line":145,"column":24}},"27":{"start":{"line":140,"column":22},"end":{"line":142,"column":23}},"28":{"start":{"line":141,"column":46},"end":{"line":141,"column":53}},"29":{"start":{"line":151,"column":14},"end":{"line":161,"column":20}},"30":{"start":{"line":156,"column":20},"end":{"line":158,"column":21}},"31":{"start":{"line":157,"column":44},"end":{"line":157,"column":51}}},"fnMap":{"0":{"name":"generateVIS","decl":{"start":{"line":27,"column":9},"end":{"line":27,"column":20}},"loc":{"start":{"line":27,"column":66},"end":{"line":73,"column":1}},"line":27},"1":{"name":"(anonymous_1)","decl":{"start":{"line":40,"column":31},"end":{"line":40,"column":32}},"loc":{"start":{"line":40,"column":42},"end":{"line":47,"column":11}},"line":40},"2":{"name":"AddVIS","decl":{"start":{"line":74,"column":24},"end":{"line":74,"column":30}},"loc":{"start":{"line":74,"column":38},"end":{"line":168,"column":1}},"line":74},"3":{"name":"(anonymous_3)","decl":{"start":{"line":98,"column":30},"end":{"line":98,"column":31}},"loc":{"start":{"line":98,"column":36},"end":{"line":98,"column":65}},"line":98},"4":{"name":"(anonymous_4)","decl":{"start":{"line":99,"column":28},"end":{"line":99,"column":29}},"loc":{"start":{"line":99,"column":42},"end":{"line":103,"column":11}},"line":99},"5":{"name":"(anonymous_5)","decl":{"start":{"line":111,"column":28},"end":{"line":111,"column":29}},"loc":{"start":{"line":111,"column":34},"end":{"line":111,"column":53}},"line":111},"6":{"name":"(anonymous_6)","decl":{"start":{"line":112,"column":30},"end":{"line":112,"column":31}},"loc":{"start":{"line":112,"column":44},"end":{"line":114,"column":13}},"line":112},"7":{"name":"(anonymous_7)","decl":{"start":{"line":121,"column":17},"end":{"line":121,"column":18}},"loc":{"start":{"line":121,"column":23},"end":{"line":127,"column":9}},"line":121},"8":{"name":"(anonymous_8)","decl":{"start":{"line":132,"column":22},"end":{"line":132,"column":23}},"loc":{"start":{"line":132,"column":40},"end":{"line":132,"column":61}},"line":132},"9":{"name":"(anonymous_9)","decl":{"start":{"line":135,"column":23},"end":{"line":135,"column":24}},"loc":{"start":{"line":136,"column":16},"end":{"line":145,"column":24}},"line":136},"10":{"name":"(anonymous_10)","decl":{"start":{"line":139,"column":29},"end":{"line":139,"column":30}},"loc":{"start":{"line":139,"column":35},"end":{"line":143,"column":21}},"line":139},"11":{"name":"(anonymous_11)","decl":{"start":{"line":141,"column":36},"end":{"line":141,"column":37}},"loc":{"start":{"line":141,"column":46},"end":{"line":141,"column":53}},"line":141},"12":{"name":"(anonymous_12)","decl":{"start":{"line":150,"column":22},"end":{"line":150,"column":23}},"loc":{"start":{"line":151,"column":14},"end":{"line":161,"column":20}},"line":151},"13":{"name":"(anonymous_13)","decl":{"start":{"line":155,"column":27},"end":{"line":155,"column":28}},"loc":{"start":{"line":155,"column":33},"end":{"line":159,"column":19}},"line":155},"14":{"name":"(anonymous_14)","decl":{"start":{"line":157,"column":34},"end":{"line":157,"column":35}},"loc":{"start":{"line":157,"column":44},"end":{"line":157,"column":51}},"line":157}},"branchMap":{"0":{"loc":{"start":{"line":28,"column":2},"end":{"line":30,"column":3}},"type":"if","locations":[{"start":{"line":28,"column":2},"end":{"line":30,"column":3}},{"start":{"line":28,"column":2},"end":{"line":30,"column":3}}],"line":28},"1":{"loc":{"start":{"line":28,"column":6},"end":{"line":28,"column":71}},"type":"binary-expr","locations":[{"start":{"line":28,"column":6},"end":{"line":28,"column":11}},{"start":{"line":28,"column":15},"end":{"line":28,"column":32}},{"start":{"line":28,"column":36},"end":{"line":28,"column":53}},{"start":{"line":28,"column":57},"end":{"line":28,"column":71}}],"line":28},"2":{"loc":{"start":{"line":33,"column":2},"end":{"line":52,"column":3}},"type":"if","locations":[{"start":{"line":33,"column":2},"end":{"line":52,"column":3}},{"start":{"line":33,"column":2},"end":{"line":52,"column":3}}],"line":33},"3":{"loc":{"start":{"line":43,"column":19},"end":{"line":43,"column":37}},"type":"binary-expr","locations":[{"start":{"line":43,"column":19},"end":{"line":43,"column":32}},{"start":{"line":43,"column":36},"end":{"line":43,"column":37}}],"line":43},"4":{"loc":{"start":{"line":53,"column":2},"end":{"line":72,"column":3}},"type":"if","locations":[{"start":{"line":53,"column":2},"end":{"line":72,"column":3}},{"start":{"line":53,"column":2},"end":{"line":72,"column":3}}],"line":53},"5":{"loc":{"start":{"line":53,"column":6},"end":{"line":55,"column":26}},"type":"binary-expr","locations":[{"start":{"line":53,"column":6},"end":{"line":53,"column":32}},{"start":{"line":54,"column":4},"end":{"line":54,"column":32}},{"start":{"line":55,"column":4},"end":{"line":55,"column":26}}],"line":53},"6":{"loc":{"start":{"line":63,"column":10},"end":{"line":67,"column":24}},"type":"cond-expr","locations":[{"start":{"line":64,"column":12},"end":{"line":64,"column":29}},{"start":{"line":65,"column":12},"end":{"line":67,"column":24}}],"line":63},"7":{"loc":{"start":{"line":65,"column":12},"end":{"line":67,"column":24}},"type":"cond-expr","locations":[{"start":{"line":66,"column":14},"end":{"line":66,"column":33}},{"start":{"line":67,"column":14},"end":{"line":67,"column":24}}],"line":65},"8":{"loc":{"start":{"line":87,"column":2},"end":{"line":87,"column":46}},"type":"if","locations":[{"start":{"line":87,"column":2},"end":{"line":87,"column":46}},{"start":{"line":87,"column":2},"end":{"line":87,"column":46}}],"line":87},"9":{"loc":{"start":{"line":87,"column":6},"end":{"line":87,"column":32}},"type":"binary-expr","locations":[{"start":{"line":87,"column":6},"end":{"line":87,"column":11}},{"start":{"line":87,"column":15},"end":{"line":87,"column":32}}],"line":87},"10":{"loc":{"start":{"line":101,"column":12},"end":{"line":102,"column":40}},"type":"binary-expr","locations":[{"start":{"line":101,"column":12},"end":{"line":101,"column":50}},{"start":{"line":102,"column":14},"end":{"line":102,"column":40}}],"line":101},"11":{"loc":{"start":{"line":107,"column":9},"end":{"line":117,"column":12}},"type":"binary-expr","locations":[{"start":{"line":107,"column":9},"end":{"line":107,"column":26}},{"start":{"line":108,"column":10},"end":{"line":117,"column":12}}],"line":107},"12":{"loc":{"start":{"line":122,"column":10},"end":{"line":122,"column":76}},"type":"if","locations":[{"start":{"line":122,"column":10},"end":{"line":122,"column":76}},{"start":{"line":122,"column":10},"end":{"line":122,"column":76}}],"line":122},"13":{"loc":{"start":{"line":122,"column":14},"end":{"line":122,"column":67}},"type":"binary-expr","locations":[{"start":{"line":122,"column":14},"end":{"line":122,"column":33}},{"start":{"line":122,"column":37},"end":{"line":122,"column":53}},{"start":{"line":122,"column":57},"end":{"line":122,"column":67}}],"line":122},"14":{"loc":{"start":{"line":129,"column":9},"end":{"line":163,"column":19}},"type":"cond-expr","locations":[{"start":{"line":130,"column":10},"end":{"line":148,"column":22}},{"start":{"line":149,"column":10},"end":{"line":163,"column":19}}],"line":129},"15":{"loc":{"start":{"line":151,"column":14},"end":{"line":161,"column":20}},"type":"binary-expr","locations":[{"start":{"line":151,"column":14},"end":{"line":151,"column":18}},{"start":{"line":152,"column":14},"end":{"line":161,"column":20}}],"line":151}},"s":{"0":3,"1":0,"2":0,"3":0,"4":0,"5":0,"6":0,"7":0,"8":0,"9":12,"10":12,"11":12,"12":12,"13":12,"14":11,"15":1,"16":1,"17":2,"18":0,"19":0,"20":0,"21":0,"22":0,"23":0,"24":0,"25":0,"26":0,"27":0,"28":0,"29":0,"30":0,"31":0},"f":{"0":0,"1":0,"2":12,"3":2,"4":0,"5":0,"6":0,"7":0,"8":0,"9":0,"10":0,"11":0,"12":0,"13":0,"14":0},"b":{"0":[0,0],"1":[0,0,0,0],"2":[0,0],"3":[0,0],"4":[0,0],"5":[0,0,0],"6":[0,0],"7":[0,0],"8":[11,1],"9":[12,1],"10":[0,0],"11":[1,0],"12":[0,0],"13":[0,0,0],"14":[1,0],"15":[0,0]},"_coverageSchema":"43e27e138ebf9cfc5966b082cf9a028302ed4184","hash":"7a7cb2e88256ca20416856f6d29ee9bb8bfbb435"}
,"/home/layik/code/tgve/eAtlas/src/components/ColourPicker.jsx": {"path":"/home/layik/code/tgve/eAtlas/src/components/ColourPicker.jsx","statementMap":{"0":{"start":{"line":5,"column":30},"end":{"line":5,"column":41}},"1":{"start":{"line":6,"column":29},"end":{"line":6,"column":34}},"2":{"start":{"line":7,"column":2},"end":{"line":30,"column":3}},"3":{"start":{"line":12,"column":12},"end":{"line":26,"column":13}},"4":{"start":{"line":22,"column":18},"end":{"line":22,"column":30}},"5":{"start":{"line":23,"column":18},"end":{"line":24,"column":40}}},"fnMap":{"0":{"name":"ColorPicker","decl":{"start":{"line":4,"column":24},"end":{"line":4,"column":35}},"loc":{"start":{"line":4,"column":43},"end":{"line":31,"column":1}},"line":4},"1":{"name":"(anonymous_1)","decl":{"start":{"line":11,"column":28},"end":{"line":11,"column":29}},"loc":{"start":{"line":11,"column":41},"end":{"line":27,"column":11}},"line":11},"2":{"name":"(anonymous_2)","decl":{"start":{"line":21,"column":25},"end":{"line":21,"column":26}},"loc":{"start":{"line":21,"column":31},"end":{"line":25,"column":17}},"line":21}},"branchMap":{"0":{"loc":{"start":{"line":16,"column":35},"end":{"line":18,"column":71}},"type":"cond-expr","locations":[{"start":{"line":16,"column":45},"end":{"line":16,"column":50}},{"start":{"line":17,"column":20},"end":{"line":18,"column":71}}],"line":16},"1":{"loc":{"start":{"line":17,"column":20},"end":{"line":18,"column":71}},"type":"cond-expr","locations":[{"start":{"line":17,"column":30},"end":{"line":17,"column":36}},{"start":{"line":17,"column":39},"end":{"line":18,"column":71}}],"line":17},"2":{"loc":{"start":{"line":17,"column":39},"end":{"line":18,"column":71}},"type":"cond-expr","locations":[{"start":{"line":17,"column":49},"end":{"line":17,"column":56}},{"start":{"line":18,"column":22},"end":{"line":18,"column":71}}],"line":17},"3":{"loc":{"start":{"line":18,"column":22},"end":{"line":18,"column":71}},"type":"cond-expr","locations":[{"start":{"line":18,"column":32},"end":{"line":18,"column":40}},{"start":{"line":18,"column":43},"end":{"line":18,"column":71}}],"line":18},"4":{"loc":{"start":{"line":18,"column":43},"end":{"line":18,"column":71}},"type":"cond-expr","locations":[{"start":{"line":18,"column":53},"end":{"line":18,"column":60}},{"start":{"line":18,"column":63},"end":{"line":18,"column":71}}],"line":18},"5":{"loc":{"start":{"line":20,"column":42},"end":{"line":20,"column":81}},"type":"cond-expr","locations":[{"start":{"line":20,"column":57},"end":{"line":20,"column":76}},{"start":{"line":20,"column":79},"end":{"line":20,"column":81}}],"line":20},"6":{"loc":{"start":{"line":23,"column":18},"end":{"line":24,"column":40}},"type":"binary-expr","locations":[{"start":{"line":23,"column":18},"end":{"line":23,"column":54}},{"start":{"line":24,"column":20},"end":{"line":24,"column":40}}],"line":23}},"s":{"0":1,"1":1,"2":1,"3":6,"4":1,"5":1},"f":{"0":1,"1":6,"2":1},"b":{"0":[1,5],"1":[1,4],"2":[1,3],"3":[1,2],"4":[1,1],"5":[1,5],"6":[1,1]},"_coverageSchema":"43e27e138ebf9cfc5966b082cf9a028302ed4184","hash":"cfac5fb4a15610b2a5b091d08e49828bd69b4e7b"}
,"/home/layik/code/tgve/eAtlas/src/components/DataInput.jsx": {"path":"/home/layik/code/tgve/eAtlas/src/components/DataInput.jsx","statementMap":{"0":{"start":{"line":32,"column":20},"end":{"line":32,"column":42}},"1":{"start":{"line":35,"column":28},"end":{"line":35,"column":49}},"2":{"start":{"line":36,"column":28},"end":{"line":36,"column":49}},"3":{"start":{"line":38,"column":38},"end":{"line":38,"column":43}},"4":{"start":{"line":40,"column":2},"end":{"line":105,"column":4}},"5":{"start":{"line":45,"column":10},"end":{"line":45,"column":51}},"6":{"start":{"line":49,"column":10},"end":{"line":49,"column":51}},"7":{"start":{"line":59,"column":14},"end":{"line":59,"column":55}},"8":{"start":{"line":60,"column":14},"end":{"line":61,"column":35}},"9":{"start":{"line":65,"column":12},"end":{"line":94,"column":13}},"10":{"start":{"line":67,"column":14},"end":{"line":74,"column":15}},"11":{"start":{"line":68,"column":29},"end":{"line":68,"column":45}},"12":{"start":{"line":69,"column":16},"end":{"line":70,"column":50}},"13":{"start":{"line":71,"column":18},"end":{"line":71,"column":59}},"14":{"start":{"line":73,"column":16},"end":{"line":73,"column":31}},"15":{"start":{"line":77,"column":14},"end":{"line":93,"column":17}},"16":{"start":{"line":78,"column":16},"end":{"line":92,"column":17}},"17":{"start":{"line":79,"column":18},"end":{"line":79,"column":59}},"18":{"start":{"line":80,"column":18},"end":{"line":81,"column":52}},"19":{"start":{"line":85,"column":34},"end":{"line":86,"column":47}},"20":{"start":{"line":87,"column":18},"end":{"line":91,"column":20}},"21":{"start":{"line":99,"column":12},"end":{"line":99,"column":27}},"22":{"start":{"line":100,"column":12},"end":{"line":100,"column":63}},"23":{"start":{"line":109,"column":2},"end":{"line":109,"column":53}},"24":{"start":{"line":110,"column":2},"end":{"line":110,"column":19}},"25":{"start":{"line":110,"column":15},"end":{"line":110,"column":17}}},"fnMap":{"0":{"name":"(anonymous_0)","decl":{"start":{"line":34,"column":15},"end":{"line":34,"column":16}},"loc":{"start":{"line":34,"column":32},"end":{"line":106,"column":1}},"line":34},"1":{"name":"(anonymous_1)","decl":{"start":{"line":44,"column":17},"end":{"line":44,"column":18}},"loc":{"start":{"line":44,"column":23},"end":{"line":46,"column":9}},"line":44},"2":{"name":"(anonymous_2)","decl":{"start":{"line":48,"column":17},"end":{"line":48,"column":18}},"loc":{"start":{"line":48,"column":23},"end":{"line":50,"column":9}},"line":48},"3":{"name":"(anonymous_3)","decl":{"start":{"line":58,"column":30},"end":{"line":58,"column":31}},"loc":{"start":{"line":58,"column":39},"end":{"line":62,"column":13}},"line":58},"4":{"name":"(anonymous_4)","decl":{"start":{"line":64,"column":33},"end":{"line":64,"column":34}},"loc":{"start":{"line":64,"column":53},"end":{"line":95,"column":11}},"line":64},"5":{"name":"(anonymous_5)","decl":{"start":{"line":77,"column":44},"end":{"line":77,"column":45}},"loc":{"start":{"line":77,"column":59},"end":{"line":93,"column":15}},"line":77},"6":{"name":"(anonymous_6)","decl":{"start":{"line":98,"column":32},"end":{"line":98,"column":33}},"loc":{"start":{"line":98,"column":38},"end":{"line":101,"column":11}},"line":98},"7":{"name":"toggleSelfAndParent","decl":{"start":{"line":108,"column":9},"end":{"line":108,"column":28}},"loc":{"start":{"line":108,"column":50},"end":{"line":111,"column":1}},"line":108},"8":{"name":"(anonymous_8)","decl":{"start":{"line":110,"column":10},"end":{"line":110,"column":11}},"loc":{"start":{"line":110,"column":15},"end":{"line":110,"column":17}},"line":110}},"branchMap":{"0":{"loc":{"start":{"line":60,"column":14},"end":{"line":61,"column":35}},"type":"binary-expr","locations":[{"start":{"line":60,"column":14},"end":{"line":60,"column":49}},{"start":{"line":61,"column":19},"end":{"line":61,"column":35}}],"line":60},"1":{"loc":{"start":{"line":65,"column":12},"end":{"line":94,"column":13}},"type":"if","locations":[{"start":{"line":65,"column":12},"end":{"line":94,"column":13}},{"start":{"line":65,"column":12},"end":{"line":94,"column":13}}],"line":65},"2":{"loc":{"start":{"line":65,"column":16},"end":{"line":66,"column":50}},"type":"binary-expr","locations":[{"start":{"line":65,"column":16},"end":{"line":65,"column":20}},{"start":{"line":65,"column":25},"end":{"line":65,"column":56}},{"start":{"line":66,"column":17},"end":{"line":66,"column":49}}],"line":65},"3":{"loc":{"start":{"line":69,"column":16},"end":{"line":70,"column":50}},"type":"binary-expr","locations":[{"start":{"line":69,"column":16},"end":{"line":69,"column":51}},{"start":{"line":70,"column":21},"end":{"line":70,"column":50}}],"line":69},"4":{"loc":{"start":{"line":78,"column":16},"end":{"line":92,"column":17}},"type":"if","locations":[{"start":{"line":78,"column":16},"end":{"line":92,"column":17}},{"start":{"line":78,"column":16},"end":{"line":92,"column":17}}],"line":78},"5":{"loc":{"start":{"line":80,"column":18},"end":{"line":81,"column":52}},"type":"binary-expr","locations":[{"start":{"line":80,"column":18},"end":{"line":80,"column":53}},{"start":{"line":81,"column":23},"end":{"line":81,"column":52}}],"line":80},"6":{"loc":{"start":{"line":85,"column":34},"end":{"line":86,"column":47}},"type":"binary-expr","locations":[{"start":{"line":85,"column":34},"end":{"line":85,"column":52}},{"start":{"line":86,"column":23},"end":{"line":86,"column":29}},{"start":{"line":86,"column":33},"end":{"line":86,"column":47}}],"line":85},"7":{"loc":{"start":{"line":90,"column":23},"end":{"line":90,"column":58}},"type":"cond-expr","locations":[{"start":{"line":90,"column":34},"end":{"line":90,"column":53}},{"start":{"line":90,"column":56},"end":{"line":90,"column":58}}],"line":90},"8":{"loc":{"start":{"line":100,"column":12},"end":{"line":100,"column":62}},"type":"binary-expr","locations":[{"start":{"line":100,"column":12},"end":{"line":100,"column":46}},{"start":{"line":100,"column":50},"end":{"line":100,"column":62}}],"line":100},"9":{"loc":{"start":{"line":109,"column":2},"end":{"line":109,"column":52}},"type":"binary-expr","locations":[{"start":{"line":109,"column":2},"end":{"line":109,"column":36}},{"start":{"line":109,"column":40},"end":{"line":109,"column":52}}],"line":109}},"s":{"0":3,"1":12,"2":12,"3":12,"4":12,"5":0,"6":0,"7":0,"8":0,"9":0,"10":0,"11":0,"12":0,"13":0,"14":0,"15":0,"16":0,"17":0,"18":0,"19":0,"20":0,"21":0,"22":0,"23":0,"24":0,"25":0},"f":{"0":12,"1":0,"2":0,"3":0,"4":0,"5":0,"6":0,"7":0,"8":0},"b":{"0":[0,0],"1":[0,0],"2":[0,0,0],"3":[0,0],"4":[0,0],"5":[0,0],"6":[0,0,0],"7":[0,0],"8":[0,0],"9":[0,0]},"_coverageSchema":"43e27e138ebf9cfc5966b082cf9a028302ed4184","hash":"6aed0bcfb247b7ed4644c015c78f53bf1a83dffa"}
,"/home/layik/code/tgve/eAtlas/src/components/DnDList.jsx": {"path":"/home/layik/code/tgve/eAtlas/src/components/DnDList.jsx","statementMap":{"0":{"start":{"line":9,"column":28},"end":{"line":9,"column":60}},"1":{"start":{"line":10,"column":2},"end":{"line":10,"column":68}},"2":{"start":{"line":10,"column":56},"end":{"line":10,"column":68}},"3":{"start":{"line":11,"column":2},"end":{"line":22,"column":4}},"4":{"start":{"line":15,"column":8},"end":{"line":19,"column":9}}},"fnMap":{"0":{"name":"(anonymous_0)","decl":{"start":{"line":8,"column":15},"end":{"line":8,"column":16}},"loc":{"start":{"line":8,"column":26},"end":{"line":23,"column":1}},"line":8},"1":{"name":"(anonymous_1)","decl":{"start":{"line":14,"column":16},"end":{"line":14,"column":17}},"loc":{"start":{"line":15,"column":8},"end":{"line":19,"column":9}},"line":15}},"branchMap":{"0":{"loc":{"start":{"line":9,"column":43},"end":{"line":9,"column":59}},"type":"binary-expr","locations":[{"start":{"line":9,"column":43},"end":{"line":9,"column":53}},{"start":{"line":9,"column":57},"end":{"line":9,"column":59}}],"line":9},"1":{"loc":{"start":{"line":10,"column":2},"end":{"line":10,"column":68}},"type":"if","locations":[{"start":{"line":10,"column":2},"end":{"line":10,"column":68}},{"start":{"line":10,"column":2},"end":{"line":10,"column":68}}],"line":10},"2":{"loc":{"start":{"line":10,"column":6},"end":{"line":10,"column":54}},"type":"binary-expr","locations":[{"start":{"line":10,"column":6},"end":{"line":10,"column":32}},{"start":{"line":10,"column":36},"end":{"line":10,"column":54}}],"line":10},"3":{"loc":{"start":{"line":16,"column":10},"end":{"line":18,"column":50}},"type":"cond-expr","locations":[{"start":{"line":17,"column":14},"end":{"line":17,"column":42}},{"start":{"line":18,"column":14},"end":{"line":18,"column":50}}],"line":16}},"s":{"0":0,"1":0,"2":0,"3":0,"4":0},"f":{"0":0,"1":0},"b":{"0":[0,0],"1":[0,0],"2":[0,0],"3":[0,0]},"hash":"9b9f91efe0fb51113372014fe22e749f679e33d1"}
,"/home/layik/code/tgve/eAtlas/src/components/DynamicImport.jsx": {"path":"/home/layik/code/tgve/eAtlas/src/components/DynamicImport.jsx","statementMap":{"0":{"start":{"line":6,"column":4},"end":{"line":6,"column":17}},"1":{"start":{"line":7,"column":4},"end":{"line":9,"column":5}},"2":{"start":{"line":12,"column":4},"end":{"line":17,"column":8}},"3":{"start":{"line":14,"column":8},"end":{"line":16,"column":11}},"4":{"start":{"line":14,"column":29},"end":{"line":16,"column":9}},"5":{"start":{"line":20,"column":4},"end":{"line":20,"column":52}}},"fnMap":{"0":{"name":"(anonymous_0)","decl":{"start":{"line":5,"column":2},"end":{"line":5,"column":3}},"loc":{"start":{"line":5,"column":21},"end":{"line":10,"column":3}},"line":5},"1":{"name":"(anonymous_1)","decl":{"start":{"line":11,"column":2},"end":{"line":11,"column":3}},"loc":{"start":{"line":11,"column":23},"end":{"line":18,"column":3}},"line":11},"2":{"name":"(anonymous_2)","decl":{"start":{"line":13,"column":12},"end":{"line":13,"column":13}},"loc":{"start":{"line":13,"column":27},"end":{"line":17,"column":7}},"line":13},"3":{"name":"(anonymous_3)","decl":{"start":{"line":14,"column":22},"end":{"line":14,"column":23}},"loc":{"start":{"line":14,"column":29},"end":{"line":16,"column":9}},"line":14},"4":{"name":"(anonymous_4)","decl":{"start":{"line":19,"column":2},"end":{"line":19,"column":3}},"loc":{"start":{"line":19,"column":11},"end":{"line":21,"column":3}},"line":19}},"branchMap":{"0":{"loc":{"start":{"line":15,"column":21},"end":{"line":15,"column":70}},"type":"cond-expr","locations":[{"start":{"line":15,"column":41},"end":{"line":15,"column":58}},{"start":{"line":15,"column":61},"end":{"line":15,"column":70}}],"line":15}},"s":{"0":0,"1":0,"2":0,"3":0,"4":0,"5":0},"f":{"0":0,"1":0,"2":0,"3":0,"4":0},"b":{"0":[0,0]},"hash":"858fa063407b3db762bb3801e0529aa035204fda"}
,"/home/layik/code/tgve/eAtlas/src/components/File.jsx": {"path":"/home/layik/code/tgve/eAtlas/src/components/File.jsx","statementMap":{"0":{"start":{"line":6,"column":4},"end":{"line":6,"column":17}},"1":{"start":{"line":7,"column":4},"end":{"line":9,"column":5}},"2":{"start":{"line":10,"column":4},"end":{"line":10,"column":39}},"3":{"start":{"line":11,"column":4},"end":{"line":11,"column":48}},"4":{"start":{"line":12,"column":4},"end":{"line":12,"column":54}},"5":{"start":{"line":16,"column":32},"end":{"line":16,"column":42}},"6":{"start":{"line":17,"column":21},"end":{"line":17,"column":29}},"7":{"start":{"line":18,"column":17},"end":{"line":18,"column":33}},"8":{"start":{"line":20,"column":4},"end":{"line":35,"column":5}},"9":{"start":{"line":22,"column":21},"end":{"line":22,"column":37}},"10":{"start":{"line":23,"column":6},"end":{"line":29,"column":7}},"11":{"start":{"line":24,"column":8},"end":{"line":24,"column":47}},"12":{"start":{"line":25,"column":8},"end":{"line":25,"column":21}},"13":{"start":{"line":26,"column":21},"end":{"line":26,"column":34}},"14":{"start":{"line":27,"column":8},"end":{"line":28,"column":52}},"15":{"start":{"line":30,"column":6},"end":{"line":30,"column":30}},"16":{"start":{"line":32,"column":6},"end":{"line":32,"column":45}},"17":{"start":{"line":33,"column":6},"end":{"line":33,"column":19}},"18":{"start":{"line":34,"column":6},"end":{"line":34,"column":40}},"19":{"start":{"line":37,"column":4},"end":{"line":37,"column":25}},"20":{"start":{"line":43,"column":4},"end":{"line":49,"column":12}},"21":{"start":{"line":44,"column":6},"end":{"line":48,"column":7}},"22":{"start":{"line":45,"column":8},"end":{"line":45,"column":21}},"23":{"start":{"line":47,"column":8},"end":{"line":47,"column":74}},"24":{"start":{"line":54,"column":4},"end":{"line":54,"column":35}},"25":{"start":{"line":55,"column":4},"end":{"line":55,"column":41}},"26":{"start":{"line":59,"column":4},"end":{"line":71,"column":6}}},"fnMap":{"0":{"name":"(anonymous_0)","decl":{"start":{"line":5,"column":2},"end":{"line":5,"column":3}},"loc":{"start":{"line":5,"column":21},"end":{"line":13,"column":3}},"line":5},"1":{"name":"(anonymous_1)","decl":{"start":{"line":15,"column":2},"end":{"line":15,"column":3}},"loc":{"start":{"line":15,"column":44},"end":{"line":38,"column":3}},"line":15},"2":{"name":"(anonymous_2)","decl":{"start":{"line":23,"column":22},"end":{"line":23,"column":23}},"loc":{"start":{"line":23,"column":29},"end":{"line":29,"column":7}},"line":23},"3":{"name":"(anonymous_3)","decl":{"start":{"line":42,"column":2},"end":{"line":42,"column":3}},"loc":{"start":{"line":42,"column":19},"end":{"line":50,"column":3}},"line":42},"4":{"name":"(anonymous_4)","decl":{"start":{"line":43,"column":34},"end":{"line":43,"column":35}},"loc":{"start":{"line":43,"column":40},"end":{"line":49,"column":5}},"line":43},"5":{"name":"(anonymous_5)","decl":{"start":{"line":53,"column":2},"end":{"line":53,"column":3}},"loc":{"start":{"line":53,"column":11},"end":{"line":56,"column":3}},"line":53},"6":{"name":"(anonymous_6)","decl":{"start":{"line":58,"column":2},"end":{"line":58,"column":3}},"loc":{"start":{"line":58,"column":11},"end":{"line":72,"column":3}},"line":58}},"branchMap":{"0":{"loc":{"start":{"line":20,"column":4},"end":{"line":35,"column":5}},"type":"if","locations":[{"start":{"line":20,"column":4},"end":{"line":35,"column":5}},{"start":{"line":20,"column":4},"end":{"line":35,"column":5}}],"line":20},"1":{"loc":{"start":{"line":20,"column":8},"end":{"line":21,"column":30}},"type":"binary-expr","locations":[{"start":{"line":20,"column":8},"end":{"line":20,"column":18}},{"start":{"line":20,"column":22},"end":{"line":20,"column":47}},{"start":{"line":20,"column":51},"end":{"line":20,"column":73}},{"start":{"line":21,"column":7},"end":{"line":21,"column":30}}],"line":20},"2":{"loc":{"start":{"line":27,"column":8},"end":{"line":28,"column":52}},"type":"binary-expr","locations":[{"start":{"line":27,"column":8},"end":{"line":27,"column":47}},{"start":{"line":28,"column":10},"end":{"line":28,"column":52}}],"line":27},"3":{"loc":{"start":{"line":44,"column":6},"end":{"line":48,"column":7}},"type":"if","locations":[{"start":{"line":44,"column":6},"end":{"line":48,"column":7}},{"start":{"line":44,"column":6},"end":{"line":48,"column":7}}],"line":44},"4":{"loc":{"start":{"line":66,"column":12},"end":{"line":67,"column":64}},"type":"binary-expr","locations":[{"start":{"line":66,"column":12},"end":{"line":66,"column":37}},{"start":{"line":67,"column":12},"end":{"line":67,"column":64}}],"line":66}},"s":{"0":0,"1":0,"2":0,"3":0,"4":0,"5":0,"6":0,"7":0,"8":0,"9":0,"10":0,"11":0,"12":0,"13":0,"14":0,"15":0,"16":0,"17":0,"18":0,"19":0,"20":0,"21":0,"22":0,"23":0,"24":0,"25":0,"26":0},"f":{"0":0,"1":0,"2":0,"3":0,"4":0,"5":0,"6":0},"b":{"0":[0,0],"1":[0,0,0,0],"2":[0,0],"3":[0,0],"4":[0,0]},"_coverageSchema":"43e27e138ebf9cfc5966b082cf9a028302ed4184","hash":"34fe6bad6dd66641acc4391b1623d475c6c40dae"}
,"/home/layik/code/tgve/eAtlas/src/components/MapboxBaseLayers.jsx": {"path":"/home/layik/code/tgve/eAtlas/src/components/MapboxBaseLayers.jsx","statementMap":{"0":{"start":{"line":4,"column":28},"end":{"line":4,"column":69}},"1":{"start":{"line":8,"column":4},"end":{"line":8,"column":16}},"2":{"start":{"line":9,"column":4},"end":{"line":19,"column":5}},"3":{"start":{"line":23,"column":32},"end":{"line":23,"column":42}},"4":{"start":{"line":24,"column":39},"end":{"line":24,"column":49}},"5":{"start":{"line":26,"column":4},"end":{"line":42,"column":5}},"6":{"start":{"line":32,"column":26},"end":{"line":32,"column":45}},"7":{"start":{"line":35,"column":10},"end":{"line":39,"column":11}},"8":{"start":{"line":36,"column":12},"end":{"line":36,"column":59}},"9":{"start":{"line":37,"column":12},"end":{"line":38,"column":49}}},"fnMap":{"0":{"name":"(anonymous_0)","decl":{"start":{"line":7,"column":2},"end":{"line":7,"column":3}},"loc":{"start":{"line":7,"column":21},"end":{"line":20,"column":3}},"line":7},"1":{"name":"(anonymous_1)","decl":{"start":{"line":22,"column":2},"end":{"line":22,"column":3}},"loc":{"start":{"line":22,"column":11},"end":{"line":43,"column":3}},"line":22},"2":{"name":"(anonymous_2)","decl":{"start":{"line":32,"column":20},"end":{"line":32,"column":21}},"loc":{"start":{"line":32,"column":26},"end":{"line":32,"column":45}},"line":32},"3":{"name":"(anonymous_3)","decl":{"start":{"line":34,"column":26},"end":{"line":34,"column":27}},"loc":{"start":{"line":34,"column":40},"end":{"line":40,"column":9}},"line":34}},"branchMap":{"0":{"loc":{"start":{"line":10,"column":31},"end":{"line":17,"column":44}},"type":"cond-expr","locations":[{"start":{"line":10,"column":53},"end":{"line":17,"column":7}},{"start":{"line":17,"column":10},"end":{"line":17,"column":44}}],"line":10},"1":{"loc":{"start":{"line":18,"column":16},"end":{"line":18,"column":47}},"type":"cond-expr","locations":[{"start":{"line":18,"column":29},"end":{"line":18,"column":35}},{"start":{"line":18,"column":38},"end":{"line":18,"column":47}}],"line":18},"2":{"loc":{"start":{"line":28,"column":15},"end":{"line":29,"column":47}},"type":"cond-expr","locations":[{"start":{"line":28,"column":37},"end":{"line":28,"column":52}},{"start":{"line":29,"column":10},"end":{"line":29,"column":47}}],"line":28},"3":{"loc":{"start":{"line":29,"column":10},"end":{"line":29,"column":47}},"type":"cond-expr","locations":[{"start":{"line":29,"column":18},"end":{"line":29,"column":36}},{"start":{"line":29,"column":39},"end":{"line":29,"column":47}}],"line":29},"4":{"loc":{"start":{"line":35,"column":10},"end":{"line":39,"column":11}},"type":"if","locations":[{"start":{"line":35,"column":10},"end":{"line":39,"column":11}},{"start":{"line":35,"column":10},"end":{"line":39,"column":11}}],"line":35},"5":{"loc":{"start":{"line":35,"column":14},"end":{"line":35,"column":41}},"type":"binary-expr","locations":[{"start":{"line":35,"column":14},"end":{"line":35,"column":22}},{"start":{"line":35,"column":26},"end":{"line":35,"column":41}}],"line":35},"6":{"loc":{"start":{"line":37,"column":12},"end":{"line":38,"column":49}},"type":"binary-expr","locations":[{"start":{"line":37,"column":12},"end":{"line":37,"column":52}},{"start":{"line":38,"column":14},"end":{"line":38,"column":49}}],"line":37}},"s":{"0":3,"1":0,"2":0,"3":0,"4":0,"5":0,"6":0,"7":0,"8":0,"9":0},"f":{"0":0,"1":0,"2":0,"3":0},"b":{"0":[0,0],"1":[0,0],"2":[0,0],"3":[0,0],"4":[0,0],"5":[0,0],"6":[0,0]},"_coverageSchema":"43e27e138ebf9cfc5966b082cf9a028302ed4184","hash":"a924bfcde00aa8ff9072d285ee747c6f808a7cd2"}
,"/home/layik/code/tgve/eAtlas/src/components/Modal.jsx": {"path":"/home/layik/code/tgve/eAtlas/src/components/Modal.jsx","statementMap":{"0":{"start":{"line":11,"column":26},"end":{"line":11,"column":47}},"1":{"start":{"line":12,"column":51},"end":{"line":12,"column":56}},"2":{"start":{"line":14,"column":2},"end":{"line":46,"column":4}},"3":{"start":{"line":23,"column":10},"end":{"line":23,"column":59}},"4":{"start":{"line":24,"column":10},"end":{"line":24,"column":24}},"5":{"start":{"line":29,"column":10},"end":{"line":29,"column":60}},"6":{"start":{"line":30,"column":10},"end":{"line":30,"column":25}},"7":{"start":{"line":40,"column":14},"end":{"line":40,"column":29}},"8":{"start":{"line":41,"column":14},"end":{"line":41,"column":65}}},"fnMap":{"0":{"name":"(anonymous_0)","decl":{"start":{"line":10,"column":15},"end":{"line":10,"column":16}},"loc":{"start":{"line":10,"column":26},"end":{"line":47,"column":1}},"line":10},"1":{"name":"(anonymous_1)","decl":{"start":{"line":22,"column":17},"end":{"line":22,"column":18}},"loc":{"start":{"line":22,"column":23},"end":{"line":25,"column":9}},"line":22},"2":{"name":"(anonymous_2)","decl":{"start":{"line":28,"column":17},"end":{"line":28,"column":18}},"loc":{"start":{"line":28,"column":23},"end":{"line":31,"column":9}},"line":28},"3":{"name":"(anonymous_3)","decl":{"start":{"line":39,"column":21},"end":{"line":39,"column":22}},"loc":{"start":{"line":39,"column":27},"end":{"line":42,"column":13}},"line":39}},"branchMap":{"0":{"loc":{"start":{"line":23,"column":10},"end":{"line":23,"column":58}},"type":"binary-expr","locations":[{"start":{"line":23,"column":10},"end":{"line":23,"column":42}},{"start":{"line":23,"column":46},"end":{"line":23,"column":58}}],"line":23},"1":{"loc":{"start":{"line":26,"column":19},"end":{"line":26,"column":42}},"type":"binary-expr","locations":[{"start":{"line":26,"column":19},"end":{"line":26,"column":25}},{"start":{"line":26,"column":29},"end":{"line":26,"column":42}}],"line":26},"2":{"loc":{"start":{"line":29,"column":10},"end":{"line":29,"column":60}},"type":"binary-expr","locations":[{"start":{"line":29,"column":10},"end":{"line":29,"column":44}},{"start":{"line":29,"column":48},"end":{"line":29,"column":60}}],"line":29},"3":{"loc":{"start":{"line":41,"column":14},"end":{"line":41,"column":64}},"type":"binary-expr","locations":[{"start":{"line":41,"column":14},"end":{"line":41,"column":48}},{"start":{"line":41,"column":52},"end":{"line":41,"column":64}}],"line":41}},"s":{"0":1,"1":1,"2":1,"3":0,"4":0,"5":0,"6":0,"7":0,"8":0},"f":{"0":1,"1":0,"2":0,"3":0},"b":{"0":[0,0],"1":[1,1],"2":[0,0],"3":[0,0]},"_coverageSchema":"43e27e138ebf9cfc5966b082cf9a028302ed4184","hash":"3ea03d983fe327ef3714ead7b6a0902623323f53"}
,"/home/layik/code/tgve/eAtlas/src/components/MultiSelect.jsx": {"path":"/home/layik/code/tgve/eAtlas/src/components/MultiSelect.jsx","statementMap":{"0":{"start":{"line":5,"column":28},"end":{"line":5,"column":40}},"1":{"start":{"line":7,"column":22},"end":{"line":7,"column":27}},"2":{"start":{"line":8,"column":2},"end":{"line":33,"column":4}},"3":{"start":{"line":18,"column":8},"end":{"line":18,"column":24}},"4":{"start":{"line":19,"column":8},"end":{"line":29,"column":9}},"5":{"start":{"line":20,"column":10},"end":{"line":22,"column":70}},"6":{"start":{"line":22,"column":60},"end":{"line":22,"column":67}},"7":{"start":{"line":23,"column":10},"end":{"line":25,"column":74}},"8":{"start":{"line":27,"column":10},"end":{"line":28,"column":33}}},"fnMap":{"0":{"name":"(anonymous_0)","decl":{"start":{"line":4,"column":15},"end":{"line":4,"column":16}},"loc":{"start":{"line":4,"column":26},"end":{"line":34,"column":1}},"line":4},"1":{"name":"(anonymous_1)","decl":{"start":{"line":17,"column":16},"end":{"line":17,"column":17}},"loc":{"start":{"line":17,"column":31},"end":{"line":30,"column":7}},"line":17},"2":{"name":"(anonymous_2)","decl":{"start":{"line":22,"column":55},"end":{"line":22,"column":56}},"loc":{"start":{"line":22,"column":60},"end":{"line":22,"column":67}},"line":22}},"branchMap":{"0":{"loc":{"start":{"line":13,"column":19},"end":{"line":13,"column":36}},"type":"binary-expr","locations":[{"start":{"line":13,"column":19},"end":{"line":13,"column":24}},{"start":{"line":13,"column":28},"end":{"line":13,"column":36}}],"line":13},"1":{"loc":{"start":{"line":19,"column":8},"end":{"line":29,"column":9}},"type":"if","locations":[{"start":{"line":19,"column":8},"end":{"line":29,"column":9}},{"start":{"line":19,"column":8},"end":{"line":29,"column":9}}],"line":19},"2":{"loc":{"start":{"line":20,"column":10},"end":{"line":22,"column":69}},"type":"cond-expr","locations":[{"start":{"line":20,"column":44},"end":{"line":20,"column":73}},{"start":{"line":22,"column":12},"end":{"line":22,"column":69}}],"line":20},"3":{"loc":{"start":{"line":23,"column":10},"end":{"line":25,"column":73}},"type":"binary-expr","locations":[{"start":{"line":23,"column":10},"end":{"line":23,"column":48}},{"start":{"line":24,"column":12},"end":{"line":25,"column":73}}],"line":23},"4":{"loc":{"start":{"line":24,"column":29},"end":{"line":25,"column":72}},"type":"cond-expr","locations":[{"start":{"line":25,"column":14},"end":{"line":25,"column":26}},{"start":{"line":25,"column":29},"end":{"line":25,"column":72}}],"line":24},"5":{"loc":{"start":{"line":27,"column":10},"end":{"line":28,"column":33}},"type":"binary-expr","locations":[{"start":{"line":27,"column":10},"end":{"line":27,"column":48}},{"start":{"line":28,"column":10},"end":{"line":28,"column":33}}],"line":27},"6":{"loc":{"start":{"line":31,"column":13},"end":{"line":31,"column":33}},"type":"binary-expr","locations":[{"start":{"line":31,"column":13},"end":{"line":31,"column":24}},{"start":{"line":31,"column":28},"end":{"line":31,"column":33}}],"line":31}},"s":{"0":5,"1":5,"2":5,"3":0,"4":0,"5":0,"6":0,"7":0,"8":0},"f":{"0":5,"1":0,"2":0},"b":{"0":[5,0],"1":[0,0],"2":[0,0],"3":[0,0],"4":[0,0],"5":[0,0],"6":[5,4]},"_coverageSchema":"43e27e138ebf9cfc5966b082cf9a028302ed4184","hash":"220ad38221fe05858080643f4a3b574041667dcb"}
,"/home/layik/code/tgve/eAtlas/src/components/RBAlert.jsx": {"path":"/home/layik/code/tgve/eAtlas/src/components/RBAlert.jsx","statementMap":{"0":{"start":{"line":5,"column":2},"end":{"line":7,"column":19}},"1":{"start":{"line":8,"column":2},"end":{"line":8,"column":30}},"2":{"start":{"line":8,"column":19},"end":{"line":8,"column":30}},"3":{"start":{"line":10,"column":2},"end":{"line":22,"column":4}},"4":{"start":{"line":14,"column":22},"end":{"line":16,"column":9}},"5":{"start":{"line":20,"column":13},"end":{"line":20,"column":32}}},"fnMap":{"0":{"name":"(anonymous_0)","decl":{"start":{"line":4,"column":15},"end":{"line":4,"column":16}},"loc":{"start":{"line":4,"column":26},"end":{"line":23,"column":1}},"line":4},"1":{"name":"(anonymous_1)","decl":{"start":{"line":5,"column":18},"end":{"line":5,"column":19}},"loc":{"start":{"line":5,"column":24},"end":{"line":7,"column":3}},"line":5},"2":{"name":"(anonymous_2)","decl":{"start":{"line":14,"column":15},"end":{"line":14,"column":16}},"loc":{"start":{"line":14,"column":22},"end":{"line":16,"column":9}},"line":14},"3":{"name":"(anonymous_3)","decl":{"start":{"line":20,"column":7},"end":{"line":20,"column":8}},"loc":{"start":{"line":20,"column":13},"end":{"line":20,"column":32}},"line":20}},"branchMap":{"0":{"loc":{"start":{"line":8,"column":2},"end":{"line":8,"column":30}},"type":"if","locations":[{"start":{"line":8,"column":2},"end":{"line":8,"column":30}},{"start":{"line":8,"column":2},"end":{"line":8,"column":30}}],"line":8},"1":{"loc":{"start":{"line":18,"column":12},"end":{"line":18,"column":44}},"type":"binary-expr","locations":[{"start":{"line":18,"column":12},"end":{"line":18,"column":28}},{"start":{"line":18,"column":32},"end":{"line":18,"column":44}}],"line":18}},"s":{"0":13,"1":13,"2":12,"3":1,"4":1,"5":1},"f":{"0":13,"1":13,"2":1,"3":1},"b":{"0":[12,1],"1":[1,1]},"_coverageSchema":"43e27e138ebf9cfc5966b082cf9a028302ed4184","hash":"02ea50a4cb524d0c72a5f6d788176504ddd2eb09"}
,"/home/layik/code/tgve/eAtlas/src/components/Table.jsx": {"path":"/home/layik/code/tgve/eAtlas/src/components/Table.jsx","statementMap":{"0":{"start":{"line":8,"column":40},"end":{"line":8,"column":57}},"1":{"start":{"line":10,"column":19},"end":{"line":10,"column":24}},"2":{"start":{"line":11,"column":2},"end":{"line":11,"column":45}},"3":{"start":{"line":11,"column":34},"end":{"line":11,"column":45}},"4":{"start":{"line":12,"column":19},"end":{"line":12,"column":47}},"5":{"start":{"line":14,"column":18},"end":{"line":15,"column":32}},"6":{"start":{"line":15,"column":17},"end":{"line":15,"column":31}},"7":{"start":{"line":17,"column":15},"end":{"line":19,"column":29}},"8":{"start":{"line":18,"column":20},"end":{"line":19,"column":28}},"9":{"start":{"line":19,"column":6},"end":{"line":19,"column":27}},"10":{"start":{"line":21,"column":2},"end":{"line":40,"column":3}},"11":{"start":{"line":27,"column":10},"end":{"line":27,"column":68}},"12":{"start":{"line":36,"column":10},"end":{"line":36,"column":68}}},"fnMap":{"0":{"name":"DataTable","decl":{"start":{"line":7,"column":24},"end":{"line":7,"column":33}},"loc":{"start":{"line":7,"column":41},"end":{"line":41,"column":1}},"line":7},"1":{"name":"(anonymous_1)","decl":{"start":{"line":15,"column":9},"end":{"line":15,"column":10}},"loc":{"start":{"line":15,"column":17},"end":{"line":15,"column":31}},"line":15},"2":{"name":"(anonymous_2)","decl":{"start":{"line":18,"column":9},"end":{"line":18,"column":10}},"loc":{"start":{"line":18,"column":20},"end":{"line":19,"column":28}},"line":18},"3":{"name":"(anonymous_3)","decl":{"start":{"line":18,"column":56},"end":{"line":18,"column":57}},"loc":{"start":{"line":19,"column":6},"end":{"line":19,"column":27}},"line":19},"4":{"name":"(anonymous_4)","decl":{"start":{"line":26,"column":22},"end":{"line":26,"column":23}},"loc":{"start":{"line":26,"column":40},"end":{"line":28,"column":9}},"line":26},"5":{"name":"(anonymous_5)","decl":{"start":{"line":35,"column":22},"end":{"line":35,"column":23}},"loc":{"start":{"line":35,"column":40},"end":{"line":37,"column":9}},"line":35}},"branchMap":{"0":{"loc":{"start":{"line":11,"column":2},"end":{"line":11,"column":45}},"type":"if","locations":[{"start":{"line":11,"column":2},"end":{"line":11,"column":45}},{"start":{"line":11,"column":2},"end":{"line":11,"column":45}}],"line":11},"1":{"loc":{"start":{"line":11,"column":6},"end":{"line":11,"column":32}},"type":"binary-expr","locations":[{"start":{"line":11,"column":6},"end":{"line":11,"column":11}},{"start":{"line":11,"column":15},"end":{"line":11,"column":32}}],"line":11}},"s":{"0":3,"1":3,"2":3,"3":1,"4":2,"5":2,"6":18,"7":2,"8":10,"9":90,"10":2,"11":1,"12":0},"f":{"0":3,"1":18,"2":10,"3":90,"4":1,"5":0},"b":{"0":[1,2],"1":[3,2]},"_coverageSchema":"43e27e138ebf9cfc5966b082cf9a028302ed4184","hash":"ac7d119fb3ba0ef612aa7e032a8a19b2136b8aee"}
,"/home/layik/code/tgve/eAtlas/src/components/TreeMap.jsx": {"path":"/home/layik/code/tgve/eAtlas/src/components/TreeMap.jsx","statementMap":{"0":{"start":{"line":6,"column":24},"end":{"line":6,"column":50}},"1":{"start":{"line":8,"column":10},"end":{"line":8,"column":16}},"2":{"start":{"line":28,"column":40},"end":{"line":28,"column":55}},"3":{"start":{"line":29,"column":37},"end":{"line":29,"column":42}},"4":{"start":{"line":31,"column":20},"end":{"line":46,"column":3}},"5":{"start":{"line":37,"column":26},"end":{"line":37,"column":60}},"6":{"start":{"line":38,"column":26},"end":{"line":38,"column":64}},"7":{"start":{"line":41,"column":19},"end":{"line":41,"column":25}},"8":{"start":{"line":48,"column":2},"end":{"line":48,"column":45}},"9":{"start":{"line":48,"column":33},"end":{"line":48,"column":45}},"10":{"start":{"line":49,"column":2},"end":{"line":55,"column":3}}},"fnMap":{"0":{"name":"TreeMap","decl":{"start":{"line":27,"column":24},"end":{"line":27,"column":31}},"loc":{"start":{"line":27,"column":39},"end":{"line":56,"column":1}},"line":27},"1":{"name":"(anonymous_1)","decl":{"start":{"line":37,"column":21},"end":{"line":37,"column":22}},"loc":{"start":{"line":37,"column":26},"end":{"line":37,"column":60}},"line":37},"2":{"name":"(anonymous_2)","decl":{"start":{"line":38,"column":20},"end":{"line":38,"column":21}},"loc":{"start":{"line":38,"column":26},"end":{"line":38,"column":64}},"line":38},"3":{"name":"(anonymous_3)","decl":{"start":{"line":41,"column":14},"end":{"line":41,"column":15}},"loc":{"start":{"line":41,"column":19},"end":{"line":41,"column":25}},"line":41}},"branchMap":{"0":{"loc":{"start":{"line":44,"column":11},"end":{"line":44,"column":49}},"type":"binary-expr","locations":[{"start":{"line":44,"column":11},"end":{"line":44,"column":20}},{"start":{"line":44,"column":24},"end":{"line":44,"column":39}},{"start":{"line":44,"column":43},"end":{"line":44,"column":49}}],"line":44},"1":{"loc":{"start":{"line":45,"column":12},"end":{"line":45,"column":46}},"type":"binary-expr","locations":[{"start":{"line":45,"column":12},"end":{"line":45,"column":21}},{"start":{"line":45,"column":25},"end":{"line":45,"column":41}},{"start":{"line":45,"column":45},"end":{"line":45,"column":46}}],"line":45},"2":{"loc":{"start":{"line":48,"column":2},"end":{"line":48,"column":45}},"type":"if","locations":[{"start":{"line":48,"column":2},"end":{"line":48,"column":45}},{"start":{"line":48,"column":2},"end":{"line":48,"column":45}}],"line":48},"3":{"loc":{"start":{"line":48,"column":5},"end":{"line":48,"column":31}},"type":"binary-expr","locations":[{"start":{"line":48,"column":5},"end":{"line":48,"column":10}},{"start":{"line":48,"column":14},"end":{"line":48,"column":31}}],"line":48},"4":{"loc":{"start":{"line":53,"column":9},"end":{"line":53,"column":41}},"type":"binary-expr","locations":[{"start":{"line":53,"column":9},"end":{"line":53,"column":20}},{"start":{"line":53,"column":24},"end":{"line":53,"column":41}}],"line":53}},"s":{"0":3,"1":3,"2":0,"3":0,"4":0,"5":0,"6":0,"7":0,"8":0,"9":0,"10":0},"f":{"0":0,"1":0,"2":0,"3":0},"b":{"0":[0,0,0],"1":[0,0,0],"2":[0,0],"3":[0,0],"4":[0,0]},"_coverageSchema":"43e27e138ebf9cfc5966b082cf9a028302ed4184","hash":"11771702d74b21abfc82108ef937a886644ea462"}
,"/home/layik/code/tgve/eAtlas/src/components/UI.js": {"path":"/home/layik/code/tgve/eAtlas/src/components/UI.js","statementMap":{"0":{"start":{"line":15,"column":4},"end":{"line":15,"column":17}},"1":{"start":{"line":16,"column":4},"end":{"line":18,"column":5}},"2":{"start":{"line":24,"column":8},"end":{"line":24,"column":18}},"3":{"start":{"line":25,"column":4},"end":{"line":25,"column":64}},"4":{"start":{"line":25,"column":52},"end":{"line":25,"column":64}},"5":{"start":{"line":26,"column":23},"end":{"line":26,"column":40}},"6":{"start":{"line":27,"column":20},"end":{"line":27,"column":67}},"7":{"start":{"line":28,"column":22},"end":{"line":28,"column":26}},"8":{"start":{"line":29,"column":4},"end":{"line":93,"column":5}},"9":{"start":{"line":30,"column":6},"end":{"line":48,"column":9}},"10":{"start":{"line":34,"column":12},"end":{"line":45,"column":23}},"11":{"start":{"line":39,"column":16},"end":{"line":39,"column":46}},"12":{"start":{"line":40,"column":16},"end":{"line":42,"column":18}},"13":{"start":{"line":49,"column":11},"end":{"line":93,"column":5}},"14":{"start":{"line":50,"column":16},"end":{"line":50,"column":23}},"15":{"start":{"line":51,"column":6},"end":{"line":64,"column":11}},"16":{"start":{"line":59,"column":14},"end":{"line":59,"column":39}},"17":{"start":{"line":60,"column":14},"end":{"line":60,"column":68}},"18":{"start":{"line":65,"column":11},"end":{"line":93,"column":5}},"19":{"start":{"line":66,"column":6},"end":{"line":82,"column":9}},"20":{"start":{"line":73,"column":14},"end":{"line":78,"column":23}},"21":{"start":{"line":76,"column":32},"end":{"line":76,"column":59}},"22":{"start":{"line":84,"column":6},"end":{"line":92,"column":8}},"23":{"start":{"line":85,"column":38},"end":{"line":85,"column":50}},"24":{"start":{"line":90,"column":10},"end":{"line":90,"column":67}},"25":{"start":{"line":94,"column":4},"end":{"line":94,"column":22}}},"fnMap":{"0":{"name":"(anonymous_0)","decl":{"start":{"line":14,"column":2},"end":{"line":14,"column":3}},"loc":{"start":{"line":14,"column":21},"end":{"line":19,"column":3}},"line":14},"1":{"name":"(anonymous_1)","decl":{"start":{"line":21,"column":2},"end":{"line":21,"column":3}},"loc":{"start":{"line":21,"column":11},"end":{"line":95,"column":3}},"line":21},"2":{"name":"(anonymous_2)","decl":{"start":{"line":32,"column":22},"end":{"line":32,"column":23}},"loc":{"start":{"line":34,"column":12},"end":{"line":45,"column":23}},"line":34},"3":{"name":"(anonymous_3)","decl":{"start":{"line":38,"column":24},"end":{"line":38,"column":25}},"loc":{"start":{"line":38,"column":30},"end":{"line":43,"column":15}},"line":38},"4":{"name":"(anonymous_4)","decl":{"start":{"line":58,"column":22},"end":{"line":58,"column":23}},"loc":{"start":{"line":58,"column":37},"end":{"line":61,"column":13}},"line":58},"5":{"name":"(anonymous_5)","decl":{"start":{"line":72,"column":24},"end":{"line":72,"column":25}},"loc":{"start":{"line":73,"column":14},"end":{"line":78,"column":23}},"line":73},"6":{"name":"(anonymous_6)","decl":{"start":{"line":76,"column":25},"end":{"line":76,"column":26}},"loc":{"start":{"line":76,"column":32},"end":{"line":76,"column":59}},"line":76},"7":{"name":"(anonymous_7)","decl":{"start":{"line":85,"column":29},"end":{"line":85,"column":30}},"loc":{"start":{"line":85,"column":38},"end":{"line":85,"column":50}},"line":85},"8":{"name":"(anonymous_8)","decl":{"start":{"line":89,"column":18},"end":{"line":89,"column":19}},"loc":{"start":{"line":90,"column":10},"end":{"line":90,"column":67}},"line":90}},"branchMap":{"0":{"loc":{"start":{"line":25,"column":4},"end":{"line":25,"column":64}},"type":"if","locations":[{"start":{"line":25,"column":4},"end":{"line":25,"column":64}},{"start":{"line":25,"column":4},"end":{"line":25,"column":64}}],"line":25},"1":{"loc":{"start":{"line":25,"column":8},"end":{"line":25,"column":50}},"type":"binary-expr","locations":[{"start":{"line":25,"column":8},"end":{"line":25,"column":14}},{"start":{"line":25,"column":18},"end":{"line":25,"column":26}},{"start":{"line":25,"column":30},"end":{"line":25,"column":50}}],"line":25},"2":{"loc":{"start":{"line":27,"column":20},"end":{"line":27,"column":67}},"type":"binary-expr","locations":[{"start":{"line":27,"column":20},"end":{"line":27,"column":29}},{"start":{"line":27,"column":33},"end":{"line":27,"column":67}}],"line":27},"3":{"loc":{"start":{"line":29,"column":4},"end":{"line":93,"column":5}},"type":"if","locations":[{"start":{"line":29,"column":4},"end":{"line":93,"column":5}},{"start":{"line":29,"column":4},"end":{"line":93,"column":5}}],"line":29},"4":{"loc":{"start":{"line":49,"column":11},"end":{"line":93,"column":5}},"type":"if","locations":[{"start":{"line":49,"column":11},"end":{"line":93,"column":5}},{"start":{"line":49,"column":11},"end":{"line":93,"column":5}}],"line":49},"5":{"loc":{"start":{"line":49,"column":15},"end":{"line":49,"column":59}},"type":"binary-expr","locations":[{"start":{"line":49,"column":15},"end":{"line":49,"column":35}},{"start":{"line":49,"column":39},"end":{"line":49,"column":59}}],"line":49},"6":{"loc":{"start":{"line":54,"column":19},"end":{"line":54,"column":45}},"type":"binary-expr","locations":[{"start":{"line":54,"column":19},"end":{"line":54,"column":35}},{"start":{"line":54,"column":39},"end":{"line":54,"column":45}}],"line":54},"7":{"loc":{"start":{"line":57,"column":18},"end":{"line":57,"column":28}},"type":"binary-expr","locations":[{"start":{"line":57,"column":18},"end":{"line":57,"column":23}},{"start":{"line":57,"column":27},"end":{"line":57,"column":28}}],"line":57},"8":{"loc":{"start":{"line":60,"column":14},"end":{"line":60,"column":68}},"type":"binary-expr","locations":[{"start":{"line":60,"column":14},"end":{"line":60,"column":46}},{"start":{"line":60,"column":50},"end":{"line":60,"column":68}}],"line":60},"9":{"loc":{"start":{"line":65,"column":11},"end":{"line":93,"column":5}},"type":"if","locations":[{"start":{"line":65,"column":11},"end":{"line":93,"column":5}},{"start":{"line":65,"column":11},"end":{"line":93,"column":5}}],"line":65},"10":{"loc":{"start":{"line":90,"column":22},"end":{"line":90,"column":66}},"type":"binary-expr","locations":[{"start":{"line":90,"column":22},"end":{"line":90,"column":27}},{"start":{"line":90,"column":31},"end":{"line":90,"column":45}},{"start":{"line":90,"column":49},"end":{"line":90,"column":66}}],"line":90}},"s":{"0":0,"1":0,"2":0,"3":0,"4":0,"5":0,"6":0,"7":0,"8":0,"9":0,"10":0,"11":0,"12":0,"13":0,"14":0,"15":0,"16":0,"17":0,"18":0,"19":0,"20":0,"21":0,"22":0,"23":0,"24":0,"25":0},"f":{"0":0,"1":0,"2":0,"3":0,"4":0,"5":0,"6":0,"7":0,"8":0},"b":{"0":[0,0],"1":[0,0,0],"2":[0,0],"3":[0,0],"4":[0,0],"5":[0,0],"6":[0,0],"7":[0,0],"8":[0,0],"9":[0,0],"10":[0,0,0]},"_coverageSchema":"43e27e138ebf9cfc5966b082cf9a028302ed4184","hash":"21aa55fd9631d3414a8a1efb7f8cc2331c0ef794"}
,"/home/layik/code/tgve/eAtlas/src/components/URL.jsx": {"path":"/home/layik/code/tgve/eAtlas/src/components/URL.jsx","statementMap":{"0":{"start":{"line":8,"column":26},"end":{"line":8,"column":31}},"1":{"start":{"line":9,"column":24},"end":{"line":9,"column":34}},"2":{"start":{"line":11,"column":2},"end":{"line":28,"column":3}},"3":{"start":{"line":14,"column":8},"end":{"line":14,"column":27}},"4":{"start":{"line":15,"column":8},"end":{"line":16,"column":26}},"5":{"start":{"line":23,"column":47},"end":{"line":23,"column":60}}},"fnMap":{"0":{"name":"URL","decl":{"start":{"line":7,"column":24},"end":{"line":7,"column":27}},"loc":{"start":{"line":7,"column":35},"end":{"line":29,"column":1}},"line":7},"1":{"name":"(anonymous_1)","decl":{"start":{"line":13,"column":16},"end":{"line":13,"column":17}},"loc":{"start":{"line":13,"column":23},"end":{"line":17,"column":7}},"line":13},"2":{"name":"(anonymous_2)","decl":{"start":{"line":23,"column":20},"end":{"line":23,"column":21}},"loc":{"start":{"line":23,"column":47},"end":{"line":23,"column":60}},"line":23}},"branchMap":{"0":{"loc":{"start":{"line":15,"column":8},"end":{"line":16,"column":26}},"type":"binary-expr","locations":[{"start":{"line":15,"column":8},"end":{"line":15,"column":18}},{"start":{"line":15,"column":22},"end":{"line":15,"column":57}},{"start":{"line":16,"column":10},"end":{"line":16,"column":26}}],"line":15}},"s":{"0":1,"1":1,"2":1,"3":0,"4":0,"5":0},"f":{"0":1,"1":0,"2":0},"b":{"0":[0,0,0]},"_coverageSchema":"43e27e138ebf9cfc5966b082cf9a028302ed4184","hash":"e98756c6a6a3dd61769a062b6b8776fb52821ba0"}
,"/home/layik/code/tgve/eAtlas/src/components/Variables.jsx": {"path":"/home/layik/code/tgve/eAtlas/src/components/Variables.jsx","statementMap":{"0":{"start":{"line":26,"column":23},"end":{"line":26,"column":28}},"1":{"start":{"line":28,"column":32},"end":{"line":29,"column":62}},"2":{"start":{"line":29,"column":42},"end":{"line":29,"column":59}},"3":{"start":{"line":31,"column":2},"end":{"line":31,"column":57}},"4":{"start":{"line":31,"column":45},"end":{"line":31,"column":57}},"5":{"start":{"line":33,"column":2},"end":{"line":38,"column":3}},"6":{"start":{"line":34,"column":17},"end":{"line":34,"column":36}},"7":{"start":{"line":35,"column":4},"end":{"line":37,"column":5}},"8":{"start":{"line":40,"column":22},"end":{"line":40,"column":76}},"9":{"start":{"line":41,"column":19},"end":{"line":46,"column":7}},"10":{"start":{"line":42,"column":15},"end":{"line":46,"column":5}},"11":{"start":{"line":49,"column":20},"end":{"line":51,"column":5}},"12":{"start":{"line":49,"column":56},"end":{"line":49,"column":63}},"13":{"start":{"line":53,"column":2},"end":{"line":57,"column":5}},"14":{"start":{"line":53,"column":38},"end":{"line":57,"column":3}},"15":{"start":{"line":59,"column":2},"end":{"line":124,"column":3}},"16":{"start":{"line":73,"column":31},"end":{"line":73,"column":54}},"17":{"start":{"line":73,"column":46},"end":{"line":73,"column":53}},"18":{"start":{"line":74,"column":10},"end":{"line":79,"column":12}},"19":{"start":{"line":76,"column":12},"end":{"line":78,"column":13}},"20":{"start":{"line":77,"column":14},"end":{"line":77,"column":40}},"21":{"start":{"line":80,"column":10},"end":{"line":81,"column":44}},"22":{"start":{"line":82,"column":10},"end":{"line":82,"column":27}},"23":{"start":{"line":89,"column":44},"end":{"line":89,"column":51}},"24":{"start":{"line":91,"column":33},"end":{"line":91,"column":35}},"25":{"start":{"line":92,"column":12},"end":{"line":100,"column":13}},"26":{"start":{"line":93,"column":14},"end":{"line":99,"column":15}},"27":{"start":{"line":94,"column":16},"end":{"line":98,"column":17}},"28":{"start":{"line":101,"column":12},"end":{"line":120,"column":29}},"29":{"start":{"line":109,"column":47},"end":{"line":109,"column":76}},"30":{"start":{"line":111,"column":18},"end":{"line":112,"column":60}},"31":{"start":{"line":117,"column":31},"end":{"line":117,"column":60}}},"fnMap":{"0":{"name":"Variables","decl":{"start":{"line":24,"column":24},"end":{"line":24,"column":33}},"loc":{"start":{"line":24,"column":41},"end":{"line":125,"column":1}},"line":24},"1":{"name":"(anonymous_1)","decl":{"start":{"line":29,"column":36},"end":{"line":29,"column":37}},"loc":{"start":{"line":29,"column":42},"end":{"line":29,"column":59}},"line":29},"2":{"name":"(anonymous_2)","decl":{"start":{"line":34,"column":12},"end":{"line":34,"column":13}},"loc":{"start":{"line":34,"column":17},"end":{"line":34,"column":36}},"line":34},"3":{"name":"(anonymous_3)","decl":{"start":{"line":42,"column":9},"end":{"line":42,"column":10}},"loc":{"start":{"line":42,"column":15},"end":{"line":46,"column":5}},"line":42},"4":{"name":"(anonymous_4)","decl":{"start":{"line":49,"column":51},"end":{"line":49,"column":52}},"loc":{"start":{"line":49,"column":56},"end":{"line":49,"column":63}},"line":49},"5":{"name":"(anonymous_5)","decl":{"start":{"line":53,"column":32},"end":{"line":53,"column":33}},"loc":{"start":{"line":53,"column":38},"end":{"line":57,"column":3}},"line":53},"6":{"name":"(anonymous_6)","decl":{"start":{"line":69,"column":18},"end":{"line":69,"column":19}},"loc":{"start":{"line":69,"column":33},"end":{"line":83,"column":9}},"line":69},"7":{"name":"(anonymous_7)","decl":{"start":{"line":73,"column":41},"end":{"line":73,"column":42}},"loc":{"start":{"line":73,"column":46},"end":{"line":73,"column":53}},"line":73},"8":{"name":"(anonymous_8)","decl":{"start":{"line":74,"column":42},"end":{"line":74,"column":43}},"loc":{"start":{"line":74,"column":49},"end":{"line":79,"column":11}},"line":74},"9":{"name":"(anonymous_9)","decl":{"start":{"line":89
[...]
8,"column":39},"end":{"line":698,"column":46}},{"start":{"line":698,"column":50},"end":{"line":698,"column":62}}],"line":698},"111":{"loc":{"start":{"line":704,"column":6},"end":{"line":704,"column":66}},"type":"cond-expr","locations":[{"start":{"line":704,"column":18},"end":{"line":704,"column":57}},{"start":{"line":704,"column":60},"end":{"line":704,"column":66}}],"line":704},"112":{"loc":{"start":{"line":706,"column":4},"end":{"line":706,"column":18}},"type":"if","locations":[{"start":{"line":706,"column":4},"end":{"line":706,"column":18}},{"start":{"line":706,"column":4},"end":{"line":706,"column":18}}],"line":706},"113":{"loc":{"start":{"line":707,"column":4},"end":{"line":717,"column":5}},"type":"if","locations":[{"start":{"line":707,"column":4},"end":{"line":717,"column":5}},{"start":{"line":707,"column":4},"end":{"line":717,"column":5}}],"line":707},"114":{"loc":{"start":{"line":707,"column":8},"end":{"line":708,"column":45}},"type":"binary-expr","locations":[{"start":{"line":707,"column":8},"end":{"line":707,"column":12}},{"start":{"line":708,"column":6},"end":{"line":708,"column":45}}],"line":707},"115":{"loc":{"start":{"line":711,"column":6},"end":{"line":716,"column":7}},"type":"if","locations":[{"start":{"line":711,"column":6},"end":{"line":716,"column":7}},{"start":{"line":711,"column":6},"end":{"line":716,"column":7}}],"line":711},"116":{"loc":{"start":{"line":721,"column":2},"end":{"line":723,"column":3}},"type":"if","locations":[{"start":{"line":721,"column":2},"end":{"line":723,"column":3}},{"start":{"line":721,"column":2},"end":{"line":723,"column":3}}],"line":721},"117":{"loc":{"start":{"line":730,"column":17},"end":{"line":730,"column":58}},"type":"binary-expr","locations":[{"start":{"line":730,"column":17},"end":{"line":730,"column":29}},{"start":{"line":730,"column":34},"end":{"line":730,"column":57}}],"line":730},"118":{"loc":{"start":{"line":731,"column":2},"end":{"line":733,"column":3}},"type":"if","locations":[{"start":{"line":731,"column":2},"end":{"line":733,"column":3}},{"start":{"line":731,"column":2},"end":{"line":733,"column":3}}],"line":731},"119":{"loc":{"start":{"line":738,"column":32},"end":{"line":738,"column":50}},"type":"cond-expr","locations":[{"start":{"line":738,"column":43},"end":{"line":738,"column":46}},{"start":{"line":738,"column":49},"end":{"line":738,"column":50}}],"line":738},"120":{"loc":{"start":{"line":741,"column":32},"end":{"line":741,"column":50}},"type":"cond-expr","locations":[{"start":{"line":741,"column":43},"end":{"line":741,"column":46}},{"start":{"line":741,"column":49},"end":{"line":741,"column":50}}],"line":741},"121":{"loc":{"start":{"line":757,"column":8},"end":{"line":757,"column":38}},"type":"binary-expr","locations":[{"start":{"line":757,"column":8},"end":{"line":757,"column":19}},{"start":{"line":757,"column":23},"end":{"line":757,"column":38}}],"line":757},"122":{"loc":{"start":{"line":784,"column":19},"end":{"line":784,"column":65}},"type":"binary-expr","locations":[{"start":{"line":784,"column":19},"end":{"line":784,"column":38}},{"start":{"line":784,"column":42},"end":{"line":784,"column":65}}],"line":784},"123":{"loc":{"start":{"line":785,"column":22},"end":{"line":786,"column":43}},"type":"binary-expr","locations":[{"start":{"line":785,"column":22},"end":{"line":785,"column":41}},{"start":{"line":786,"column":7},"end":{"line":786,"column":30}},{"start":{"line":786,"column":34},"end":{"line":786,"column":43}}],"line":785},"124":{"loc":{"start":{"line":791,"column":2},"end":{"line":791,"column":41}},"type":"if","locations":[{"start":{"line":791,"column":2},"end":{"line":791,"column":41}},{"start":{"line":791,"column":2},"end":{"line":791,"column":41}}],"line":791},"125":{"loc":{"start":{"line":796,"column":2},"end":{"line":799,"column":71}},"type":"if","locations":[{"start":{"line":796,"column":2},"end":{"line":799,"column":71}},{"start":{"line":796,"column":2},"end":{"line":799,"column":71}}],"line":796},"126":{"loc":{"start":{"line":796,"column":6},"end":{"line":799,"column":58}},"type":"binary-expr","locations":[{"start":{"line":796,"column":6},"end":{"line":796,"column":24}},{"start":{"line":796,"column":28},"end":{"line":796,"column":42}},{"start":{"line":796,"column":46},"end":{"line":796,"column":66}},{"start":{"line":797,"column":4},"end":{"line":797,"column":21}},{"start":{"line":797,"column":25},"end":{"line":797,"column":45}},{"start":{"line":798,"column":4},"end":{"line":798,"column":50}},{"start":{"line":798,"column":54},"end":{"line":798,"column":62}},{"start":{"line":799,"column":4},"end":{"line":799,"column":23}},{"start":{"line":799,"column":27},"end":{"line":799,"column":58}}],"line":796},"127":{"loc":{"start":{"line":803,"column":6},"end":{"line":813,"column":7}},"type":"if","locations":[{"start":{"line":803,"column":6},"end":{"line":813,"column":7}},{"start":{"line":803,"column":6},"end":{"line":813,"column":7}}],"line":803},"128":{"loc":{"start":{"line":827,"column":2},"end":{"line":827,"column":53}},"type":"if","locations":[{"start":{"line":827,"column":2},"end":{"line":827,"column":53}},{"start":{"line":827,"column":2},"end":{"line":827,"column":53}}],"line":827},"129":{"loc":{"start":{"line":827,"column":5},"end":{"line":827,"column":40}},"type":"binary-expr","locations":[{"start":{"line":827,"column":5},"end":{"line":827,"column":19}},{"start":{"line":827,"column":23},"end":{"line":827,"column":40}}],"line":827},"130":{"loc":{"start":{"line":834,"column":9},"end":{"line":835,"column":55}},"type":"binary-expr","locations":[{"start":{"line":834,"column":9},"end":{"line":834,"column":14}},{"start":{"line":834,"column":18},"end":{"line":834,"column":30}},{"start":{"line":835,"column":2},"end":{"line":835,"column":55}}],"line":834},"131":{"loc":{"start":{"line":835,"column":27},"end":{"line":835,"column":54}},"type":"cond-expr","locations":[{"start":{"line":835,"column":46},"end":{"line":835,"column":49}},{"start":{"line":835,"column":52},"end":{"line":835,"column":54}}],"line":835},"132":{"loc":{"start":{"line":838,"column":2},"end":{"line":853,"column":3}},"type":"if","locations":[{"start":{"line":838,"column":2},"end":{"line":853,"column":3}},{"start":{"line":838,"column":2},"end":{"line":853,"column":3}}],"line":838},"133":{"loc":{"start":{"line":838,"column":5},"end":{"line":838,"column":67}},"type":"binary-expr","locations":[{"start":{"line":838,"column":5},"end":{"line":838,"column":13}},{"start":{"line":838,"column":17},"end":{"line":838,"column":32}},{"start":{"line":838,"column":36},"end":{"line":838,"column":46}},{"start":{"line":838,"column":50},"end":{"line":838,"column":67}}],"line":838},"134":{"loc":{"start":{"line":839,"column":35},"end":{"line":840,"column":35}},"type":"cond-expr","locations":[{"start":{"line":840,"column":4},"end":{"line":840,"column":30}},{"start":{"line":840,"column":33},"end":{"line":840,"column":35}}],"line":839},"135":{"loc":{"start":{"line":841,"column":9},"end":{"line":853,"column":3}},"type":"if","locations":[{"start":{"line":841,"column":9},"end":{"line":853,"column":3}},{"start":{"line":841,"column":9},"end":{"line":853,"column":3}}],"line":841},"136":{"loc":{"start":{"line":841,"column":12},"end":{"line":841,"column":39}},"type":"binary-expr","locations":[{"start":{"line":841,"column":12},"end":{"line":841,"column":20}},{"start":{"line":841,"column":24},"end":{"line":841,"column":39}}],"line":841},"137":{"loc":{"start":{"line":858,"column":11},"end":{"line":858,"column":35}},"type":"cond-expr","locations":[{"start":{"line":858,"column":18},"end":{"line":858,"column":25}},{"start":{"line":858,"column":28},"end":{"line":858,"column":35}}],"line":858},"138":{"loc":{"start":{"line":859,"column":16},"end":{"line":859,"column":42}},"type":"cond-expr","locations":[{"start":{"line":859,"column":23},"end":{"line":859,"column":32}},{"start":{"line":859,"column":35},"end":{"line":859,"column":42}}],"line":859},"139":{"loc":{"start":{"line":864,"column":9},"end":{"line":874,"column":67}},"type":"binary-expr","locations":[{"start":{"line":864,"column":9},"end":{"line":864,"column":64}},{"start":{"line":865,"column":4},"end":{"line":865,"column":58}},{"start":{"line":866,"column":4},"end":{"line":866,"column":57}},{"start":{"line":867,"column":4},"end":{"line":867,"column":58}},{"start":{"line":868,"column":4},"end":{"line":868,"column":57}},{"start":{"line":869,"column":4},"end":{"line":869,"column":57}},{"start":{"line":870,"column":4},"end":{"line":870,"column":57}},{"start":{"line":871,"column":4},"end":{"line":871,"column":57}},{"start":{"line":872,"column":4},"end":{"line":872,"column":35}},{"start":{"line":873,"column":4},"end":{"line":873,"column":36}},{"start":{"line":874,"column":5},"end":{"line":874,"column":28}},{"start":{"line":874,"column":32},"end":{"line":874,"column":66}}],"line":864},"140":{"loc":{"start":{"line":878,"column":2},"end":{"line":878,"column":56}},"type":"if","locations":[{"start":{"line":878,"column":2},"end":{"line":878,"column":56}},{"start":{"line":878,"column":2},"end":{"line":878,"column":56}}],"line":878},"141":{"loc":{"start":{"line":878,"column":5},"end":{"line":878,"column":43}},"type":"binary-expr","locations":[{"start":{"line":878,"column":5},"end":{"line":878,"column":26}},{"start":{"line":878,"column":30},"end":{"line":878,"column":43}}],"line":878},"142":{"loc":{"start":{"line":883,"column":38},"end":{"line":883,"column":47}},"type":"default-arg","locations":[{"start":{"line":883,"column":45},"end":{"line":883,"column":47}}],"line":883},"143":{"loc":{"start":{"line":886,"column":2},"end":{"line":886,"column":51}},"type":"if","locations":[{"start":{"line":886,"column":2},"end":{"line":886,"column":51}},{"start":{"line":886,"column":2},"end":{"line":886,"column":51}}],"line":886},"144":{"loc":{"start":{"line":886,"column":5},"end":{"line":886,"column":38}},"type":"binary-expr","locations":[{"start":{"line":886,"column":5},"end":{"line":886,"column":17}},{"start":{"line":886,"column":21},"end":{"line":886,"column":38}}],"line":886},"145":{"loc":{"start":{"line":898,"column":2},"end":{"line":898,"column":23}},"type":"if","locations":[{"start":{"line":898,"column":2},"end":{"line":898,"column":23}},{"start":{"line":898,"column":2},"end":{"line":898,"column":23}}],"line":898},"146":{"loc":{"start":{"line":904,"column":4},"end":{"line":914,"column":5}},"type":"if","locations":[{"start":{"line":904,"column":4},"end":{"line":914,"column":5}},{"start":{"line":904,"column":4},"end":{"line":914,"column":5}}],"line":904},"147":{"loc":{"start":{"line":906,"column":11},"end":{"line":914,"column":5}},"type":"if","locations":[{"start":{"line":906,"column":11},"end":{"line":914,"column":5}},{"start":{"line":906,"column":11},"end":{"line":914,"column":5}}],"line":906},"148":{"loc":{"start":{"line":908,"column":11},"end":{"line":914,"column":5}},"type":"if","locations":[{"start":{"line":908,"column":11},"end":{"line":914,"column":5}},{"start":{"line":908,"column":11},"end":{"line":914,"column":5}}],"line":908},"149":{"loc":{"start":{"line":910,"column":11},"end":{"line":914,"column":5}},"type":"if","locations":[{"start":{"line":910,"column":11},"end":{"line":914,"column":5}},{"start":{"line":910,"column":11},"end":{"line":914,"column":5}}],"line":910},"150":{"loc":{"start":{"line":910,"column":15},"end":{"line":910,"column":73}},"type":"binary-expr","locations":[{"start":{"line":910,"column":16},"end":{"line":910,"column":31}},{"start":{"line":910,"column":37},"end":{"line":910,"column":50}},{"start":{"line":910,"column":56},"end":{"line":910,"column":72}}],"line":910},"151":{"loc":{"start":{"line":912,"column":11},"end":{"line":914,"column":5}},"type":"if","locations":[{"start":{"line":912,"column":11},"end":{"line":914,"column":5}},{"start":{"line":912,"column":11},"end":{"line":914,"column":5}}],"line":912},"152":{"loc":{"start":{"line":912,"column":15},"end":{"line":912,"column":55}},"type":"binary-expr","locations":[{"start":{"line":912,"column":15},"end":{"line":912,"column":31}},{"start":{"line":912,"column":35},"end":{"line":912,"column":55}}],"line":912},"153":{"loc":{"start":{"line":923,"column":2},"end":{"line":925,"column":48}},"type":"cond-expr","locations":[{"start":{"line":925,"column":4},"end":{"line":925,"column":23}},{"start":{"line":925,"column":26},"end":{"line":925,"column":48}}],"line":923},"154":{"loc":{"start":{"line":937,"column":31},"end":{"line":937,"column":49}},"type":"default-arg","locations":[{"start":{"line":937,"column":45},"end":{"line":937,"column":49}}],"line":937},"155":{"loc":{"start":{"line":940,"column":2},"end":{"line":942,"column":3}},"type":"if","locations":[{"start":{"line":940,"column":2},"end":{"line":942,"column":3}},{"start":{"line":940,"column":2},"end":{"line":942,"column":3}}],"line":940},"156":{"loc":{"start":{"line":940,"column":6},"end":{"line":940,"column":19}},"type":"binary-expr","locations":[{"start":{"line":940,"column":6},"end":{"line":940,"column":10}},{"start":{"line":940,"column":14},"end":{"line":940,"column":19}}],"line":940},"157":{"loc":{"start":{"line":957,"column":2},"end":{"line":972,"column":3}},"type":"if","locations":[{"start":{"line":957,"column":2},"end":{"line":972,"column":3}},{"start":{"line":957,"column":2},"end":{"line":972,"column":3}}],"line":957},"158":{"loc":{"start":{"line":958,"column":4},"end":{"line":961,"column":5}},"type":"if","locations":[{"start":{"line":958,"column":4},"end":{"line":961,"column":5}},{"start":{"line":958,"column":4},"end":{"line":961,"column":5}}],"line":958},"159":{"loc":{"start":{"line":966,"column":6},"end":{"line":969,"column":7}},"type":"if","locations":[{"start":{"line":966,"column":6},"end":{"line":969,"column":7}},{"start":{"line":966,"column":6},"end":{"line":969,"column":7}}],"line":966},"160":{"loc":{"start":{"line":988,"column":14},"end":{"line":988,"column":33}},"type":"binary-expr","locations":[{"start":{"line":988,"column":14},"end":{"line":988,"column":22}},{"start":{"line":988,"column":26},"end":{"line":988,"column":33}}],"line":988},"161":{"loc":{"start":{"line":991,"column":11},"end":{"line":991,"column":33}},"type":"binary-expr","locations":[{"start":{"line":991,"column":11},"end":{"line":991,"column":17}},{"start":{"line":991,"column":21},"end":{"line":991,"column":33}}],"line":991}},"s":{"0":9,"1":9,"2":0,"3":0,"4":0,"5":0,"6":0,"7":0,"8":0,"9":0,"10":0,"11":0,"12":0,"13":9,"14":0,"15":0,"16":0,"17":0,"18":0,"19":0,"20":0,"21":0,"22":0,"23":0,"24":0,"25":0,"26":9,"27":0,"28":0,"29":0,"30":0,"31":0,"32":9,"33":7,"34":0,"35":7,"36":7,"37":21,"38":21,"39":0,"40":21,"41":21,"42":7,"43":14,"44":7,"45":7,"46":0,"47":7,"48":7,"49":14,"50":9,"51":9,"52":4,"53":4,"54":16,"55":4,"56":4,"57":0,"58":4,"59":4,"60":4,"61":30,"62":30,"63":14,"64":14,"65":0,"66":0,"67":16,"68":16,"69":0,"70":4,"71":4,"72":4,"73":4,"74":0,"75":4,"76":4,"77":4,"78":4,"79":0,"80":0,"81":0,"82":0,"83":4,"84":9,"85":0,"86":0,"87":0,"88":0,"89":9,"90":0,"91":0,"92":9,"93":10,"94":10,"95":0,"96":0,"97":0,"98":0,"99":9,"100":2,"101":0,"102":2,"103":2,"104":2,"105":2,"106":2,"107":0,"108":0,"109":2,"110":0,"111":0,"112":2,"113":9,"114":10,"115":10,"116":0,"117":10,"118":10,"119":6,"120":4,"121":2,"122":2,"123":9,"124":0,"125":0,"126":0,"127":0,"128":0,"129":0,"130":0,"131":0,"132":0,"133":0,"134":0,"135":0,"136":9,"137":103,"138":0,"139":103,"140":103,"141":103,"142":169,"143":103,"144":9,"145":4,"146":0,"147":4,"148":4,"149":0,"150":0,"151":0,"152":0,"153":0,"154":0,"155":9,"156":19,"157":1,"158":18,"159":9,"160":0,"161":0,"162":9,"163":0,"164":0,"165":0,"166":9,"167":9,"168":18,"169":9,"170":9,"171":30,"172":0,"173":30,"174":150,"175":30,"176":0,"177":9,"178":20,"179":20,"180":0,"181":20,"182":20,"183":0,"184":20,"185":3,"186":3,"187":3,"188":3,"189":3,"190":3,"191":0,"192":9,"193":10,"194":0,"195":10,"196":3,"197":3,"198":7,"199":7,"200":7,"201":7,"202":21,"203":7,"204":9,"205":9,"206":4,"207":2,"208":2,"209":0,"210":2,"211":0,"212":2,"213":0,"214":2,"215":0,"216":2,"217":0,"218":2,"219":9,"220":4,"221":2,"222":2,"223":2,"224":9,"225":4,"226":2,"227":2,"228":2,"229":9,"230":0,"231":0,"232":0,"233":0,"234":0,"235":0,"236":0,"237":0,"238":0,"239":0,"240":0,"241":9,"242":0,"243":0,"244":0,"245":9,"246":4,"247":4,"248":4,"249":4,"250":0,"251":0,"252":0,"253":0,"254":0,"255":0,"256":0,"257":0,"258":0,"259":0,"260":9,"261":22,"262":12,"263":10,"264":10,"265":10,"266":28,"267":28,"268":0,"269":28,"270":0,"271":28,"272":0,"273":28,"274":28,"275":10,"276":10,"277":0,"278":0,"279":10,"280":9,"281":0,"282":0,"283":0,"284":0,"285":0,"286":0,"287":0,"288":9,"289":0,"290":0,"291":9,"292":0,"293":0,"294":9,"295":0,"296":0,"297":9,"298":0,"299":0,"300":0,"301":0,"302":0,"303":0,"304":0,"305":0,"306":0,"307":0,"308":0,"309":0,"310":0,"311":0,"312":0,"313":0,"314":0,"315":9,"316":0,"317":0,"318":0,"319":0,"320":0,"321":9,"322":1,"323":9,"324":12,"325":1,"326":11,"327":0,"328":11,"329":9,"330":12,"331":9,"332":8,"333":9,"334":19,"335":0,"336":19,"337":9,"338":19,"339":19,"340":0,"341":19,"342":9,"343":0,"344":0,"345":0,"346":0,"347":0,"348":0,"349":0,"350":0,"351":0,"352":0,"353":0,"354":0,"355":0,"356":0,"357":0,"358":0,"359":0,"360":0,"361":9,"362":0,"363":0,"364":0,"365":0,"366":0,"367":0,"368":0,"369":0,"370":0,"371":0,"372":0,"373":0,"374":0,"375":0,"376":0,"377":0,"378":0,"379":0,"380":0,"381":0,"382":0,"383":0,"384":0,"385":0,"386":0,"387":9,"388":0,"389":0,"390":0,"391":0,"392":0,"393":9,"394":12},"f":{"0":0,"1":0,"2":0,"3":0,"4":0,"5":0,"6":0,"7":0,"8":0,"9":0,"10":0,"11":0,"12":7,"13":21,"14":14,"15":4,"16":4,"17":16,"18":4,"19":30,"20":0,"21":0,"22":0,"23":0,"24":0,"25":0,"26":10,"27":2,"28":10,"29":0,"30":103,"31":4,"32":19,"33":0,"34":0,"35":0,"36":0,"37":18,"38":30,"39":150,"40":20,"41":20,"42":3,"43":10,"44":21,"45":4,"46":4,"47":4,"48":0,"49":0,"50":0,"51":4,"52":22,"53":28,"54":0,"55":0,"56":0,"57":0,"58":0,"59":0,"60":0,"61":0,"62":0,"63":0,"64":0,"65":0,"66":0,"67":1,"68":12,"69":12,"70":8,"71":19,"72":19,"73":0,"74":0,"75":0,"76":0,"77":0,"78":12},"b":{"0":[0,0],"1":[0,0],"2":[0,0],"3":[0,0],"4":[0,0],"5":[0,0],"6":[0,0],"7":[0,0],"8":[0,0],"9":[7],"10":[0,7],"11":[7,7],"12":[0,21],"13":[21,21],"14":[0,21],"15":[7,14],"16":[0,7],"17":[7,7],"18":[0,4],"19":[4,4],"20":[30,30],"21":[14,16],"22":[30,20],"23":[0,14],"24":[14,4],"25":[0,0],"26":[16,0],"27":[16,4],"28":[0,4],"29":[0],"30":[0],"31":[10,0],"32":[10,9],"33":[0,0],"34":[0,0],"35":[0,0],"36":[0,0],"37":[0,0],"38":[0,0],"39":[0,2],"40":[0,2],"41":[0,2],"42":[10,10],"43":[0,10],"44":[10,10,10],"45":[6,4],"46":[2,2],"47":[0,0],"48":[0,0],"49":[0,0],"50":[0,0],"51":[0,0],"52":[0,0],"53":[0,0],"54":[0,0],"55":[0,103],"56":[0],"57":[0,4],"58":[4,0],"59":[4,4,0],"60":[0,0,0],"61":[0,0],"62":[0,0],"63":[18],"64":[1,18],"65":[19,19],"66":[12,6],"67":[6,0],"68":[0,0],"69":[0,0],"70":[0,9],"71":[0],"72":[0,0],"73":[0,0],"74":[0,30],"75":[30,0],"76":[0,20],"77":[0,20],"78":[20,20],"79":[20,0,0],"80":[0],"81":[3,0],"82":[6],"83":[0,10],"84":[10,10,10],"85":[3,7],"86":[10,3],"87":[0,7],"88":[7,0],"89":[2,2],"90":[0,2],"91":[0,2],"92":[0,2],"93":[0,2],"94":[0,2],"95":[2,2],"96":[2,2],"97":[0,0],"98":[0,0,0,0],"99":[0,0],"100":[0],"101":[4,4],"102":[4,0],"103":[4,4,4],"104":[0,0],"105":[0,0],"106":[0,0],"107":[0,0],"108":[0,0],"109":[12,10],"110":[22,22,16,10],"111":[0,28],"112":[0,28],"113":[0,28],"114":[28,0],"115":[0,28],"116":[0,10],"117":[0,0],"118":[0,0],"119":[0,0],"120":[0,0],"121":[0,0],"122":[0,0],"123":[0,0,0],"124":[0,0],"125":[0,0],"126":[0,0,0,0,0,0,0,0,0],"127":[0,0],"128":[0,0],"129":[0,0],"130":[1,1,1],"131":[1,0],"132":[1,11],"133":[12,1,1,1],"134":[0,1],"135":[0,11],"136":[11,0],"137":[4,8],"138":[4,8],"139":[8,8,8,8,8,8,8,8,8,8,8,0],"140":[0,19],"141":[19,19],"142":[12],"143":[0,19],"144":[19,0],"145":[0,0],"146":[0,0],"147":[0,0],"148":[0,0],"149":[0,0],"150":[0,0,0],"151":[0,0],"152":[0,0],"153":[0,0],"154":[0],"155":[0,0],"156":[0,0],"157":[0,0],"158":[0,0],"159":[0,0],"160":[12,12],"161":[12,0]},"_coverageSchema":"43e27e138ebf9cfc5966b082cf9a028302ed4184","hash":"3cb526f61d5a7e02a90641658adeeec66052ae1e"}
}
