TN:
SF:/home/layik/code/tgve/eAtlas/src/About.js
FN:12,(anonymous_0)
FN:18,(anonymous_1)
FN:22,(anonymous_2)
FN:25,(anonymous_3)
FN:31,(anonymous_4)
FNF:5
FNH:0
FNDA:0,(anonymous_0)
FNDA:0,(anonymous_1)
FNDA:0,(anonymous_2)
FNDA:0,(anonymous_3)
FNDA:0,(anonymous_4)
DA:13,0
DA:14,0
DA:19,0
DA:21,0
DA:23,0
DA:26,0
DA:32,0
DA:34,0
LF:8
LH:0
BRF:0
BRH:0
end_of_record
TN:
SF:/home/layik/code/tgve/eAtlas/src/App.js
FN:17,(anonymous_0)
FNF:1
FNH:1
FNDA:9,(anonymous_0)
DA:15,1
DA:18,9
DA:22,9
LF:3
LH:3
BRDA:19,0,0,0
BRDA:19,0,1,9
BRDA:26,1,0,4
BRDA:26,1,1,5
BRF:4
BRH:3
end_of_record
TN:
SF:/home/layik/code/tgve/eAtlas/src/Constants.js
FN:1,define
FNF:1
FNH:1
FNDA:209,define
DA:2,209
DA:9,11
DA:10,11
DA:11,11
DA:17,11
DA:31,11
DA:35,11
DA:43,11
DA:52,11
DA:54,11
DA:56,11
DA:65,11
DA:66,11
DA:67,11
DA:69,11
DA:71,11
DA:72,11
DA:74,11
DA:75,11
DA:77,11
LF:20
LH:20
BRF:0
BRH:0
end_of_record
TN:
SF:/home/layik/code/tgve/eAtlas/src/history.js
FNF:0
FNH:0
LF:0
LH:0
BRF:0
BRH:0
end_of_record
TN:
SF:/home/layik/code/tgve/eAtlas/src/icon-cluster-layer.js
FN:5,getIconName
FN:18,getIconSize
FN:23,(anonymous_2)
FN:27,(anonymous_3)
FN:33,(anonymous_4)
FN:50,(anonymous_5)
FN:56,(anonymous_6)
FN:63,(anonymous_7)
FN:74,(anonymous_8)
FN:75,(anonymous_9)
FN:76,(anonymous_10)
FNF:11
FNH:0
FNDA:0,getIconName
FNDA:0,getIconSize
FNDA:0,(anonymous_2)
FNDA:0,(anonymous_3)
FNDA:0,(anonymous_4)
FNDA:0,(anonymous_5)
FNDA:0,(anonymous_6)
FNDA:0,(anonymous_7)
FNDA:0,(anonymous_8)
FNDA:0,(anonymous_9)
FNDA:0,(anonymous_10)
DA:6,0
DA:7,0
DA:9,0
DA:10,0
DA:12,0
DA:13,0
DA:15,0
DA:19,0
DA:24,0
DA:28,0
DA:30,0
DA:31,0
DA:32,0
DA:33,0
DA:38,0
DA:41,0
DA:42,0
DA:43,0
DA:51,0
DA:52,0
DA:53,0
DA:54,0
DA:56,0
DA:58,0
DA:60,0
DA:64,0
DA:65,0
DA:67,0
DA:74,0
DA:75,0
DA:76,0
LF:31
LH:0
BRDA:6,0,0,0
BRDA:6,0,1,0
BRDA:9,1,0,0
BRDA:9,1,1,0
BRDA:12,2,0,0
BRDA:12,2,1,0
BRDA:28,3,0,0
BRDA:28,3,1,0
BRDA:30,4,0,0
BRDA:30,4,1,0
BRDA:42,5,0,0
BRDA:42,5,1,0
BRDA:42,6,0,0
BRDA:42,6,1,0
BRDA:51,7,0,0
BRDA:51,7,1,0
BRDA:52,8,0,0
BRDA:52,8,1,0
BRDA:53,9,0,0
BRDA:53,9,1,0
BRDA:53,10,0,0
BRDA:53,10,1,0
BRDA:75,11,0,0
BRDA:75,11,1,0
BRDA:76,12,0,0
BRDA:76,12,1,0
BRF:26
BRH:0
end_of_record
TN:
SF:/home/layik/code/tgve/eAtlas/src/index.js
FN:5,(anonymous_0)
FNF:1
FNH:0
FNDA:0,(anonymous_0)
DA:5,0
LF:1
LH:0
BRF:0
BRH:0
end_of_record
TN:
SF:/home/layik/code/tgve/eAtlas/src/registerServiceWorker.js
FN:21,register
FN:32,(anonymous_1)
FN:41,(anonymous_2)
FN:55,registerValidSW
FN:58,(anonymous_4)
FN:59,(anonymous_5)
FN:61,(anonymous_6)
FN:79,(anonymous_7)
FN:84,checkValidServiceWorker
FN:87,(anonymous_9)
FN:94,(anonymous_10)
FN:95,(anonymous_11)
FN:104,(anonymous_12)
FN:111,unregister
FN:113,(anonymous_14)
FNF:15
FNH:0
FNDA:0,register
FNDA:0,(anonymous_1)
FNDA:0,(anonymous_2)
FNDA:0,registerValidSW
FNDA:0,(anonymous_4)
FNDA:0,(anonymous_5)
FNDA:0,(anonymous_6)
FNDA:0,(anonymous_7)
FNDA:0,checkValidServiceWorker
FNDA:0,(anonymous_9)
FNDA:0,(anonymous_10)
FNDA:0,(anonymous_11)
FNDA:0,(anonymous_12)
FNDA:0,unregister
FNDA:0,(anonymous_14)
DA:11,0
DA:22,0
DA:24,0
DA:25,0
DA:29,0
DA:32,0
DA:33,0
DA:35,0
DA:37,0
DA:41,0
DA:42,0
DA:49,0
DA:56,0
DA:59,0
DA:60,0
DA:61,0
DA:62,0
DA:63,0
DA:68,0
DA:73,0
DA:80,0
DA:86,0
DA:89,0
DA:94,0
DA:95,0
DA:96,0
DA:101,0
DA:105,0
DA:112,0
DA:113,0
DA:114,0
LF:31
LH:0
BRDA:12,0,0,0
BRDA:12,0,1,0
BRDA:12,0,2,0
BRDA:22,1,0,0
BRDA:22,1,1,0
BRDA:22,2,0,0
BRDA:22,2,1,0
BRDA:25,3,0,0
BRDA:25,3,1,0
BRDA:35,4,0,0
BRDA:35,4,1,0
BRDA:62,5,0,0
BRDA:62,5,1,0
BRDA:63,6,0,0
BRDA:63,6,1,0
BRDA:89,7,0,0
BRDA:89,7,1,0
BRDA:90,8,0,0
BRDA:90,8,1,0
BRDA:112,9,0,0
BRDA:112,9,1,0
BRF:21
BRH:0
end_of_record
TN:
SF:/home/layik/code/tgve/eAtlas/src/components/AddVIS.jsx
FN:27,generateVIS
FN:40,(anonymous_1)
FN:74,AddVIS
FN:98,(anonymous_3)
FN:99,(anonymous_4)
FN:111,(anonymous_5)
FN:112,(anonymous_6)
FN:121,(anonymous_7)
FN:132,(anonymous_8)
FN:135,(anonymous_9)
FN:139,(anonymous_10)
FN:141,(anonymous_11)
FN:150,(anonymous_12)
FN:155,(anonymous_13)
FN:157,(anonymous_14)
FNF:15
FNH:2
FNDA:0,generateVIS
FNDA:0,(anonymous_1)
FNDA:13,AddVIS
FNDA:4,(anonymous_3)
FNDA:0,(anonymous_4)
FNDA:0,(anonymous_5)
FNDA:0,(anonymous_6)
FNDA:0,(anonymous_7)
FNDA:0,(anonymous_8)
FNDA:0,(anonymous_9)
FNDA:0,(anonymous_10)
FNDA:0,(anonymous_11)
FNDA:0,(anonymous_12)
FNDA:0,(anonymous_13)
FNDA:0,(anonymous_14)
DA:13,3
DA:28,0
DA:29,0
DA:31,0
DA:33,0
DA:34,0
DA:40,0
DA:53,0
DA:56,0
DA:75,13
DA:76,13
DA:77,13
DA:85,13
DA:87,13
DA:89,2
DA:91,2
DA:98,4
DA:100,0
DA:101,0
DA:111,0
DA:113,0
DA:122,0
DA:123,0
DA:132,0
DA:136,0
DA:140,0
DA:141,0
DA:151,0
DA:156,0
DA:157,0
LF:30
LH:9
BRDA:28,0,0,0
BRDA:28,0,1,0
BRDA:28,1,0,0
BRDA:28,1,1,0
BRDA:28,1,2,0
BRDA:28,1,3,0
BRDA:33,2,0,0
BRDA:33,2,1,0
BRDA:43,3,0,0
BRDA:43,3,1,0
BRDA:53,4,0,0
BRDA:53,4,1,0
BRDA:53,5,0,0
BRDA:53,5,1,0
BRDA:53,5,2,0
BRDA:63,6,0,0
BRDA:63,6,1,0
BRDA:65,7,0,0
BRDA:65,7,1,0
BRDA:87,8,0,11
BRDA:87,8,1,2
BRDA:87,9,0,13
BRDA:87,9,1,2
BRDA:101,10,0,0
BRDA:101,10,1,0
BRDA:107,11,0,2
BRDA:107,11,1,0
BRDA:122,12,0,0
BRDA:122,12,1,0
BRDA:122,13,0,0
BRDA:122,13,1,0
BRDA:122,13,2,0
BRDA:129,14,0,2
BRDA:129,14,1,0
BRDA:151,15,0,0
BRDA:151,15,1,0
BRF:36
BRH:6
end_of_record
TN:
SF:/home/layik/code/tgve/eAtlas/src/components/ColourPicker.jsx
FN:4,ColorPicker
FN:11,(anonymous_1)
FN:21,(anonymous_2)
FNF:3
FNH:3
FNDA:1,ColorPicker
FNDA:6,(anonymous_1)
FNDA:1,(anonymous_2)
DA:5,1
DA:6,1
DA:7,1
DA:12,6
DA:22,1
DA:23,1
LF:6
LH:6
BRDA:16,0,0,1
BRDA:16,0,1,5
BRDA:17,1,0,1
BRDA:17,1,1,4
BRDA:17,2,0,1
BRDA:17,2,1,3
BRDA:18,3,0,1
BRDA:18,3,1,2
BRDA:18,4,0,1
BRDA:18,4,1,1
BRDA:20,5,0,1
BRDA:20,5,1,5
BRDA:23,6,0,1
BRDA:23,6,1,1
BRF:14
BRH:14
end_of_record
TN:
SF:/home/layik/code/tgve/eAtlas/src/components/DataInput.jsx
FN:34,(anonymous_0)
FN:44,(anonymous_1)
FN:48,(anonymous_2)
FN:58,(anonymous_3)
FN:64,(anonymous_4)
FN:77,(anonymous_5)
FN:98,(anonymous_6)
FN:108,toggleSelfAndParent
FN:110,(anonymous_8)
FNF:9
FNH:5
FNDA:15,(anonymous_0)
FNDA:1,(anonymous_1)
FNDA:0,(anonymous_2)
FNDA:0,(anonymous_3)
FNDA:0,(anonymous_4)
FNDA:0,(anonymous_5)
FNDA:1,(anonymous_6)
FNDA:1,toggleSelfAndParent
FNDA:1,(anonymous_8)
DA:32,3
DA:35,15
DA:36,15
DA:38,15
DA:40,15
DA:45,1
DA:49,0
DA:59,0
DA:60,0
DA:65,0
DA:67,0
DA:68,0
DA:69,0
DA:71,0
DA:73,0
DA:77,0
DA:78,0
DA:79,0
DA:80,0
DA:85,0
DA:87,0
DA:99,1
DA:100,1
DA:109,1
DA:110,1
LF:25
LH:10
BRDA:60,0,0,0
BRDA:60,0,1,0
BRDA:65,1,0,0
BRDA:65,1,1,0
BRDA:65,2,0,0
BRDA:65,2,1,0
BRDA:65,2,2,0
BRDA:69,3,0,0
BRDA:69,3,1,0
BRDA:78,4,0,0
BRDA:78,4,1,0
BRDA:80,5,0,0
BRDA:80,5,1,0
BRDA:85,6,0,0
BRDA:85,6,1,0
BRDA:85,6,2,0
BRDA:90,7,0,0
BRDA:90,7,1,0
BRDA:100,8,0,1
BRDA:100,8,1,1
BRDA:109,9,0,1
BRDA:109,9,1,1
BRF:22
BRH:4
end_of_record
TN:
SF:/home/layik/code/tgve/eAtlas/src/components/File.jsx
FN:5,(anonymous_0)
FN:15,(anonymous_1)
FN:23,(anonymous_2)
FN:42,(anonymous_3)
FN:43,(anonymous_4)
FN:53,(anonymous_5)
FN:58,(anonymous_6)
FNF:7
FNH:2
FNDA:1,(anonymous_0)
FNDA:0,(anonymous_1)
FNDA:0,(anonymous_2)
FNDA:0,(anonymous_3)
FNDA:0,(anonymous_4)
FNDA:0,(anonymous_5)
FNDA:2,(anonymous_6)
DA:6,1
DA:7,1
DA:10,1
DA:11,1
DA:12,1
DA:16,0
DA:17,0
DA:18,0
DA:20,0
DA:22,0
DA:23,0
DA:24,0
DA:25,0
DA:26,0
DA:27,0
DA:30,0
DA:32,0
DA:33,0
DA:34,0
DA:37,0
DA:43,0
DA:44,0
DA:45,0
DA:47,0
DA:54,0
DA:55,0
DA:59,2
LF:27
LH:6
BRDA:20,0,0,0
BRDA:20,0,1,0
BRDA:20,1,0,0
BRDA:20,1,1,0
BRDA:20,1,2,0
BRDA:20,1,3,0
BRDA:27,2,0,0
BRDA:27,2,1,0
BRDA:44,3,0,0
BRDA:44,3,1,0
BRDA:66,4,0,2
BRDA:66,4,1,0
BRF:12
BRH:1
end_of_record
TN:
SF:/home/layik/code/tgve/eAtlas/src/components/MapboxBaseLayers.jsx
FN:7,(anonymous_0)
FN:22,(anonymous_1)
FN:32,(anonymous_2)
FN:34,(anonymous_3)
FNF:4
FNH:0
FNDA:0,(anonymous_0)
FNDA:0,(anonymous_1)
FNDA:0,(anonymous_2)
FNDA:0,(anonymous_3)
DA:4,3
DA:8,0
DA:9,0
DA:23,0
DA:24,0
DA:26,0
DA:32,0
DA:35,0
DA:36,0
DA:37,0
LF:10
LH:1
BRDA:10,0,0,0
BRDA:10,0,1,0
BRDA:18,1,0,0
BRDA:18,1,1,0
BRDA:28,2,0,0
BRDA:28,2,1,0
BRDA:29,3,0,0
BRDA:29,3,1,0
BRDA:35,4,0,0
BRDA:35,4,1,0
BRDA:35,5,0,0
BRDA:35,5,1,0
BRDA:37,6,0,0
BRDA:37,6,1,0
BRF:14
BRH:0
end_of_record
TN:
SF:/home/layik/code/tgve/eAtlas/src/components/Modal.jsx
FN:10,(anonymous_0)
FN:22,(anonymous_1)
FN:28,(anonymous_2)
FN:39,(anonymous_3)
FNF:4
FNH:1
FNDA:2,(anonymous_0)
FNDA:0,(anonymous_1)
FNDA:0,(anonymous_2)
FNDA:0,(anonymous_3)
DA:11,2
DA:12,2
DA:14,2
DA:23,0
DA:24,0
DA:29,0
DA:30,0
DA:40,0
DA:41,0
LF:9
LH:3
BRDA:23,0,0,0
BRDA:23,0,1,0
BRDA:26,1,0,2
BRDA:26,1,1,2
BRDA:29,2,0,0
BRDA:29,2,1,0
BRDA:41,3,0,0
BRDA:41,3,1,0
BRF:8
BRH:2
end_of_record
TN:
SF:/home/layik/code/tgve/eAtlas/src/components/MultiSelect.jsx
FN:4,(anonymous_0)
FN:17,(anonymous_1)
FN:22,(anonymous_2)
FNF:3
FNH:1
FNDA:7,(anonymous_0)
FNDA:0,(anonymous_1)
FNDA:0,(anonymous_2)
DA:5,7
DA:7,7
DA:8,7
DA:18,0
DA:19,0
DA:20,0
DA:22,0
DA:23,0
DA:27,0
LF:9
LH:3
BRDA:13,0,0,7
BRDA:13,0,1,0
BRDA:19,1,0,0
BRDA:19,1,1,0
BRDA:20,2,0,0
BRDA:20,2,1,0
BRDA:23,3,0,0
BRDA:23,3,1,0
BRDA:24,4,0,0
BRDA:24,4,1,0
BRDA:27,5,0,0
BRDA:27,5,1,0
BRDA:31,6,0,7
BRDA:31,6,1,6
BRF:14
BRH:3
end_of_record
TN:
SF:/home/layik/code/tgve/eAtlas/src/components/RBAlert.jsx
FN:4,(anonymous_0)
FN:5,(anonymous_1)
FN:14,(anonymous_2)
FN:20,(anonymous_3)
FNF:4
FNH:4
FNDA:16,(anonymous_0)
FNDA:15,(anonymous_1)
FNDA:1,(anonymous_2)
FNDA:1,(anonymous_3)
DA:5,16
DA:8,16
DA:10,1
DA:14,1
DA:20,1
LF:5
LH:5
BRDA:8,0,0,15
BRDA:8,0,1,1
BRDA:18,1,0,1
BRDA:18,1,1,1
BRF:4
BRH:4
end_of_record
TN:
SF:/home/layik/code/tgve/eAtlas/src/components/Table.jsx
FN:7,DataTable
FN:15,(anonymous_1)
FN:18,(anonymous_2)
FN:18,(anonymous_3)
FN:26,(anonymous_4)
FN:35,(anonymous_5)
FNF:6
FNH:5
FNDA:3,DataTable
FNDA:18,(anonymous_1)
FNDA:10,(anonymous_2)
FNDA:90,(anonymous_3)
FNDA:1,(anonymous_4)
FNDA:0,(anonymous_5)
DA:8,3
DA:10,3
DA:11,3
DA:12,2
DA:14,2
DA:15,18
DA:17,2
DA:18,10
DA:19,90
DA:21,2
DA:27,1
DA:36,0
LF:12
LH:11
BRDA:11,0,0,1
BRDA:11,0,1,2
BRDA:11,1,0,3
BRDA:11,1,1,2
BRF:4
BRH:4
end_of_record
TN:
SF:/home/layik/code/tgve/eAtlas/src/components/TreeMap.jsx
FN:27,TreeMap
FN:37,(anonymous_1)
FN:38,(anonymous_2)
FN:41,(anonymous_3)
FNF:4
FNH:0
FNDA:0,TreeMap
FNDA:0,(anonymous_1)
FNDA:0,(anonymous_2)
FNDA:0,(anonymous_3)
DA:6,3
DA:8,3
DA:28,0
DA:29,0
DA:31,0
DA:37,0
DA:38,0
DA:41,0
DA:48,0
DA:49,0
LF:10
LH:2
BRDA:44,0,0,0
BRDA:44,0,1,0
BRDA:44,0,2,0
BRDA:45,1,0,0
BRDA:45,1,1,0
BRDA:45,1,2,0
BRDA:48,2,0,0
BRDA:48,2,1,0
BRDA:48,3,0,0
BRDA:48,3,1,0
BRDA:53,4,0,0
BRDA:53,4,1,0
BRF:12
BRH:0
end_of_record
TN:
SF:/home/layik/code/tgve/eAtlas/src/components/UI.js
FN:14,(anonymous_0)
FN:21,(anonymous_1)
FN:32,(anonymous_2)
FN:38,(anonymous_3)
FN:58,(anonymous_4)
FN:72,(anonymous_5)
FN:76,(anonymous_6)
FN:85,(anonymous_7)
FN:89,(anonymous_8)
FNF:9
FNH:2
FNDA:1,(anonymous_0)
FNDA:1,(anonymous_1)
FNDA:0,(anonymous_2)
FNDA:0,(anonymous_3)
FNDA:0,(anonymous_4)
FNDA:0,(anonymous_5)
FNDA:0,(anonymous_6)
FNDA:0,(anonymous_7)
FNDA:0,(anonymous_8)
DA:15,1
DA:16,1
DA:24,1
DA:25,1
DA:26,0
DA:27,0
DA:28,0
DA:29,0
DA:30,0
DA:34,0
DA:39,0
DA:40,0
DA:49,0
DA:50,0
DA:51,0
DA:59,0
DA:60,0
DA:65,0
DA:66,0
DA:73,0
DA:76,0
DA:84,0
DA:85,0
DA:90,0
DA:94,0
LF:25
LH:4
BRDA:25,0,0,1
BRDA:25,0,1,0
BRDA:25,1,0,1
BRDA:25,1,1,0
BRDA:25,1,2,0
BRDA:27,2,0,0
BRDA:27,2,1,0
BRDA:29,3,0,0
BRDA:29,3,1,0
BRDA:49,4,0,0
BRDA:49,4,1,0
BRDA:49,5,0,0
BRDA:49,5,1,0
BRDA:54,6,0,0
BRDA:54,6,1,0
BRDA:57,7,0,0
BRDA:57,7,1,0
BRDA:60,8,0,0
BRDA:60,8,1,0
BRDA:65,9,0,0
BRDA:65,9,1,0
BRDA:90,10,0,0
BRDA:90,10,1,0
BRDA:90,10,2,0
BRF:24
BRH:2
end_of_record
TN:
SF:/home/layik/code/tgve/eAtlas/src/components/URL.jsx
FN:7,URL
FN:13,(anonymous_1)
FN:23,(anonymous_2)
FNF:3
FNH:1
FNDA:3,URL
FNDA:0,(anonymous_1)
FNDA:0,(anonymous_2)
DA:8,3
DA:9,3
DA:11,3
DA:14,0
DA:15,0
DA:23,0
LF:6
LH:3
BRDA:15,0,0,0
BRDA:15,0,1,0
BRDA:15,0,2,0
BRF:3
BRH:0
end_of_record
TN:
SF:/home/layik/code/tgve/eAtlas/src/components/Variables.jsx
FN:24,Variables
FN:29,(anonymous_1)
FN:34,(anonymous_2)
FN:42,(anonymous_3)
FN:49,(anonymous_4)
FN:53,(anonymous_5)
FN:69,(anonymous_6)
FN:73,(anonymous_7)
FN:74,(anonymous_8)
FN:89,(anonymous_9)
FN:90,(anonymous_10)
FN:92,(anonymous_11)
FN:93,(anonymous_12)
FN:109,(anonymous_13)
FN:110,(anonymous_14)
FN:117,(anonymous_15)
FNF:16
FNH:14
FNDA:3,Variables
FNDA:1,(anonymous_1)
FNDA:4,(anonymous_2)
FNDA:4,(anonymous_3)
FNDA:1,(anonymous_4)
FNDA:1,(anonymous_5)
FNDA:1,(anonymous_6)
FNDA:0,(anonymous_7)
FNDA:1,(anonymous_8)
FNDA:1,(anonymous_9)
FNDA:1,(anonymous_10)
FNDA:3,(anonymous_11)
FNDA:6,(anonymous_12)
FNDA:2,(anonymous_13)
FNDA:0,(anonymous_14)
FNDA:1,(anonymous_15)
DA:26,3
DA:28,3
DA:29,1
DA:31,3
DA:33,2
DA:34,4
DA:35,0
DA:40,2
DA:41,2
DA:42,4
DA:49,2
DA:53,2
DA:59,2
DA:73,1
DA:74,1
DA:76,1
DA:77,1
DA:80,1
DA:82,1
DA:89,1
DA:91,1
DA:92,1
DA:93,3
DA:94,6
DA:101,1
DA:109,2
DA:111,0
DA:117,1
LF:28
LH:26
BRDA:28,0,0,3
BRDA:28,0,1,2
BRDA:31,1,0,1
BRDA:31,1,1,2
BRDA:31,2,0,3
BRDA:31,2,1,2
BRDA:33,3,0,0
BRDA:33,3,1,2
BRDA:33,4,0,2
BRDA:33,4,1,2
BRDA:76,5,0,1
BRDA:76,5,1,0
BRDA:80,6,0,1
BRDA:80,6,1,0
BRDA:89,7,0,2
BRDA:89,7,1,2
BRDA:94,8,0,6
BRDA:94,8,1,3
BRDA:94,8,2,3
BRDA:94,8,3,2
BRDA:111,9,0,0
BRDA:111,9,1,0
BRDA:112,10,0,0
BRDA:112,10,1,0
BRDA:115,11,0,1
BRDA:115,11,1,1
BRF:26
BRH:19
end_of_record
TN:
SF:/home/layik/code/tgve/eAtlas/src/components/boxplot/Boxplot.jsx
FN:9,(anonymous_0)
FN:13,(anonymous_1)
FN:23,(anonymous_2)
FN:36,(anonymous_3)
FN:45,(anonymous_4)
FN:113,(anonymous_5)
FN:128,(anonymous_6)
FNF:7
FNH:5
FNDA:2,(anonymous_0)
FNDA:4,(anonymous_1)
FNDA:2,(anonymous_2)
FNDA:2,(anonymous_3)
FNDA:0,(anonymous_4)
FNDA:0,(anonymous_5)
FNDA:2,(anonymous_6)
DA:10,2
DA:11,2
DA:12,2
DA:13,2
DA:14,4
DA:15,2
DA:18,2
DA:20,1
DA:22,1
DA:23,2
DA:29,1
DA:30,1
DA:31,1
DA:32,1
DA:34,1
DA:35,1
DA:36,2
DA:39,1
DA:42,1
DA:43,1
DA:44,0
DA:45,0
DA:46,0
DA:47,0
DA:48,0
DA:49,0
DA:50,0
DA:51,0
DA:56,1
DA:113,0
DA:129,2
DA:130,2
LF:32
LH:23
BRDA:11,0,0,0
BRDA:11,0,1,2
BRDA:11,1,0,2
BRDA:11,1,1,2
BRDA:11,1,2,2
BRDA:14,2,0,2
BRDA:14,2,1,2
BRDA:18,3,0,1
BRDA:18,3,1,1
BRDA:20,4,0,1
BRDA:20,4,1,0
BRDA:20,4,2,1
BRDA:36,5,0,2
BRDA:36,5,1,2
BRDA:43,6,0,0
BRDA:43,6,1,1
BRDA:47,7,0,0
BRDA:47,7,1,0
BRDA:48,8,0,0
BRDA:48,8,1,0
BRDA:50,9,0,0
BRDA:50,9,1,0
BRDA:72,10,0,1
BRDA:72,10,1,0
BRDA:72,10,2,1
BRDA:103,11,0,1
BRDA:103,11,1,0
BRDA:103,11,2,1
BRDA:117,12,0,0
BRDA:117,12,1,0
BRDA:128,13,0,1
BRDA:128,13,1,1
BRF:32
BRH:19
end_of_record
TN:
SF:/home/layik/code/tgve/eAtlas/src/components/customlayers/BarLayer.js
FN:71,(anonymous_0)
FN:98,(anonymous_1)
FN:102,(anonymous_2)
FN:137,(anonymous_3)
FN:149,(anonymous_4)
FN:155,(anonymous_5)
FNF:6
FNH:0
FNDA:0,(anonymous_0)
FNDA:0,(anonymous_1)
FNDA:0,(anonymous_2)
FNDA:0,(anonymous_3)
FNDA:0,(anonymous_4)
FNDA:0,(anonymous_5)
DA:5,11
DA:59,11
DA:69,11
DA:71,0
DA:99,0
DA:103,0
DA:138,0
DA:140,0
DA:141,0
DA:142,0
DA:143,0
DA:145,0
DA:150,0
DA:156,0
DA:164,0
DA:181,11
DA:182,11
LF:17
LH:5
BRDA:140,0,0,0
BRDA:140,0,1,0
BRDA:142,1,0,0
BRDA:142,1,1,0
BRF:4
BRH:0
end_of_record
TN:
SF:/home/layik/code/tgve/eAtlas/src/components/decksidebar/Charts.jsx
FN:16,(anonymous_0)
FN:22,(anonymous_1)
FN:38,(anonymous_2)
FN:58,(anonymous_3)
FN:59,(anonymous_4)
FN:74,(anonymous_5)
FN:82,(anonymous_6)
FN:90,(anonymous_7)
FN:92,(anonymous_8)
FNF:9
FNH:3
FNDA:14,(anonymous_0)
FNDA:0,(anonymous_1)
FNDA:14,(anonymous_2)
FNDA:0,(anonymous_3)
FNDA:0,(anonymous_4)
FNDA:9,(anonymous_5)
FNDA:0,(anonymous_6)
FNDA:0,(anonymous_7)
FNDA:0,(anonymous_8)
DA:17,14
DA:18,14
DA:23,0
DA:29,0
DA:30,0
DA:31,0
DA:32,0
DA:33,0
DA:35,0
DA:40,14
DA:41,14
DA:42,14
DA:43,3
DA:44,3
DA:49,3
DA:50,3
DA:52,3
DA:59,0
DA:60,0
DA:62,0
DA:64,0
DA:65,0
DA:67,0
DA:74,9
DA:84,0
DA:86,0
DA:87,0
DA:91,0
DA:92,0
DA:93,0
DA:94,0
LF:31
LH:11
BRDA:29,0,0,0
BRDA:29,0,1,0
BRDA:29,1,0,0
BRDA:29,1,1,0
BRDA:31,2,0,0
BRDA:31,2,1,0
BRDA:32,3,0,0
BRDA:32,3,1,0
BRDA:42,4,0,11
BRDA:42,4,1,3
BRDA:42,5,0,14
BRDA:42,5,1,3
BRDA:43,6,0,3
BRDA:43,6,1,3
BRDA:44,7,0,3
BRDA:44,7,1,0
BRDA:54,8,0,3
BRDA:54,8,1,0
BRDA:58,9,0,3
BRDA:58,9,1,3
BRDA:60,10,0,0
BRDA:60,10,1,0
BRDA:60,11,0,0
BRDA:60,11,1,0
BRDA:60,11,2,0
BRDA:67,12,0,0
BRDA:67,12,1,0
BRDA:68,13,0,0
BRDA:68,13,1,0
BRDA:73,14,0,3
BRDA:73,14,1,3
BRDA:84,15,0,0
BRDA:84,15,1,0
BRDA:87,16,0,0
BRDA:87,16,1,0
BRDA:91,17,0,0
BRDA:91,17,1,0
BRDA:94,18,0,0
BRDA:94,18,1,0
BRF:39
BRH:12
end_of_record
TN:
SF:/home/layik/code/tgve/eAtlas/src/components/decksidebar/DeckSidebar.jsx
FN:32,(anonymous_0)
FN:44,(anonymous_1)
FN:80,(anonymous_2)
FN:98,(anonymous_3)
FN:100,(anonymous_4)
FN:112,TabPanelOverride
FN:136,(anonymous_6)
FN:137,(anonymous_7)
FN:151,(anonymous_8)
FN:161,(anonymous_9)
FN:186,(anonymous_10)
FN:189,(anonymous_11)
FN:212,(anonymous_12)
FN:225,(anonymous_13)
FN:228,(anonymous_14)
FN:243,(anonymous_15)
FN:256,(anonymous_16)
FN:268,(anonymous_17)
FN:274,(anonymous_18)
FN:293,(anonymous_19)
FN:311,(anonymous_20)
FN:313,(anonymous_21)
FN:315,(anonymous_22)
FN:328,(anonymous_23)
FNF:24
FNH:8
FNDA:12,(anonymous_0)
FNDA:10,(anonymous_1)
FNDA:13,(anonymous_2)
FNDA:4,(anonymous_3)
FNDA:0,(anonymous_4)
FNDA:76,TabPanelOverride
FNDA:2,(anonymous_6)
FNDA:0,(anonymous_7)
FNDA:0,(anonymous_8)
FNDA:0,(anonymous_9)
FNDA:4,(anonymous_10)
FNDA:0,(anonymous_11)
FNDA:0,(anonymous_12)
FNDA:26,(anonymous_13)
FNDA:0,(anonymous_14)
FNDA:0,(anonymous_15)
FNDA:0,(anonymous_16)
FNDA:0,(anonymous_17)
FNDA:0,(anonymous_18)
FNDA:0,(anonymous_19)
FNDA:0,(anonymous_20)
FNDA:0,(anonymous_21)
FNDA:0,(anonymous_22)
FNDA:0,(anonymous_23)
DA:33,12
DA:34,12
DA:47,10
DA:48,10
DA:51,10
DA:61,1
DA:68,9
DA:69,0
DA:70,0
DA:71,0
DA:73,0
DA:82,13
DA:88,13
DA:90,13
DA:94,13
DA:97,13
DA:98,4
DA:100,13
DA:101,0
DA:110,13
DA:113,76
DA:118,13
DA:136,2
DA:138,0
DA:139,0
DA:152,0
DA:153,0
DA:155,0
DA:161,0
DA:187,4
DA:191,0
DA:193,0
DA:196,0
DA:213,0
DA:226,26
DA:230,0
DA:231,0
DA:232,0
DA:233,0
DA:244,0
DA:257,0
DA:268,0
DA:275,0
DA:294,0
DA:298,0
DA:312,0
DA:313,0
DA:314,0
DA:315,0
DA:316,0
DA:328,0
LF:51
LH:20
BRDA:38,0,0,12
BRDA:38,0,1,2
BRDA:51,1,0,1
BRDA:51,1,1,9
BRDA:51,2,0,10
BRDA:51,2,1,10
BRDA:51,2,2,10
BRDA:51,2,3,9
BRDA:51,2,4,9
BRDA:51,2,5,9
BRDA:51,2,6,9
BRDA:51,2,7,9
BRDA:51,2,8,9
BRDA:68,3,0,9
BRDA:68,3,1,0
BRDA:68,4,0,9
BRDA:68,4,1,9
BRDA:70,5,0,0
BRDA:70,5,1,0
BRDA:90,6,0,13
BRDA:90,6,1,2
BRDA:94,7,0,13
BRDA:94,7,1,1
BRDA:97,8,0,13
BRDA:97,8,1,2
BRDA:106,9,0,0
BRDA:106,9,1,0
BRDA:128,10,0,13
BRDA:128,10,1,2
BRDA:136,11,0,2
BRDA:136,11,1,0
BRDA:138,12,0,0
BRDA:138,12,1,0
BRDA:139,13,0,0
BRDA:139,13,1,0
BRDA:143,14,0,13
BRDA:143,14,1,0
BRDA:143,14,2,0
BRDA:143,14,3,0
BRDA:153,15,0,0
BRDA:153,15,1,0
BRDA:155,16,0,0
BRDA:155,16,1,0
BRDA:159,17,0,13
BRDA:159,17,1,2
BRDA:161,18,0,0
BRDA:161,18,1,0
BRDA:174,19,0,13
BRDA:174,19,1,13
BRDA:177,20,0,13
BRDA:177,20,1,2
BRDA:177,20,2,2
BRDA:177,20,3,2
BRDA:184,21,0,2
BRDA:184,21,1,0
BRDA:191,22,0,0
BRDA:191,22,1,0
BRDA:191,23,0,0
BRDA:191,23,1,0
BRDA:196,24,0,0
BRDA:196,24,1,0
BRDA:204,25,0,13
BRDA:204,25,1,13
BRDA:210,26,0,13
BRDA:210,26,1,2
BRDA:213,27,0,0
BRDA:213,27,1,0
BRDA:217,28,0,13
BRDA:217,28,1,2
BRDA:230,29,0,0
BRDA:230,29,1,0
BRDA:230,30,0,0
BRDA:230,30,1,0
BRDA:233,31,0,0
BRDA:233,31,1,0
BRDA:244,32,0,0
BRDA:244,32,1,0
BRDA:257,33,0,0
BRDA:257,33,1,0
BRDA:266,34,0,13
BRDA:266,34,1,2
BRDA:266,34,2,1
BRDA:268,35,0,0
BRDA:268,35,1,0
BRDA:271,36,0,13
BRDA:271,36,1,2
BRDA:275,37,0,0
BRDA:275,37,1,0
BRDA:281,38,0,13
BRDA:281,38,1,1
BRDA:281,38,2,1
BRDA:285,39,0,0
BRDA:285,39,1,1
BRDA:285,40,0,1
BRDA:285,40,1,1
BRDA:294,41,0,0
BRDA:294,41,1,0
BRDA:296,42,0,0
BRDA:296,42,1,0
BRDA:310,43,0,13
BRDA:310,43,1,2
BRDA:310,44,0,2
BRDA:310,44,1,1
BRDA:314,45,0,0
BRDA:314,45,1,0
BRDA:314,45,2,0
BRDA:315,46,0,0
BRDA:315,46,1,0
BRDA:316,47,0,0
BRDA:316,47,1,0
BRDA:316,47,2,0
BRF:111
BRH:56
end_of_record
TN:
SF:/home/layik/code/tgve/eAtlas/src/components/decksidebar/DeckSidebarContainer.jsx
FN:15,DeckSidebarContainer
FN:19,(anonymous_1)
FN:32,(anonymous_2)
FN:32,(anonymous_3)
FN:33,(anonymous_4)
FN:33,(anonymous_5)
FN:41,(anonymous_6)
FNF:7
FNH:2
FNDA:20,DeckSidebarContainer
FNDA:11,(anonymous_1)
FNDA:0,(anonymous_2)
FNDA:0,(anonymous_3)
FNDA:0,(anonymous_4)
FNDA:0,(anonymous_5)
FNDA:0,(anonymous_6)
DA:16,20
DA:17,20
DA:19,20
DA:22,20
DA:32,0
DA:33,0
DA:41,0
LF:7
LH:4
BRDA:25,0,0,20
BRDA:25,0,1,0
BRDA:35,1,0,20
BRDA:35,1,1,0
BRDA:46,2,0,20
BRDA:46,2,1,0
BRF:6
BRH:3
end_of_record
TN:
SF:/home/layik/code/tgve/eAtlas/src/components/decksidebar/HexPlot.jsx
FN:6,(anonymous_0)
FN:9,(anonymous_1)
FN:28,(anonymous_2)
FNF:3
FNH:0
FNDA:0,(anonymous_0)
FNDA:0,(anonymous_1)
FNDA:0,(anonymous_2)
DA:8,0
DA:9,0
DA:12,0
DA:13,0
DA:16,0
DA:17,0
DA:19,0
DA:20,0
DA:28,0
DA:51,0
LF:10
LH:0
BRDA:12,0,0,0
BRDA:12,0,1,0
BRDA:17,1,0,0
BRDA:17,1,1,0
BRDA:19,2,0,0
BRDA:19,2,1,0
BRDA:19,3,0,0
BRDA:19,3,1,0
BRDA:23,4,0,0
BRDA:23,4,1,0
BRDA:39,5,0,0
BRDA:39,5,1,0
BRDA:43,6,0,0
BRDA:43,6,1,0
BRF:14
BRH:0
end_of_record
TN:
SF:/home/layik/code/tgve/eAtlas/src/components/decksidebar/utils.js
FN:4,(anonymous_0)
FN:5,(anonymous_1)
FNF:2
FNH:2
FNDA:31,(anonymous_0)
FNDA:15,(anonymous_1)
DA:4,3
DA:5,31
DA:10,31
LF:3
LH:3
BRF:0
BRH:0
end_of_record
TN:
SF:/home/layik/code/tgve/eAtlas/src/components/export/Export.jsx
FN:11,Export
FN:22,(anonymous_1)
FN:28,(anonymous_2)
FN:31,(anonymous_3)
FN:56,(anonymous_4)
FN:58,(anonymous_5)
FN:75,(anonymous_6)
FN:78,(anonymous_7)
FN:111,(anonymous_8)
FN:118,(anonymous_9)
FN:121,(anonymous_10)
FNF:11
FNH:1
FNDA:13,Export
FNDA:0,(anonymous_1)
FNDA:0,(anonymous_2)
FNDA:0,(anonymous_3)
FNDA:0,(anonymous_4)
FNDA:0,(anonymous_5)
FNDA:0,(anonymous_6)
FNDA:0,(anonymous_7)
FNDA:0,(anonymous_8)
FNDA:0,(anonymous_9)
FNDA:0,(anonymous_10)
DA:12,13
DA:13,13
DA:15,13
DA:23,0
DA:29,0
DA:32,0
DA:33,0
DA:35,0
DA:38,0
DA:56,0
DA:58,0
DA:75,3
DA:76,0
DA:77,0
DA:79,0
DA:84,0
DA:85,0
DA:86,0
DA:87,0
DA:111,3
DA:112,0
DA:113,0
DA:115,0
DA:116,0
DA:118,0
DA:119,0
DA:122,0
LF:27
LH:5
BRDA:16,0,0,2
BRDA:16,0,1,11
BRDA:27,1,0,0
BRDA:27,1,1,0
BRDA:29,2,0,0
BRDA:29,2,1,0
BRDA:32,3,0,0
BRDA:32,3,1,0
BRDA:49,4,0,2
BRDA:49,4,1,0
BRDA:86,5,0,0
BRDA:86,5,1,0
BRDA:112,6,0,0
BRDA:112,6,1,0
BRDA:113,7,0,0
BRDA:113,7,1,0
BRDA:115,8,0,0
BRDA:115,8,1,0
BRDA:119,9,0,0
BRDA:119,9,1,0
BRDA:122,10,0,0
BRDA:122,10,1,0
BRF:22
BRH:3
end_of_record
TN:
SF:/home/layik/code/tgve/eAtlas/src/components/export/Preview.jsx
FN:16,Preview
FN:24,(anonymous_1)
FN:26,(anonymous_2)
FN:27,(anonymous_3)
FN:32,(anonymous_4)
FN:38,(anonymous_5)
FN:39,(anonymous_6)
FN:55,(anonymous_7)
FN:59,(anonymous_8)
FN:66,(anonymous_9)
FN:73,(anonymous_10)
FNF:11
FNH:3
FNDA:11,Preview
FNDA:11,(anonymous_1)
FNDA:0,(anonymous_2)
FNDA:0,(anonymous_3)
FNDA:0,(anonymous_4)
FNDA:0,(anonymous_5)
FNDA:0,(anonymous_6)
FNDA:0,(anonymous_7)
FNDA:0,(anonymous_8)
FNDA:0,(anonymous_9)
FNDA:22,(anonymous_10)
DA:17,11
DA:18,11
DA:19,11
DA:20,11
DA:22,11
DA:24,11
DA:25,11
DA:26,0
DA:27,0
DA:28,0
DA:31,0
DA:32,0
DA:36,11
DA:39,0
DA:55,0
DA:60,0
DA:61,0
DA:62,0
DA:63,0
DA:64,0
DA:66,0
DA:73,3
DA:74,22
LF:23
LH:10
BRDA:25,0,0,11
BRDA:25,0,1,0
BRDA:43,1,0,0
BRDA:43,1,1,11
BRF:4
BRH:2
end_of_record
TN:
SF:/home/layik/code/tgve/eAtlas/src/components/settings/LayerSettings.jsx
FN:29,LayerSettings
FN:34,(anonymous_1)
FN:56,(anonymous_2)
FN:66,getUIForKey
FN:78,(anonymous_4)
FN:90,(anonymous_5)
FN:104,(anonymous_6)
FN:105,(anonymous_7)
FN:109,(anonymous_8)
FNF:9
FNH:5
FNDA:5,LayerSettings
FNDA:3,(anonymous_1)
FNDA:30,(anonymous_2)
FNDA:30,getUIForKey
FNDA:0,(anonymous_4)
FNDA:0,(anonymous_5)
FNDA:36,(anonymous_6)
FNDA:0,(anonymous_7)
FNDA:0,(anonymous_8)
DA:30,5
DA:31,5
DA:32,5
DA:34,5
DA:35,3
DA:36,2
DA:37,2
DA:38,2
DA:39,2
DA:42,5
DA:44,4
DA:57,30
DA:58,30
DA:67,30
DA:68,26
DA:70,10
DA:79,0
DA:80,0
DA:81,0
DA:86,12
DA:91,0
DA:92,0
DA:93,0
DA:98,4
DA:104,36
DA:106,0
DA:109,0
DA:110,0
DA:111,0
DA:113,0
DA:114,0
DA:117,0
DA:118,0
DA:119,0
DA:121,0
DA:122,0
LF:36
LH:19
BRDA:35,0,0,1
BRDA:35,0,1,2
BRDA:37,1,0,0
BRDA:37,1,1,2
BRDA:42,2,0,1
BRDA:42,2,1,4
BRDA:42,3,0,5
BRDA:42,3,1,4
BRDA:58,4,0,30
BRDA:58,4,1,30
BRDA:67,5,0,4
BRDA:67,5,1,26
BRDA:68,6,0,10
BRDA:68,6,1,12
BRDA:68,6,2,4
BRDA:74,7,0,10
BRDA:74,7,1,0
BRDA:74,7,2,10
BRDA:81,8,0,0
BRDA:81,8,1,0
BRDA:88,9,0,0
BRDA:88,9,1,12
BRDA:93,10,0,0
BRDA:93,10,1,0
BRDA:103,11,0,4
BRDA:103,11,1,4
BRDA:111,12,0,0
BRDA:111,12,1,0
BRDA:111,12,2,0
BRDA:113,13,0,0
BRDA:113,13,1,0
BRDA:113,14,0,0
BRDA:113,14,1,0
BRDA:118,15,0,0
BRDA:118,15,1,0
BRDA:122,16,0,0
BRDA:122,16,1,0
BRF:37
BRH:19
end_of_record
TN:
SF:/home/layik/code/tgve/eAtlas/src/components/settings/TooltipSettings.jsx
FN:3,TooltipSettings
FNF:1
FNH:0
FNDA:0,TooltipSettings
DA:6,0
LF:1
LH:0
BRF:0
BRH:0
end_of_record
TN:
SF:/home/layik/code/tgve/eAtlas/src/components/settings/settingsUtils.js
FN:10,(anonymous_0)
FN:11,(anonymous_1)
FN:17,(anonymous_2)
FN:100,(anonymous_3)
FN:101,(anonymous_4)
FN:113,(anonymous_5)
FN:114,(anonymous_6)
FN:121,(anonymous_7)
FN:162,(anonymous_8)
FNF:9
FNH:4
FNDA:132,(anonymous_0)
FNDA:264,(anonymous_1)
FNDA:165,(anonymous_2)
FNDA:0,(anonymous_3)
FNDA:0,(anonymous_4)
FNDA:0,(anonymous_5)
FNDA:0,(anonymous_6)
FNDA:0,(anonymous_7)
FNDA:11,(anonymous_8)
DA:10,11
DA:11,132
DA:12,264
DA:14,132
DA:17,11
DA:18,165
DA:21,11
DA:25,11
DA:27,11
DA:36,11
DA:37,11
DA:45,11
DA:46,11
DA:64,11
DA:65,11
DA:76,11
DA:77,11
DA:85,11
DA:86,11
DA:91,11
DA:92,11
DA:100,0
DA:101,0
DA:103,11
DA:104,11
DA:113,0
DA:114,0
DA:116,11
DA:117,11
DA:121,0
DA:126,11
DA:127,11
DA:131,11
DA:132,11
DA:137,11
DA:138,11
DA:143,11
DA:145,11
DA:155,11
DA:162,11
DA:163,11
DA:164,10
DA:167,11
LF:43
LH:38
BRDA:163,0,0,1
BRDA:163,0,1,10
BRF:2
BRH:2
end_of_record
TN:
SF:/home/layik/code/tgve/eAtlas/src/components/showcases/GenericPlotly.jsx
FN:27,(anonymous_0)
FN:48,(anonymous_1)
FNF:2
FNH:0
FNDA:0,(anonymous_0)
FNDA:0,(anonymous_1)
DA:6,3
DA:30,0
DA:32,0
DA:33,0
DA:35,0
DA:36,0
DA:49,0
LF:7
LH:1
BRDA:28,0,0,0
BRDA:28,1,0,0
BRDA:28,2,0,0
BRDA:29,3,0,0
BRDA:29,4,0,0
BRDA:32,5,0,0
BRDA:32,5,1,0
BRDA:33,6,0,0
BRDA:33,6,1,0
BRDA:35,7,0,0
BRDA:35,7,1,0
BRDA:35,8,0,0
BRDA:35,8,1,0
BRDA:35,8,2,0
BRDA:42,9,0,0
BRDA:42,9,1,0
BRDA:42,10,0,0
BRDA:42,10,1,0
BRDA:49,11,0,0
BRDA:49,11,1,0
BRDA:52,12,0,0
BRDA:52,12,1,0
BRF:22
BRH:0
end_of_record
TN:
SF:/home/layik/code/tgve/eAtlas/src/components/showcases/HexbinSeries.jsx
FN:11,(anonymous_0)
FN:22,(anonymous_1)
FN:34,(anonymous_2)
FNF:3
FNH:0
FNDA:0,(anonymous_0)
FNDA:0,(anonymous_1)
FNDA:0,(anonymous_2)
DA:6,0
DA:12,0
DA:13,0
DA:14,0
DA:15,0
DA:23,0
DA:34,0
LF:7
LH:0
BRDA:14,0,0,0
BRDA:14,0,1,0
BRDA:14,1,0,0
BRDA:14,1,1,0
BRDA:30,2,0,0
BRDA:30,2,1,0
BRDA:30,2,2,0
BRDA:30,2,3,0
BRDA:32,3,0,0
BRDA:32,3,1,0
BRDA:32,3,2,0
BRDA:32,3,3,0
BRDA:48,4,0,0
BRDA:48,4,1,0
BRDA:48,4,2,0
BRDA:52,5,0,0
BRDA:52,5,1,0
BRDA:52,5,2,0
BRF:18
BRH:0
end_of_record
TN:
SF:/home/layik/code/tgve/eAtlas/src/components/showcases/MultiLinePlot.jsx
FN:25,MultiLinePlot
FN:40,(anonymous_1)
FN:57,(anonymous_2)
FN:62,(anonymous_3)
FN:70,(anonymous_4)
FN:78,(anonymous_5)
FN:82,(anonymous_6)
FN:83,(anonymous_7)
FNF:8
FNH:0
FNDA:0,MultiLinePlot
FNDA:0,(anonymous_1)
FNDA:0,(anonymous_2)
FNDA:0,(anonymous_3)
FNDA:0,(anonymous_4)
FNDA:0,(anonymous_5)
FNDA:0,(anonymous_6)
FNDA:0,(anonymous_7)
DA:12,0
DA:26,0
DA:28,0
DA:31,0
DA:33,0
DA:40,0
DA:41,0
DA:44,0
DA:57,0
DA:62,0
DA:70,0
DA:79,0
DA:83,0
LF:13
LH:0
BRDA:33,0,0,0
BRDA:33,0,1,0
BRDA:33,1,0,0
BRDA:33,1,1,0
BRDA:40,2,0,0
BRDA:40,2,1,0
BRDA:41,3,0,0
BRDA:41,3,1,0
BRDA:46,4,0,0
BRDA:46,4,1,0
BRDA:46,4,2,0
BRDA:46,4,3,0
BRDA:49,5,0,0
BRDA:49,5,1,0
BRDA:49,5,2,0
BRDA:53,6,0,0
BRDA:53,6,1,0
BRDA:53,6,2,0
BRDA:55,7,0,0
BRDA:55,7,1,0
BRDA:55,7,2,0
BRDA:56,8,0,0
BRDA:56,8,1,0
BRDA:56,8,2,0
BRDA:59,9,0,0
BRDA:59,9,1,0
BRDA:65,10,0,0
BRDA:65,10,1,0
BRDA:67,11,0,0
BRDA:67,11,1,0
BRDA:73,12,0,0
BRDA:73,12,1,0
BRDA:74,13,0,0
BRDA:74,13,1,0
BRDA:87,14,0,0
BRDA:87,14,1,0
BRF:36
BRH:0
end_of_record
TN:
SF:/home/layik/code/tgve/eAtlas/src/components/showcases/SeriesPlot.jsx
FN:15,SeriesPlot
FN:48,(anonymous_1)
FN:53,(anonymous_2)
FN:57,(anonymous_3)
FN:61,(anonymous_4)
FN:62,(anonymous_5)
FN:71,(anonymous_6)
FN:87,(anonymous_7)
FNF:8
FNH:3
FNDA:3,SeriesPlot
FNDA:0,(anonymous_1)
FNDA:4,(anonymous_2)
FNDA:0,(anonymous_3)
FNDA:0,(anonymous_4)
FNDA:2,(anonymous_5)
FNDA:0,(anonymous_6)
FNDA:0,(anonymous_7)
DA:12,3
DA:13,3
DA:16,3
DA:19,3
DA:20,3
DA:21,3
DA:23,3
DA:28,3
DA:30,3
DA:32,1
DA:48,0
DA:53,4
DA:58,0
DA:59,0
DA:61,0
DA:62,2
DA:71,0
DA:88,0
LF:18
LH:12
BRDA:20,0,0,0
BRDA:20,0,1,3
BRDA:23,1,0,0
BRDA:23,1,1,3
BRDA:23,2,0,3
BRDA:23,2,1,3
BRDA:23,2,2,3
BRDA:23,2,3,3
BRDA:30,3,0,2
BRDA:30,3,1,1
BRDA:30,4,0,3
BRDA:30,4,1,3
BRDA:37,5,0,1
BRDA:37,5,1,1
BRDA:37,5,2,1
BRDA:37,5,3,1
BRDA:37,5,4,0
BRDA:40,6,0,1
BRDA:40,6,1,1
BRDA:40,6,2,0
BRDA:44,7,0,1
BRDA:44,7,1,1
BRDA:44,7,2,0
BRDA:46,8,0,1
BRDA:46,8,1,1
BRDA:46,8,2,1
BRDA:47,9,0,1
BRDA:47,9,1,1
BRDA:47,9,2,1
BRDA:50,10,0,1
BRDA:50,10,1,1
BRDA:55,11,0,0
BRDA:55,11,1,1
BRDA:58,12,0,0
BRDA:58,12,1,0
BRDA:66,13,0,0
BRDA:66,13,1,1
BRDA:68,14,0,1
BRDA:68,14,1,0
BRDA:73,15,0,0
BRDA:73,15,1,0
BRDA:74,16,0,0
BRDA:74,16,1,0
BRDA:94,17,0,1
BRDA:94,17,1,0
BRF:45
BRH:30
end_of_record
TN:
SF:/home/layik/code/tgve/eAtlas/src/components/showcases/Widgets.jsx
FN:20,(anonymous_0)
FN:31,(anonymous_1)
FN:41,(anonymous_2)
FN:54,(anonymous_3)
FN:68,useInterval
FN:71,(anonymous_5)
FN:75,(anonymous_6)
FN:76,tick
FN:81,(anonymous_8)
FN:86,CustomSlider
FN:94,(anonymous_10)
FN:100,(anonymous_11)
FN:102,(anonymous_12)
FN:120,(anonymous_13)
FN:133,(anonymous_14)
FN:152,(anonymous_15)
FN:163,(anonymous_16)
FN:177,(anonymous_17)
FN:189,(anonymous_18)
FNF:19
FNH:0
FNDA:0,(anonymous_0)
FNDA:0,(anonymous_1)
FNDA:0,(anonymous_2)
FNDA:0,(anonymous_3)
FNDA:0,useInterval
FNDA:0,(anonymous_5)
FNDA:0,(anonymous_6)
FNDA:0,tick
FNDA:0,(anonymous_8)
FNDA:0,CustomSlider
FNDA:0,(anonymous_10)
FNDA:0,(anonymous_11)
FNDA:0,(anonymous_12)
FNDA:0,(anonymous_13)
FNDA:0,(anonymous_14)
FNDA:0,(anonymous_15)
FNDA:0,(anonymous_16)
FNDA:0,(anonymous_17)
FNDA:0,(anonymous_18)
DA:20,2
DA:22,0
DA:24,0
DA:25,0
DA:27,0
DA:29,0
DA:31,0
DA:33,0
DA:35,0
DA:42,0
DA:43,0
DA:46,0
DA:57,0
DA:58,0
DA:62,0
DA:69,0
DA:71,0
DA:72,0
DA:75,0
DA:77,0
DA:79,0
DA:80,0
DA:81,0
DA:87,0
DA:89,0
DA:90,0
DA:91,0
DA:92,0
DA:94,0
DA:95,0
DA:96,0
DA:100,0
DA:102,0
DA:103,0
DA:107,0
DA:108,0
DA:110,0
DA:112,0
DA:120,0
DA:134,0
DA:135,0
DA:137,0
DA:153,0
DA:154,0
DA:156,0
DA:158,0
DA:159,0
DA:164,0
DA:178,0
DA:190,0
LF:50
LH:1
BRDA:24,0,0,0
BRDA:24,0,1,0
BRDA:24,1,0,0
BRDA:24,1,1,0
BRDA:24,1,2,0
BRDA:27,2,0,0
BRDA:27,2,1,0
BRDA:33,3,0,0
BRDA:33,3,1,0
BRDA:33,4,0,0
BRDA:33,4,1,0
BRDA:33,4,2,0
BRDA:33,4,3,0
BRDA:37,5,0,0
BRDA:37,5,1,0
BRDA:39,6,0,0
BRDA:39,6,1,0
BRDA:43,7,0,0
BRDA:43,7,1,0
BRDA:44,8,0,0
BRDA:44,8,1,0
BRDA:62,9,0,0
BRDA:62,9,1,0
BRDA:79,10,0,0
BRDA:79,10,1,0
BRDA:96,11,0,0
BRDA:96,11,1,0
BRDA:103,12,0,0
BRDA:103,12,1,0
BRDA:108,13,0,0
BRDA:108,13,1,0
BRDA:108,14,0,0
BRDA:108,14,1,0
BRDA:110,15,0,0
BRDA:110,15,1,0
BRDA:134,16,0,0
BRDA:134,16,1,0
BRDA:141,17,0,0
BRDA:141,17,1,0
BRDA:153,18,0,0
BRDA:153,18,1,0
BRDA:158,19,0,0
BRDA:158,19,1,0
BRDA:159,20,0,0
BRDA:159,20,1,0
BRF:45
BRH:0
end_of_record
TN:
SF:/home/layik/code/tgve/eAtlas/src/components/showcases/factory.js
FN:56,plotComponentFactory
FN:58,(anonymous_1)
FN:74,(anonymous_2)
FN:76,(anonymous_3)
FN:91,(anonymous_4)
FN:102,(anonymous_5)
FN:109,(anonymous_6)
FN:115,(anonymous_7)
FN:140,(anonymous_8)
FN:155,(anonymous_9)
FN:160,(anonymous_10)
FN:165,(anonymous_11)
FN:170,(anonymous_12)
FN:175,(anonymous_13)
FN:179,(anonymous_14)
FN:188,(anonymous_15)
FN:194,(anonymous_16)
FN:205,(anonymous_17)
FN:214,(anonymous_18)
FN:215,(anonymous_19)
FN:233,(anonymous_20)
FN:238,(anonymous_21)
FN:243,(anonymous_22)
FN:247,(anonymous_23)
FN:276,(anonymous_24)
FNF:25
FNH:2
FNDA:3,plotComponentFactory
FNDA:0,(anonymous_1)
FNDA:0,(anonymous_2)
FNDA:0,(anonymous_3)
FNDA:0,(anonymous_4)
FNDA:0,(anonymous_5)
FNDA:0,(anonymous_6)
FNDA:0,(anonymous_7)
FNDA:0,(anonymous_8)
FNDA:0,(anonymous_9)
FNDA:0,(anonymous_10)
FNDA:0,(anonymous_11)
FNDA:0,(anonymous_12)
FNDA:0,(anonymous_13)
FNDA:0,(anonymous_14)
FNDA:0,(anonymous_15)
FNDA:0,(anonymous_16)
FNDA:0,(anonymous_17)
FNDA:0,(anonymous_18)
FNDA:0,(anonymous_19)
FNDA:0,(anonymous_20)
FNDA:0,(anonymous_21)
FNDA:0,(anonymous_22)
FNDA:0,(anonymous_23)
FNDA:93,(anonymous_24)
DA:8,3
DA:42,3
DA:54,3
DA:59,0
DA:61,0
DA:62,0
DA:63,0
DA:65,0
DA:66,0
DA:67,0
DA:68,0
DA:69,0
DA:70,0
DA:71,0
DA:75,0
DA:77,0
DA:78,0
DA:80,0
DA:81,0
DA:84,0
DA:92,0
DA:93,0
DA:95,0
DA:96,0
DA:97,0
DA:98,0
DA:99,0
DA:103,0
DA:104,0
DA:110,0
DA:112,0
DA:116,0
DA:120,0
DA:122,0
DA:124,0
DA:130,0
DA:131,0
DA:133,0
DA:134,0
DA:137,0
DA:141,0
DA:143,0
DA:145,0
DA:146,0
DA:147,0
DA:150,0
DA:152,0
DA:156,0
DA:157,0
DA:160,0
DA:161,0
DA:166,0
DA:167,0
DA:170,0
DA:171,0
DA:176,0
DA:180,0
DA:181,0
DA:182,0
DA:183,0
DA:184,0
DA:189,0
DA:190,0
DA:193,0
DA:194,0
DA:195,0
DA:196,0
DA:197,0
DA:199,0
DA:200,0
DA:201,0
DA:206,0
DA:208,0
DA:209,0
DA:215,0
DA:216,0
DA:217,0
DA:218,0
DA:220,0
DA:221,0
DA:222,0
DA:224,0
DA:225,0
DA:227,0
DA:228,0
DA:234,0
DA:235,0
DA:239,0
DA:240,0
DA:244,0
DA:248,0
DA:259,3
DA:276,3
DA:277,93
DA:278,93
DA:282,3
DA:289,3
LF:97
LH:9
BRDA:77,0,0,0
BRDA:77,0,1,0
BRDA:80,1,0,0
BRDA:80,1,1,0
BRDA:92,2,0,0
BRDA:92,2,1,0
BRDA:98,3,0,0
BRDA:98,3,1,0
BRDA:103,4,0,0
BRDA:103,4,1,0
BRDA:120,5,0,0
BRDA:120,5,1,0
BRDA:120,6,0,0
BRDA:120,6,1,0
BRDA:122,7,0,0
BRDA:122,7,1,0
BRDA:122,8,0,0
BRDA:122,8,1,0
BRDA:125,9,0,0
BRDA:125,9,1,0
BRDA:125,9,2,0
BRDA:125,9,3,0
BRDA:133,10,0,0
BRDA:133,10,1,0
BRDA:133,11,0,0
BRDA:133,11,1,0
BRDA:133,11,2,0
BRDA:133,11,3,0
BRDA:145,12,0,0
BRDA:145,12,1,0
BRDA:145,13,0,0
BRDA:145,13,1,0
BRDA:156,14,0,0
BRDA:156,14,1,0
BRDA:156,15,0,0
BRDA:156,15,1,0
BRDA:166,16,0,0
BRDA:166,16,1,0
BRDA:166,17,0,0
BRDA:166,17,1,0
BRDA:180,18,0,0
BRDA:180,18,1,0
BRDA:182,19,0,0
BRDA:182,19,1,0
BRDA:189,20,0,0
BRDA:189,20,1,0
BRDA:193,21,0,0
BRDA:193,21,1,0
BRDA:193,22,0,0
BRDA:193,22,1,0
BRDA:196,23,0,0
BRDA:196,23,1,0
BRDA:199,24,0,0
BRDA:199,24,1,0
BRDA:199,25,0,0
BRDA:199,25,1,0
BRDA:208,26,0,0
BRDA:208,26,1,0
BRDA:208,27,0,0
BRDA:208,27,1,0
BRDA:220,28,0,0
BRDA:220,28,1,0
BRDA:220,29,0,0
BRDA:220,29,1,0
BRDA:222,30,0,0
BRDA:222,30,1,0
BRDA:222,31,0,0
BRDA:222,31,1,0
BRDA:225,32,0,0
BRDA:225,32,1,0
BRDA:225,33,0,0
BRDA:225,33,1,0
BRDA:225,33,2,0
BRDA:277,34,0,93
BRDA:277,34,1,0
BRF:75
BRH:1
end_of_record
TN:
SF:/home/layik/code/tgve/eAtlas/src/components/showcases/plots.jsx
FN:22,(anonymous_0)
FN:34,(anonymous_1)
FN:37,(anonymous_2)
FN:39,(anonymous_3)
FN:40,(anonymous_4)
FN:54,(anonymous_5)
FN:72,(anonymous_6)
FN:73,(anonymous_7)
FN:91,(anonymous_8)
FN:100,(anonymous_9)
FN:109,(anonymous_10)
FN:134,(anonymous_11)
FN:143,(anonymous_12)
FN:171,(anonymous_13)
FN:180,(anonymous_14)
FN:186,(anonymous_15)
FN:211,(anonymous_16)
FN:218,(anonymous_17)
FNF:18
FNH:5
FNDA:3,(anonymous_0)
FNDA:0,(anonymous_1)
FNDA:0,(anonymous_2)
FNDA:0,(anonymous_3)
FNDA:0,(anonymous_4)
FNDA:3,(anonymous_5)
FNDA:0,(anonymous_6)
FNDA:0,(anonymous_7)
FNDA:3,(anonymous_8)
FNDA:0,(anonymous_9)
FNDA:0,(anonymous_10)
FNDA:0,(anonymous_11)
FNDA:0,(anonymous_12)
FNDA:3,(anonymous_13)
FNDA:6,(anonymous_14)
FNDA:0,(anonymous_15)
FNDA:0,(anonymous_16)
FNDA:0,(anonymous_17)
DA:17,3
DA:18,3
DA:19,3
DA:22,3
DA:23,3
DA:25,3
DA:27,3
DA:29,0
DA:34,0
DA:37,0
DA:39,0
DA:40,0
DA:54,3
DA:55,3
DA:56,0
DA:57,0
DA:59,0
DA:62,0
DA:64,0
DA:72,0
DA:73,0
DA:91,3
DA:92,3
DA:94,3
DA:95,0
DA:96,0
DA:97,0
DA:98,0
DA:100,0
DA:101,0
DA:109,0
DA:110,0
DA:117,0
DA:134,0
DA:143,0
DA:171,3
DA:172,3
DA:173,3
DA:175,3
DA:177,3
DA:179,3
DA:180,6
DA:181,3
DA:182,0
DA:184,0
DA:187,0
DA:188,0
DA:193,0
DA:198,0
DA:207,3
DA:208,0
DA:211,3
DA:213,0
DA:215,0
DA:216,0
DA:217,0
DA:218,0
DA:219,0
DA:221,0
LF:59
LH:22
BRDA:23,0,0,0
BRDA:23,0,1,3
BRDA:23,1,0,3
BRDA:23,1,1,3
BRDA:23,1,2,3
BRDA:23,1,3,3
BRDA:27,2,0,3
BRDA:27,2,1,0
BRDA:55,3,0,3
BRDA:55,3,1,0
BRDA:55,4,0,3
BRDA:55,4,1,3
BRDA:55,4,2,3
BRDA:57,5,0,0
BRDA:57,5,1,0
BRDA:59,6,0,0
BRDA:59,6,1,0
BRDA:60,7,0,0
BRDA:60,7,1,0
BRDA:62,8,0,0
BRDA:62,8,1,0
BRDA:66,9,0,0
BRDA:66,9,1,0
BRDA:75,10,0,0
BRDA:75,10,1,0
BRDA:92,11,0,3
BRDA:92,11,1,0
BRDA:92,12,0,3
BRDA:92,12,1,3
BRDA:92,12,2,3
BRDA:92,12,3,3
BRDA:92,12,4,0
BRDA:98,13,0,0
BRDA:98,13,1,0
BRDA:100,14,0,0
BRDA:100,14,1,0
BRDA:104,15,0,0
BRDA:104,15,1,0
BRDA:109,16,0,0
BRDA:109,16,1,0
BRDA:113,17,0,0
BRDA:113,17,1,0
BRDA:120,18,0,0
BRDA:120,18,1,0
BRDA:121,19,0,0
BRDA:121,19,1,0
BRDA:121,19,2,0
BRDA:122,20,0,0
BRDA:122,20,1,0
BRDA:122,20,2,0
BRDA:134,21,0,0
BRDA:134,21,1,0
BRDA:137,22,0,0
BRDA:137,22,1,0
BRDA:143,23,0,0
BRDA:143,23,1,0
BRDA:146,24,0,0
BRDA:146,24,1,0
BRDA:172,25,0,3
BRDA:172,25,1,3
BRDA:172,25,2,3
BRDA:175,26,0,3
BRDA:175,26,1,0
BRDA:177,27,0,0
BRDA:177,27,1,3
BRDA:181,28,0,0
BRDA:181,28,1,3
BRDA:184,29,0,0
BRDA:184,29,1,0
BRDA:184,29,2,0
BRDA:187,30,0,0
BRDA:187,30,1,0
BRDA:187,31,0,0
BRDA:187,31,1,0
BRDA:187,31,2,0
BRDA:207,32,0,3
BRDA:207,32,1,0
BRDA:211,33,0,0
BRDA:215,34,0,0
BRDA:215,34,1,0
BRDA:215,35,0,0
BRDA:215,35,1,0
BRDA:215,35,2,0
BRDA:217,36,0,0
BRDA:217,36,1,0
BRDA:223,37,0,0
BRDA:223,37,1,0
BRF:87
BRH:22
end_of_record
TN:
SF:/home/layik/code/tgve/eAtlas/src/components/tooltip/index.js
FN:10,(anonymous_0)
FN:16,(anonymous_1)
FN:20,(anonymous_2)
FN:24,(anonymous_3)
FN:36,(anonymous_4)
FNF:5
FNH:0
FNDA:0,(anonymous_0)
FNDA:0,(anonymous_1)
FNDA:0,(anonymous_2)
FNDA:0,(anonymous_3)
FNDA:0,(anonymous_4)
DA:5,2
DA:6,2
DA:11,0
DA:17,0
DA:21,0
DA:25,0
DA:26,0
DA:27,0
DA:36,0
DA:44,0
LF:10
LH:2
BRDA:26,0,0,0
BRDA:26,0,1,0
BRDA:36,1,0,0
BRDA:36,1,1,0
BRF:4
BRH:0
end_of_record
TN:
SF:/home/layik/code/tgve/eAtlas/src/components/tooltip/utils.js
FN:12,(anonymous_0)
FN:31,(anonymous_1)
FN:35,(anonymous_2)
FN:42,(anonymous_3)
FN:43,(anonymous_4)
FN:57,(anonymous_5)
FN:111,(anonymous_6)
FN:121,(anonymous_7)
FN:128,(anonymous_8)
FNF:9
FNH:0
FNDA:0,(anonymous_0)
FNDA:0,(anonymous_1)
FNDA:0,(anonymous_2)
FNDA:0,(anonymous_3)
FNDA:0,(anonymous_4)
FNDA:0,(anonymous_5)
FNDA:0,(anonymous_6)
FNDA:0,(anonymous_7)
FNDA:0,(anonymous_8)
DA:12,2
DA:13,0
DA:14,0
DA:16,0
DA:17,0
DA:19,0
DA:21,0
DA:23,0
DA:27,0
DA:28,0
DA:30,0
DA:31,0
DA:33,0
DA:35,0
DA:42,0
DA:43,0
DA:44,0
DA:45,0
DA:46,0
DA:52,0
DA:53,0
DA:57,0
DA:58,0
DA:59,0
DA:64,0
DA:65,0
DA:66,0
DA:68,0
DA:70,0
DA:74,0
DA:75,0
DA:78,0
DA:101,0
DA:111,2
DA:112,0
DA:114,0
DA:115,0
DA:116,0
DA:117,0
DA:118,0
DA:119,0
DA:122,0
DA:125,0
DA:126,0
DA:129,0
DA:133,0
DA:134,0
DA:136,0
DA:139,0
LF:49
LH:2
BRDA:16,0,0,0
BRDA:16,1,0,0
BRDA:17,2,0,0
BRDA:17,2,1,0
BRDA:19,3,0,0
BRDA:19,3,1,0
BRDA:21,4,0,0
BRDA:21,4,1,0
BRDA:23,5,0,0
BRDA:23,5,1,0
BRDA:28,6,0,0
BRDA:28,6,1,0
BRDA:28,7,0,0
BRDA:28,7,1,0
BRDA:30,8,0,0
BRDA:30,8,1,0
BRDA:33,9,0,0
BRDA:33,9,1,0
BRDA:33,9,2,0
BRDA:42,10,0,0
BRDA:42,10,1,0
BRDA:44,11,0,0
BRDA:44,11,1,0
BRDA:44,12,0,0
BRDA:44,12,1,0
BRDA:45,13,0,0
BRDA:45,13,1,0
BRDA:58,14,0,0
BRDA:58,14,1,0
BRDA:66,15,0,0
BRDA:66,15,1,0
BRDA:67,16,0,0
BRDA:67,16,1,0
BRDA:68,17,0,0
BRDA:68,17,1,0
BRDA:69,18,0,0
BRDA:69,18,1,0
BRDA:71,19,0,0
BRDA:71,19,1,0
BRDA:72,20,0,0
BRDA:72,20,1,0
BRDA:74,21,0,0
BRDA:74,21,1,0
BRDA:81,22,0,0
BRDA:81,22,1,0
BRDA:82,23,0,0
BRDA:82,23,1,0
BRDA:89,24,0,0
BRDA:89,24,1,0
BRDA:89,25,0,0
BRDA:89,25,1,0
BRDA:89,25,2,0
BRDA:111,26,0,0
BRDA:111,27,0,0
BRDA:112,28,0,0
BRDA:112,28,1,0
BRDA:112,29,0,0
BRDA:112,29,1,0
BRDA:112,29,2,0
BRDA:112,29,3,0
BRDA:117,30,0,0
BRDA:117,30,1,0
BRDA:120,31,0,0
BRDA:120,31,1,0
BRDA:127,32,0,0
BRDA:127,32,1,0
BRDA:133,33,0,0
BRDA:133,33,1,0
BRDA:141,34,0,0
BRDA:141,34,1,0
BRDA:141,35,0,0
BRDA:141,35,1,0
BRF:72
BRH:0
end_of_record
TN:
SF:/home/layik/code/tgve/eAtlas/src/home/index.js
FN:51,(anonymous_0)
FN:86,(anonymous_1)
FN:90,(anonymous_2)
FN:104,(anonymous_3)
FN:116,(anonymous_4)
FN:123,(anonymous_5)
FN:137,(anonymous_6)
FN:147,(anonymous_7)
FN:155,(anonymous_8)
FN:159,(anonymous_9)
FN:193,(anonymous_10)
FN:201,(anonymous_11)
FN:223,(anonymous_12)
FN:240,(anonymous_13)
FN:247,(anonymous_14)
FN:259,(anonymous_15)
FN:274,(anonymous_16)
FN:288,(anonymous_17)
FN:315,(anonymous_18)
FN:333,(anonymous_19)
FN:338,(anonymous_20)
FN:353,(anonymous_21)
FN:362,(anonymous_22)
FN:370,(anonymous_23)
FN:392,(anonymous_24)
FN:397,(anonymous_25)
FN:399,(anonymous_26)
FN:401,(anonymous_27)
FN:408,(anonymous_28)
FN:435,(anonymous_29)
FN:478,(anonymous_30)
FN:499,(anonymous_31)
FNF:32
FNH:13
FNDA:10,(anonymous_0)
FNDA:10,(anonymous_1)
FNDA:14,(anonymous_2)
FNDA:10,(anonymous_3)
FNDA:10,(anonymous_4)
FNDA:2,(anonymous_5)
FNDA:10,(anonymous_6)
FNDA:0,(anonymous_7)
FNDA:0,(anonymous_8)
FNDA:0,(anonymous_9)
FNDA:0,(anonymous_10)
FNDA:0,(anonymous_11)
FNDA:0,(anonymous_12)
FNDA:2,(anonymous_13)
FNDA:2,(anonymous_14)
FNDA:0,(anonymous_15)
FNDA:0,(anonymous_16)
FNDA:10,(anonymous_17)
FNDA:24,(anonymous_18)
FNDA:48,(anonymous_19)
FNDA:10,(anonymous_20)
FNDA:0,(anonymous_21)
FNDA:0,(anonymous_22)
FNDA:0,(anonymous_23)
FNDA:0,(anonymous_24)
FNDA:0,(anonymous_25)
FNDA:0,(anonymous_26)
FNDA:0,(anonymous_27)
FNDA:0,(anonymous_28)
FNDA:0,(anonymous_29)
FNDA:0,(anonymous_30)
FNDA:0,(anonymous_31)
DA:40,2
DA:42,2
DA:52,10
DA:53,10
DA:55,10
DA:76,10
DA:77,10
DA:78,10
DA:79,10
DA:80,10
DA:81,10
DA:82,10
DA:83,10
DA:84,10
DA:86,10
DA:87,10
DA:93,14
DA:94,14
DA:98,0
DA:99,0
DA:105,10
DA:106,10
DA:117,10
DA:118,10
DA:120,2
DA:124,2
DA:125,2
DA:129,8
DA:130,0
DA:132,8
DA:138,10
DA:148,0
DA:149,0
DA:150,0
DA:152,0
DA:154,0
DA:155,0
DA:156,0
DA:157,0
DA:159,0
DA:160,0
DA:163,0
DA:165,0
DA:169,0
DA:195,0
DA:196,0
DA:202,0
DA:203,0
DA:206,0
DA:224,0
DA:225,0
DA:229,0
DA:230,0
DA:232,0
DA:241,2
DA:244,2
DA:248,2
DA:260,0
DA:261,0
DA:264,0
DA:265,0
DA:266,0
DA:268,0
DA:270,0
DA:272,0
DA:274,0
DA:279,0
DA:280,0
DA:282,0
DA:289,10
DA:293,10
DA:294,0
DA:302,0
DA:305,10
DA:306,0
DA:307,0
DA:308,0
DA:317,24
DA:320,24
DA:321,24
DA:324,24
DA:335,48
DA:339,10
DA:340,10
DA:353,0
DA:362,0
DA:371,0
DA:372,0
DA:373,0
DA:375,0
DA:393,0
DA:398,0
DA:400,0
DA:402,0
DA:405,0
DA:409,0
DA:436,0
DA:460,0
DA:462,0
DA:466,0
DA:469,0
DA:470,0
DA:473,0
DA:477,0
DA:478,0
DA:479,0
DA:480,0
DA:485,0
DA:494,0
DA:500,0
LF:110
LH:41
BRDA:59,0,0,10
BRDA:59,0,1,0
BRDA:60,1,0,4
BRDA:60,1,1,6
BRDA:67,2,0,10
BRDA:67,2,1,10
BRDA:94,3,0,0
BRDA:94,3,1,14
BRDA:94,4,0,14
BRDA:94,4,1,14
BRDA:94,4,2,14
BRDA:94,4,3,14
BRDA:118,5,0,2
BRDA:118,5,1,8
BRDA:118,6,0,10
BRDA:118,6,1,2
BRDA:118,6,2,2
BRDA:129,7,0,0
BRDA:129,7,1,8
BRDA:148,8,0,0
BRDA:148,8,1,0
BRDA:148,9,0,0
BRDA:148,9,1,0
BRDA:149,10,0,0
BRDA:149,10,1,0
BRDA:154,11,0,0
BRDA:154,11,1,0
BRDA:154,12,0,0
BRDA:154,12,1,0
BRDA:157,13,0,0
BRDA:157,13,1,0
BRDA:163,14,0,0
BRDA:163,14,1,0
BRDA:163,15,0,0
BRDA:163,15,1,0
BRDA:166,16,0,0
BRDA:166,16,1,0
BRDA:195,17,0,0
BRDA:195,17,1,0
BRDA:200,18,0,0
BRDA:200,18,1,0
BRDA:224,19,0,0
BRDA:224,19,1,0
BRDA:230,20,0,0
BRDA:230,20,1,0
BRDA:240,21,0,2
BRDA:244,22,0,2
BRDA:244,22,1,2
BRDA:264,23,0,0
BRDA:264,23,1,0
BRDA:265,24,0,0
BRDA:265,24,1,0
BRDA:279,25,0,0
BRDA:279,25,1,0
BRDA:293,26,0,0
BRDA:293,26,1,10
BRDA:305,27,0,0
BRDA:305,27,1,10
BRDA:306,28,0,0
BRDA:306,28,1,0
BRDA:321,29,0,24
BRDA:321,29,1,0
BRDA:327,30,0,10
BRDA:327,30,1,14
BRDA:328,31,0,0
BRDA:328,31,1,24
BRDA:328,32,0,24
BRDA:328,32,1,24
BRDA:335,33,0,48
BRDA:335,33,1,24
BRDA:345,34,0,14
BRDA:345,34,1,10
BRDA:362,35,0,0
BRDA:362,35,1,0
BRDA:363,36,0,14
BRDA:363,36,1,10
BRDA:371,37,0,0
BRDA:371,37,1,0
BRDA:371,38,0,0
BRDA:371,38,1,0
BRDA:380,39,0,24
BRDA:380,39,1,20
BRDA:390,40,0,20
BRDA:390,40,1,2
BRDA:419,41,0,24
BRDA:419,41,1,0
BRDA:460,42,0,0
BRDA:460,42,1,0
BRDA:477,43,0,0
BRDA:477,43,1,0
BRDA:479,44,0,0
BRDA:479,44,1,0
BRF:92
BRH:38
end_of_record
TN:
SF:/home/layik/code/tgve/eAtlas/src/home/util.js
FN:27,(anonymous_0)
FN:59,(anonymous_1)
FN:149,(anonymous_2)
FN:154,(anonymous_3)
FN:161,(anonymous_4)
FN:175,(anonymous_5)
FN:186,(anonymous_6)
FN:193,(anonymous_7)
FN:194,(anonymous_8)
FN:209,(anonymous_9)
FN:214,(anonymous_10)
FN:224,(anonymous_11)
FN:231,(anonymous_12)
FN:295,(anonymous_13)
FN:312,(anonymous_14)
FN:346,(anonymous_15)
FN:355,(anonymous_16)
FN:363,(anonymous_17)
FN:364,(anonymous_18)
FN:378,(anonymous_19)
FNF:20
FNH:7
FNDA:0,(anonymous_0)
FNDA:6,(anonymous_1)
FNDA:0,(anonymous_2)
FNDA:0,(anonymous_3)
FNDA:0,(anonymous_4)
FNDA:14,(anonymous_5)
FNDA:7,(anonymous_6)
FNDA:0,(anonymous_7)
FNDA:0,(anonymous_8)
FNDA:0,(anonymous_9)
FNDA:0,(anonymous_10)
FNDA:7,(anonymous_11)
FNDA:0,(anonymous_12)
FNDA:5,(anonymous_13)
FNDA:6,(anonymous_14)
FNDA:0,(anonymous_15)
FNDA:10,(anonymous_16)
FNDA:0,(anonymous_17)
FNDA:0,(anonymous_18)
FNDA:0,(anonymous_19)
DA:25,2
DA:27,2
DA:28,0
DA:29,0
DA:30,0
DA:32,0
DA:36,0
DA:59,2
DA:60,6
DA:62,6
DA:63,0
DA:64,0
DA:71,6
DA:73,6
DA:76,6
DA:78,5
DA:79,0
DA:82,5
DA:83,0
DA:90,5
DA:96,0
DA:98,0
DA:99,0
DA:104,0
DA:105,0
DA:107,5
DA:110,5
DA:111,1
DA:117,4
DA:120,4
DA:122,4
DA:126,4
DA:131,4
DA:133,4
DA:135,4
DA:142,4
DA:148,4
DA:149,0
DA:151,0
DA:154,0
DA:158,4
DA:159,0
DA:160,0
DA:161,0
DA:162,0
DA:167,4
DA:168,0
DA:169,0
DA:170,0
DA:173,4
DA:175,4
DA:178,14
DA:181,14
DA:183,0
DA:186,7
DA:191,4
DA:192,0
DA:193,0
DA:194,0
DA:195,0
DA:196,0
DA:198,0
DA:207,0
DA:208,0
DA:209,0
DA:210,0
DA:213,0
DA:214,0
DA:218,4
DA:221,3
DA:223,3
DA:224,7
DA:228,4
DA:229,0
DA:230,0
DA:231,0
DA:237,4
DA:239,4
DA:249,4
DA:253,4
DA:295,2
DA:296,5
DA:298,5
DA:299,5
DA:301,5
DA:302,5
DA:307,5
DA:309,2
DA:311,2
DA:313,6
DA:316,0
DA:317,0
DA:322,0
DA:323,0
DA:327,6
DA:329,0
DA:331,0
DA:335,6
DA:336,6
DA:339,5
DA:341,1
DA:346,2
DA:347,0
DA:348,0
DA:349,0
DA:350,0
DA:351,0
DA:355,2
DA:356,10
DA:357,10
DA:359,10
DA:361,10
DA:363,0
DA:364,0
DA:365,0
DA:366,0
DA:371,10
DA:373,0
DA:375,10
DA:378,2
DA:379,0
DA:380,0
DA:381,0
DA:383,0
DA:386,0
DA:388,0
LF:126
LH:64
BRDA:29,0,0,0
BRDA:29,0,1,0
BRDA:29,1,0,0
BRDA:29,1,1,0
BRDA:59,2,0,0
BRDA:60,3,0,6
BRDA:62,4,0,0
BRDA:62,4,1,6
BRDA:62,5,0,6
BRDA:62,5,1,2
BRDA:65,6,0,0
BRDA:65,6,1,0
BRDA:65,7,0,0
BRDA:65,7,1,0
BRDA:66,8,0,0
BRDA:66,8,1,0
BRDA:73,9,0,6
BRDA:73,9,1,5
BRDA:73,9,2,1
BRDA:73,9,3,0
BRDA:76,10,0,1
BRDA:76,10,1,5
BRDA:78,11,0,0
BRDA:78,11,1,5
BRDA:78,12,0,5
BRDA:78,12,1,2
BRDA:82,13,0,0
BRDA:82,13,1,5
BRDA:82,14,0,5
BRDA:82,14,1,5
BRDA:82,14,2,2
BRDA:90,15,0,0
BRDA:90,15,1,5
BRDA:98,16,0,0
BRDA:98,16,1,0
BRDA:98,17,0,0
BRDA:98,17,1,0
BRDA:104,18,0,0
BRDA:104,18,1,0
BRDA:110,19,0,1
BRDA:110,19,1,4
BRDA:110,20,0,5
BRDA:110,20,1,5
BRDA:117,21,0,4
BRDA:117,21,1,1
BRDA:117,21,2,0
BRDA:117,21,3,4
BRDA:120,22,0,4
BRDA:120,22,1,4
BRDA:123,23,0,0
BRDA:123,23,1,4
BRDA:126,24,0,4
BRDA:126,24,1,1
BRDA:126,24,2,0
BRDA:126,24,3,4
BRDA:126,24,4,4
BRDA:128,25,0,0
BRDA:128,25,1,4
BRDA:131,26,0,4
BRDA:131,26,1,2
BRDA:131,26,2,0
BRDA:131,26,3,0
BRDA:131,26,4,0
BRDA:133,27,0,0
BRDA:133,27,1,4
BRDA:138,28,0,4
BRDA:138,28,1,4
BRDA:139,29,0,4
BRDA:139,29,1,4
BRDA:144,30,0,4
BRDA:144,30,1,0
BRDA:148,31,0,0
BRDA:148,31,1,4
BRDA:153,32,0,0
BRDA:153,32,1,0
BRDA:158,33,0,0
BRDA:158,33,1,4
BRDA:159,34,0,0
BRDA:159,34,1,0
BRDA:167,35,0,0
BRDA:167,35,1,4
BRDA:169,36,0,0
BRDA:169,36,1,0
BRDA:170,37,0,0
BRDA:170,37,1,0
BRDA:178,38,0,14
BRDA:178,38,1,0
BRDA:178,39,0,14
BRDA:178,39,1,14
BRDA:187,40,0,0
BRDA:187,40,1,7
BRDA:188,41,0,7
BRDA:188,41,1,7
BRDA:191,42,0,0
BRDA:191,42,1,4
BRDA:195,43,0,0
BRDA:195,43,1,0
BRDA:195,44,0,0
BRDA:195,44,1,0
BRDA:196,45,0,0
BRDA:196,45,1,0
BRDA:196,46,0,0
BRDA:196,46,1,0
BRDA:207,47,0,0
BRDA:207,47,1,0
BRDA:218,48,0,3
BRDA:218,48,1,1
BRDA:218,49,0,4
BRDA:218,49,1,3
BRDA:218,49,2,3
BRDA:218,49,3,1
BRDA:228,50,0,0
BRDA:228,50,1,4
BRDA:228,51,0,4
BRDA:228,51,1,4
BRDA:237,52,0,4
BRDA:237,52,1,0
BRDA:237,53,0,4
BRDA:237,53,1,4
BRDA:244,54,0,4
BRDA:244,54,1,4
BRDA:254,55,0,0
BRDA:254,55,1,4
BRDA:255,56,0,4
BRDA:255,56,1,4
BRDA:264,57,0,0
BRDA:264,57,1,4
BRDA:264,58,0,4
BRDA:264,58,1,1
BRDA:266,59,0,0
BRDA:266,59,1,4
BRDA:266,60,0,4
BRDA:266,60,1,1
BRDA:268,61,0,4
BRDA:268,61,1,4
BRDA:270,62,0,0
BRDA:270,62,1,4
BRDA:270,63,0,4
BRDA:270,63,1,1
BRDA:274,64,0,4
BRDA:274,64,1,0
BRDA:296,65,0,5
BRDA:296,65,1,2
BRDA:296,65,2,5
BRDA:298,66,0,5
BRDA:298,66,1,2
BRDA:299,67,0,5
BRDA:299,67,1,2
BRDA:299,67,2,2
BRDA:301,68,0,5
BRDA:301,68,1,3
BRDA:302,69,0,5
BRDA:302,69,1,2
BRDA:307,70,0,3
BRDA:307,70,1,2
BRDA:307,71,0,5
BRDA:307,71,1,5
BRDA:307,71,2,5
BRDA:309,72,0,2
BRDA:309,72,1,2
BRDA:309,72,2,0
BRDA:309,72,3,2
BRDA:313,73,0,0
BRDA:313,73,1,6
BRDA:322,74,0,0
BRDA:322,74,1,0
BRDA:327,75,0,0
BRDA:327,75,1,6
BRDA:329,76,0,0
BRDA:329,76,1,0
BRDA:329,77,0,0
BRDA:329,77,1,0
BRDA:335,78,0,6
BRDA:335,78,1,0
BRDA:336,79,0,5
BRDA:336,79,1,1
BRDA:336,80,0,6
BRDA:336,80,1,6
BRDA:336,80,2,6
BRDA:336,80,3,6
BRDA:336,80,4,6
BRDA:336,80,5,6
BRDA:347,81,0,0
BRDA:347,81,1,0
BRDA:348,82,0,0
BRDA:348,82,1,0
BRDA:348,83,0,0
BRDA:348,83,1,0
BRDA:351,84,0,0
BRDA:351,84,1,0
BRDA:351,84,2,0
BRDA:357,85,0,0
BRDA:357,85,1,10
BRDA:357,86,0,10
BRDA:357,86,1,0
BRDA:359,87,0,1
BRDA:359,87,1,9
BRDA:361,88,0,0
BRDA:361,88,1,10
BRDA:365,89,0,0
BRDA:365,89,1,0
BRDA:371,90,0,0
BRDA:371,90,1,10
BRDA:371,91,0,10
BRDA:371,91,1,0
BRDA:379,92,0,0
BRDA:379,92,1,0
BRDA:380,93,0,0
BRDA:380,93,1,0
BRDA:380,94,0,0
BRDA:380,94,1,0
BRDA:380,94,2,0
BRDA:381,95,0,0
BRDA:381,95,1,0
BRDA:383,96,0,0
BRDA:383,96,1,0
BRDA:386,97,0,0
BRDA:386,97,1,0
BRF:218
BRH:117
end_of_record
TN:
SF:/home/layik/code/tgve/eAtlas/src/utils/JSUtils.js
FN:7,(anonymous_0)
FN:11,(anonymous_1)
FN:15,(anonymous_2)
FN:19,(anonymous_3)
FN:23,(anonymous_4)
FN:27,(anonymous_5)
FN:49,(anonymous_6)
FN:67,(anonymous_7)
FN:79,(anonymous_8)
FN:91,(anonymous_9)
FN:103,(anonymous_10)
FN:115,isEmptyOrSpaces
FN:119,randomToNumber
FN:124,isStringNumeric
FN:129,isNullUndefinedNaN
FNF:15
FNH:9
FNDA:225,(anonymous_0)
FNDA:16,(anonymous_1)
FNDA:2,(anonymous_2)
FNDA:28,(anonymous_3)
FNDA:14,(anonymous_4)
FNDA:0,(anonymous_5)
FNDA:0,(anonymous_6)
FNDA:0,(anonymous_7)
FNDA:0,(anonymous_8)
FNDA:0,(anonymous_9)
FNDA:0,(anonymous_10)
FNDA:8,isEmptyOrSpaces
FNDA:18,randomToNumber
FNDA:27,isStringNumeric
FNDA:24,isNullUndefinedNaN
DA:7,13
DA:8,225
DA:11,13
DA:12,16
DA:15,13
DA:16,2
DA:19,13
DA:20,28
DA:23,13
DA:24,14
DA:27,13
DA:28,0
DA:29,0
DA:30,0
DA:33,0
DA:37,0
DA:49,13
DA:50,0
DA:51,0
DA:53,0
DA:54,0
DA:55,0
DA:56,0
DA:59,0
DA:63,0
DA:67,13
DA:68,0
DA:69,0
DA:71,0
DA:72,0
DA:75,0
DA:79,13
DA:80,0
DA:81,0
DA:83,0
DA:84,0
DA:87,0
DA:91,13
DA:92,0
DA:93,0
DA:95,0
DA:96,0
DA:99,0
DA:103,13
DA:104,0
DA:105,0
DA:107,0
DA:108,0
DA:111,0
DA:116,8
DA:120,18
DA:121,16
DA:125,27
DA:126,27
DA:130,24
DA:136,13
DA:137,13
DA:138,13
DA:139,13
DA:140,13
DA:141,13
DA:142,13
DA:143,13
DA:144,13
DA:147,13
DA:148,13
DA:149,13
DA:150,13
DA:151,13
DA:152,13
LF:70
LH:37
BRDA:8,0,0,225
BRDA:8,0,1,224
BRDA:8,0,2,201
BRDA:12,1,0,16
BRDA:12,1,1,16
BRDA:12,1,2,16
BRDA:16,2,0,2
BRDA:16,2,1,2
BRDA:16,2,2,2
BRDA:20,3,0,28
BRDA:20,3,1,20
BRDA:20,3,2,19
BRDA:24,4,0,14
BRDA:24,4,1,14
BRDA:24,4,2,14
BRDA:28,5,0,0
BRDA:28,5,1,0
BRDA:29,6,0,0
BRDA:29,6,1,0
BRDA:50,7,0,0
BRDA:50,7,1,0
BRDA:53,8,0,0
BRDA:53,8,1,0
BRDA:55,9,0,0
BRDA:55,9,1,0
BRDA:68,10,0,0
BRDA:68,10,1,0
BRDA:71,11,0,0
BRDA:71,11,1,0
BRDA:80,12,0,0
BRDA:80,12,1,0
BRDA:83,13,0,0
BRDA:83,13,1,0
BRDA:92,14,0,0
BRDA:92,14,1,0
BRDA:95,15,0,0
BRDA:95,15,1,0
BRDA:104,16,0,0
BRDA:104,16,1,0
BRDA:107,17,0,0
BRDA:107,17,1,0
BRDA:116,18,0,8
BRDA:116,18,1,8
BRDA:119,19,0,0
BRDA:120,20,0,2
BRDA:120,20,1,16
BRDA:120,21,0,18
BRDA:120,21,1,17
BRDA:125,22,0,0
BRDA:125,22,1,27
BRDA:126,23,0,27
BRDA:126,23,1,0
BRDA:130,24,0,24
BRDA:130,24,1,24
BRDA:130,24,2,24
BRDA:130,24,3,0
BRF:56
BRH:26
end_of_record
TN:
SF:/home/layik/code/tgve/eAtlas/src/utils/api.js
FN:14,(anonymous_0)
FN:27,(anonymous_1)
FN:43,(anonymous_2)
FN:74,(anonymous_3)
FN:80,(anonymous_4)
FN:97,(anonymous_5)
FN:103,(anonymous_6)
FNF:7
FNH:7
FNDA:9,(anonymous_0)
FNDA:90,(anonymous_1)
FNDA:9,(anonymous_2)
FNDA:3,(anonymous_3)
FNDA:32,(anonymous_4)
FNDA:14,(anonymous_5)
FNDA:2,(anonymous_6)
DA:14,3
DA:15,9
DA:18,9
DA:22,9
DA:27,9
DA:28,90
DA:29,90
DA:30,0
DA:31,90
DA:32,3
DA:33,87
DA:34,0
DA:35,87
DA:36,0
DA:37,87
DA:38,3
DA:43,9
DA:44,9
DA:48,9
DA:74,3
DA:75,3
DA:76,2
DA:77,0
DA:80,3
DA:81,32
DA:82,32
DA:83,2
DA:85,30
DA:97,3
DA:99,14
DA:100,14
DA:101,14
DA:103,1
DA:104,2
DA:105,2
DA:108,1
DA:109,13
DA:112,3
DA:113,3
DA:114,2
DA:115,2
DA:116,2
DA:118,3
DA:119,3
DA:120,3
DA:123,2
DA:125,10
LF:47
LH:43
BRDA:14,0,0,0
BRDA:15,1,0,9
BRDA:15,1,1,9
BRDA:18,2,0,9
BRDA:18,2,1,0
BRDA:18,2,2,0
BRDA:22,3,0,9
BRDA:22,3,1,0
BRDA:22,3,2,0
BRDA:22,3,3,9
BRDA:27,4,0,54
BRDA:29,5,0,0
BRDA:29,5,1,90
BRDA:30,6,0,0
BRDA:30,6,1,0
BRDA:31,7,0,3
BRDA:31,7,1,87
BRDA:31,8,0,90
BRDA:31,8,1,36
BRDA:33,9,0,0
BRDA:33,9,1,87
BRDA:33,10,0,87
BRDA:33,10,1,54
BRDA:35,11,0,0
BRDA:35,11,1,87
BRDA:36,12,0,0
BRDA:36,12,1,0
BRDA:37,13,0,3
BRDA:37,13,1,84
BRDA:38,14,0,3
BRDA:38,14,1,0
BRDA:44,15,0,4
BRDA:44,15,1,5
BRDA:64,16,0,9
BRDA:64,16,1,9
BRDA:64,16,2,9
BRDA:65,17,0,9
BRDA:65,17,1,9
BRDA:65,17,2,9
BRDA:68,18,0,9
BRDA:68,18,1,9
BRDA:75,19,0,1
BRDA:75,19,1,2
BRDA:76,20,0,2
BRDA:76,20,1,0
BRDA:101,21,0,1
BRDA:101,21,1,13
BRDA:104,22,0,2
BRDA:104,22,1,0
BRDA:109,23,0,3
BRDA:109,23,1,10
BRDA:113,24,0,1
BRDA:113,24,1,2
BRDA:115,25,0,0
BRDA:115,25,1,2
BRDA:118,26,0,3
BRDA:118,26,1,3
BRDA:119,27,0,3
BRDA:119,27,1,0
BRF:59
BRH:42
end_of_record
TN:
SF:/home/layik/code/tgve/eAtlas/src/utils/geojsonutils.js
FN:8,(anonymous_0)
FN:17,(anonymous_1)
FN:31,(anonymous_2)
FN:35,(anonymous_3)
FN:54,(anonymous_4)
FN:57,(anonymous_5)
FN:69,(anonymous_6)
FN:73,(anonymous_7)
FN:101,(anonymous_8)
FN:105,(anonymous_9)
FN:107,(anonymous_10)
FN:137,(anonymous_11)
FN:146,(anonymous_12)
FN:147,(anonymous_13)
FN:181,(anonymous_14)
FN:184,(anonymous_15)
FN:193,(anonymous_16)
FN:210,(anonymous_17)
FN:213,(anonymous_18)
FN:235,(anonymous_19)
FN:239,(anonymous_20)
FN:267,(anonymous_21)
FN:274,(anonymous_22)
FN:278,(anonymous_23)
FN:294,(anonymous_24)
FNF:25
FNH:12
FNDA:21,(anonymous_0)
FNDA:0,(anonymous_1)
FNDA:0,(anonymous_2)
FNDA:0,(anonymous_3)
FNDA:0,(anonymous_4)
FNDA:0,(anonymous_5)
FNDA:2,(anonymous_6)
FNDA:4,(anonymous_7)
FNDA:9,(anonymous_8)
FNDA:55,(anonymous_9)
FNDA:390,(anonymous_10)
FNDA:3,(anonymous_11)
FNDA:9,(anonymous_12)
FNDA:18,(anonymous_13)
FNDA:0,(anonymous_14)
FNDA:0,(anonymous_15)
FNDA:0,(anonymous_16)
FNDA:0,(anonymous_17)
FNDA:0,(anonymous_18)
FNDA:0,(anonymous_19)
FNDA:0,(anonymous_20)
FNDA:3,(anonymous_21)
FNDA:3,(anonymous_22)
FNDA:3,(anonymous_23)
FNDA:0,(anonymous_24)
DA:8,11
DA:9,21
DA:10,21
DA:11,21
DA:12,21
DA:14,0
DA:17,11
DA:18,0
DA:19,0
DA:20,0
DA:31,11
DA:32,0
DA:33,0
DA:34,0
DA:35,0
DA:36,0
DA:38,0
DA:43,0
DA:54,11
DA:55,0
DA:56,0
DA:57,0
DA:58,0
DA:59,0
DA:62,0
DA:69,11
DA:70,2
DA:71,2
DA:73,2
DA:74,4
DA:75,4
DA:77,4
DA:78,0
DA:79,4
DA:80,2
DA:81,2
DA:82,0
DA:83,2
DA:84,0
DA:86,4
DA:88,2
DA:101,11
DA:102,9
DA:103,7
DA:104,7
DA:105,7
DA:106,55
DA:108,390
DA:111,40
DA:113,350
DA:114,324
DA:116,26
DA:117,26
DA:122,7
DA:137,11
DA:138,3
DA:139,3
DA:140,3
DA:141,3
DA:142,3
DA:146,3
DA:147,9
DA:148,18
DA:151,0
DA:152,0
DA:154,0
DA:157,0
DA:162,3
DA:181,11
DA:182,0
DA:183,0
DA:184,0
DA:185,0
DA:186,0
DA:190,0
DA:193,0
DA:194,0
DA:196,0
DA:197,0
DA:200,0
DA:207,0
DA:210,11
DA:211,0
DA:212,0
DA:215,0
DA:219,0
DA:220,0
DA:222,0
DA:235,11
DA:236,0
DA:237,0
DA:238,0
DA:239,0
DA:240,0
DA:244,0
DA:247,0
DA:267,11
DA:268,3
DA:272,3
DA:273,2
DA:274,3
DA:275,1
DA:277,1
DA:278,1
DA:279,3
DA:280,3
DA:286,1
DA:287,1
DA:290,1
DA:292,1
DA:294,0
DA:300,1
LF:112
LH:62
BRDA:9,0,0,0
BRDA:9,0,1,21
BRDA:10,1,0,0
BRDA:10,1,1,21
BRDA:11,2,0,21
BRDA:11,2,1,0
BRDA:11,3,0,21
BRDA:11,3,1,21
BRDA:18,4,0,0
BRDA:18,4,1,0
BRDA:18,5,0,0
BRDA:18,5,1,0
BRDA:32,6,0,0
BRDA:32,6,1,0
BRDA:32,7,0,0
BRDA:32,7,1,0
BRDA:36,8,0,0
BRDA:36,8,1,0
BRDA:43,9,0,0
BRDA:43,9,1,0
BRDA:55,10,0,0
BRDA:55,10,1,0
BRDA:55,11,0,0
BRDA:55,11,1,0
BRDA:58,12,0,0
BRDA:58,12,1,0
BRDA:58,13,0,0
BRDA:58,13,1,0
BRDA:58,13,2,0
BRDA:70,14,0,0
BRDA:70,14,1,2
BRDA:70,15,0,2
BRDA:70,15,1,2
BRDA:77,16,0,0
BRDA:77,16,1,4
BRDA:79,17,0,2
BRDA:79,17,1,2
BRDA:81,18,0,0
BRDA:81,18,1,2
BRDA:83,19,0,0
BRDA:83,19,1,2
BRDA:102,20,0,2
BRDA:102,20,1,7
BRDA:102,21,0,9
BRDA:102,21,1,7
BRDA:106,22,0,55
BRDA:106,22,1,55
BRDA:106,22,2,55
BRDA:108,23,0,40
BRDA:108,23,1,350
BRDA:108,24,0,390
BRDA:108,24,1,390
BRDA:113,25,0,324
BRDA:113,25,1,26
BRDA:122,26,0,7
BRDA:122,26,1,0
BRDA:138,27,0,0
BRDA:138,27,1,3
BRDA:138,28,0,3
BRDA:138,28,1,3
BRDA:141,29,0,3
BRDA:141,29,1,0
BRDA:141,30,0,3
BRDA:141,30,1,0
BRDA:148,31,0,0
BRDA:148,31,1,18
BRDA:152,32,0,0
BRDA:152,32,1,0
BRDA:152,33,0,0
BRDA:152,33,1,0
BRDA:181,34,0,0
BRDA:182,35,0,0
BRDA:182,35,1,0
BRDA:182,36,0,0
BRDA:182,36,1,0
BRDA:182,36,2,0
BRDA:182,36,3,0
BRDA:186,37,0,0
BRDA:186,37,1,0
BRDA:186,38,0,0
BRDA:186,38,1,0
BRDA:190,39,0,0
BRDA:190,39,1,0
BRDA:190,40,0,0
BRDA:190,40,1,0
BRDA:190,40,2,0
BRDA:194,41,0,0
BRDA:194,41,1,0
BRDA:196,42,0,0
BRDA:196,42,1,0
BRDA:196,43,0,0
BRDA:196,43,1,0
BRDA:201,44,0,0
BRDA:201,44,1,0
BRDA:211,45,0,0
BRDA:211,45,1,0
BRDA:219,46,0,0
BRDA:219,46,1,0
BRDA:219,47,0,0
BRDA:219,47,1,0
BRDA:236,48,0,0
BRDA:236,48,1,0
BRDA:236,49,0,0
BRDA:236,49,1,0
BRDA:236,49,2,0
BRDA:240,50,0,0
BRDA:240,50,1,0
BRDA:241,51,0,0
BRDA:241,51,1,0
BRDA:241,52,0,0
BRDA:241,52,1,0
BRDA:272,53,0,2
BRDA:272,53,1,1
BRDA:272,54,0,3
BRDA:272,54,1,3
BRDA:272,54,2,3
BRDA:272,54,3,3
BRDA:280,55,0,0
BRDA:280,55,1,3
BRDA:287,56,0,0
BRDA:287,56,1,1
BRDA:290,57,0,0
BRDA:290,57,1,1
BRDA:290,58,0,1
BRDA:290,58,1,0
BRDA:293,59,0,0
BRDA:293,59,1,1
BRDA:297,60,0,0
BRDA:297,60,1,1
BRF:129
BRH:45
end_of_record
TN:
SF:/home/layik/code/tgve/eAtlas/src/utils/utils.js
FN:28,(anonymous_0)
FN:35,(anonymous_1)
FN:43,(anonymous_2)
FN:52,(anonymous_3)
FN:60,(anonymous_4)
FN:62,(anonymous_5)
FN:63,(anonymous_6)
FN:66,(anonymous_7)
FN:82,(anonymous_8)
FN:96,(anonymous_9)
FN:98,(anonymous_10)
FN:105,(anonymous_11)
FN:122,(anonymous_12)
FN:127,(anonymous_13)
FN:146,(anonymous_14)
FN:175,(anonymous_15)
FN:176,(anonymous_16)
FN:177,(anonymous_17)
FN:188,generateOptions
FN:192,(anonymous_19)
FN:202,(anonymous_20)
FN:215,(anonymous_21)
FN:239,(anonymous_22)
FN:253,(anonymous_23)
FN:254,(anonymous_24)
FN:261,(anonymous_25)
FN:268,(anonymous_26)
FN:285,(anonymous_27)
FN:315,(anonymous_28)
FN:334,(anonymous_29)
FN:361,(anonymous_30)
FN:370,(anonymous_31)
FN:385,(anonymous_32)
FN:392,(anonymous_33)
FN:396,(anonymous_34)
FN:423,(anonymous_35)
FN:424,(anonymous_36)
FN:431,(anonymous_37)
FN:482,(anonymous_38)
FN:484,(anonymous_39)
FN:488,(anonymous_40)
FN:491,(anonymous_41)
FN:499,hexToRgb
FN:517,(anonymous_43)
FN:530,(anonymous_44)
FN:537,(anonymous_45)
FN:554,(anonymous_46)
FN:617,(anonymous_47)
FN:630,(anonymous_48)
FN:650,(anonymous_49)
FN:653,(anonymous_50)
FN:665,(anonymous_51)
FN:696,(anonymous_52)
FN:701,(anonymous_53)
FN:722,(anonymous_54)
FN:727,(anonymous_55)
FN:730,(anonymous_56)
FN:732,(anonymous_57)
FN:737,(anonymous_58)
FN:738,(anonymous_59)
FN:740,(anonymous_60)
FN:741,(anonymous_61)
FN:744,(anonymous_62)
FN:781,(anonymous_63)
FN:801,(anonymous_64)
FN:826,(anonymous_65)
FN:830,(anonymous_66)
FN:833,(anonymous_67)
FN:837,(anonymous_68)
FN:856,(anonymous_69)
FN:863,(anonymous_70)
FN:877,(anonymous_71)
FN:883,(anonymous_72)
FN:897,(anonymous_73)
FN:903,(anonymous_74)
FN:937,(anonymous_75)
FN:964,(anonymous_76)
FN:976,(anonymous_77)
FN:984,(anonymous_78)
FNF:79
FNH:36
FNDA:0,(anonymous_0)
FNDA:0,(anonymous_1)
FNDA:0,(anonymous_2)
FNDA:0,(anonymous_3)
FNDA:0,(anonymous_4)
FNDA:0,(anonymous_5)
FNDA:0,(anonymous_6)
FNDA:0,(anonymous_7)
FNDA:0,(anonymous_8)
FNDA:0,(anonymous_9)
FNDA:0,(anonymous_10)
FNDA:0,(anonymous_11)
FNDA:8,(anonymous_12)
FNDA:24,(anonymous_13)
FNDA:16,(anonymous_14)
FNDA:4,(anonymous_15)
FNDA:4,(anonymous_16)
FNDA:18,(anonymous_17)
FNDA:4,generateOptions
FNDA:36,(anonymous_19)
FNDA:0,(anonymous_20)
FNDA:0,(anonymous_21)
FNDA:0,(anonymous_22)
FNDA:0,(anonymous_23)
FNDA:0,(anonymous_24)
FNDA:2,(anonymous_25)
FNDA:10,(anonymous_26)
FNDA:2,(anonymous_27)
FNDA:11,(anonymous_28)
FNDA:0,(anonymous_29)
FNDA:121,(anonymous_30)
FNDA:4,(anonymous_31)
FNDA:23,(anonymous_32)
FNDA:0,(anonymous_33)
FNDA:0,(anonymous_34)
FNDA:0,(anonymous_35)
FNDA:0,(anonymous_36)
FNDA:22,(anonymous_37)
FNDA:35,(anonymous_38)
FNDA:175,(anonymous_39)
FNDA:20,(anonymous_40)
FNDA:20,(anonymous_41)
FNDA:3,hexToRgb
FNDA:14,(anonymous_43)
FNDA:33,(anonymous_44)
FNDA:4,(anonymous_45)
FNDA:4,(anonymous_46)
FNDA:4,(anonymous_47)
FNDA:0,(anonymous_48)
FNDA:0,(anonymous_49)
FNDA:0,(anonymous_50)
FNDA:4,(anonymous_51)
FNDA:25,(anonymous_52)
FNDA:31,(anonymous_53)
FNDA:0,(anonymous_54)
FNDA:0,(anonymous_55)
FNDA:0,(anonymous_56)
FNDA:0,(anonymous_57)
FNDA:0,(anonymous_58)
FNDA:0,(anonymous_59)
FNDA:0,(anonymous_60)
FNDA:0,(anonymous_61)
FNDA:0,(anonymous_62)
FNDA:0,(anonymous_63)
FNDA:0,(anonymous_64)
FNDA:0,(anonymous_65)
FNDA:0,(anonymous_66)
FNDA:2,(anonymous_67)
FNDA:13,(anonymous_68)
FNDA:13,(anonymous_69)
FNDA:10,(anonymous_70)
FNDA:22,(anonymous_71)
FNDA:22,(anonymous_72)
FNDA:0,(anonymous_73)
FNDA:0,(anonymous_74)
FNDA:0,(anonymous_75)
FNDA:0,(anonymous_76)
FNDA:0,(anonymous_77)
FNDA:13,(anonymous_78)
DA:26,11
DA:28,11
DA:30,0
DA:31,0
DA:34,0
DA:36,0
DA:37,0
DA:39,0
DA:42,0
DA:45,0
DA:46,0
DA:48,0
DA:53,0
DA:60,11
DA:61,0
DA:62,0
DA:65,0
DA:66,0
DA:67,0
DA:68,0
DA:74,0
DA:75,0
DA:76,0
DA:78,0
DA:83,0
DA:84,0
DA:96,11
DA:97,0
DA:99,0
DA:100,0
DA:102,0
DA:106,0
DA:122,11
DA:123,8
DA:126,8
DA:127,8
DA:128,24
DA:129,24
DA:130,0
DA:133,24
DA:134,24
DA:135,8
DA:137,16
DA:141,8
DA:143,8
DA:144,8
DA:146,8
DA:147,16
DA:156,11
DA:175,11
DA:176,4
DA:177,4
DA:178,18
DA:189,4
DA:190,4
DA:191,4
DA:192,4
DA:193,36
DA:194,36
DA:195,16
DA:199,16
DA:200,0
DA:202,0
DA:204,20
DA:205,18
DA:208,2
DA:212,4
DA:213,4
DA:214,4
DA:215,4
DA:217,4
DA:218,4
DA:220,4
DA:223,4
DA:232,0
DA:239,0
DA:246,0
DA:247,0
DA:250,4
DA:253,11
DA:254,0
DA:255,0
DA:257,0
DA:258,0
DA:261,11
DA:263,2
DA:265,2
DA:268,11
DA:269,10
DA:271,0
DA:273,0
DA:274,0
DA:275,0
DA:285,11
DA:286,2
DA:291,2
DA:292,2
DA:293,2
DA:294,2
DA:295,2
DA:296,0
DA:297,0
DA:299,2
DA:300,0
DA:301,0
DA:303,2
DA:315,11
DA:316,11
DA:317,11
DA:318,0
DA:323,11
DA:325,11
DA:326,3
DA:327,8
DA:328,3
DA:330,5
DA:334,11
DA:340,0
DA:341,0
DA:342,0
DA:343,0
DA:344,0
DA:345,0
DA:346,0
DA:347,0
DA:348,0
DA:349,0
DA:351,0
DA:361,11
DA:362,121
DA:363,121
DA:364,121
DA:365,187
DA:367,121
DA:370,11
DA:371,4
DA:372,0
DA:374,4
DA:375,0
DA:376,0
DA:378,0
DA:379,0
DA:380,0
DA:382,0
DA:385,11
DA:386,23
DA:387,21
DA:392,11
DA:393,0
DA:396,0
DA:421,11
DA:422,0
DA:424,0
DA:425,0
DA:430,11
DA:431,22
DA:433,11
DA:482,11
DA:483,35
DA:484,175
DA:485,0
DA:488,11
DA:489,20
DA:490,20
DA:491,20
DA:492,20
DA:500,3
DA:501,3
DA:502,3
DA:503,3
DA:504,3
DA:505,0
DA:517,11
DA:518,14
DA:519,14
DA:520,3
DA:521,3
DA:523,11
DA:524,11
DA:527,11
DA:528,11
DA:530,33
DA:531,11
DA:534,11
DA:537,11
DA:538,4
DA:539,2
DA:540,0
DA:541,2
DA:542,0
DA:543,2
DA:544,0
DA:545,2
DA:546,0
DA:547,2
DA:548,0
DA:550,2
DA:554,11
DA:555,4
DA:556,2
DA:606,2
DA:617,11
DA:618,4
DA:619,2
DA:627,2
DA:630,11
DA:633,0
DA:634,0
DA:636,0
DA:637,0
DA:639,0
DA:640,0
DA:642,0
DA:643,0
DA:645,0
DA:647,0
DA:650,11
DA:651,0
DA:653,0
DA:654,0
DA:665,11
DA:667,4
DA:668,4
DA:669,4
DA:670,0
DA:671,0
DA:673,0
DA:675,0
DA:676,0
DA:677,0
DA:688,0
DA:696,11
DA:698,25
DA:699,11
DA:700,11
DA:701,11
DA:703,31
DA:706,31
DA:707,31
DA:709,0
DA:711,31
DA:712,0
DA:714,31
DA:715,31
DA:719,11
DA:721,11
DA:722,0
DA:724,11
DA:727,11
DA:728,0
DA:730,0
DA:731,0
DA:732,0
DA:734,0
DA:737,11
DA:738,0
DA:740,11
DA:741,0
DA:744,11
DA:745,0
DA:751,0
DA:781,11
DA:784,0
DA:785,0
DA:791,0
DA:792,0
DA:793,0
DA:795,0
DA:796,0
DA:799,0
DA:801,0
DA:802,0
DA:803,0
DA:806,0
DA:811,0
DA:812,0
DA:816,0
DA:826,11
DA:827,0
DA:829,0
DA:830,0
DA:833,11
DA:834,2
DA:837,11
DA:838,13
DA:839,1
DA:841,12
DA:842,1
DA:852,11
DA:856,11
DA:857,13
DA:863,11
DA:864,10
DA:877,11
DA:878,22
DA:880,22
DA:883,11
DA:885,22
DA:886,22
DA:887,22
DA:897,11
DA:898,0
DA:900,0
DA:902,0
DA:903,0
DA:904,0
DA:905,0
DA:906,0
DA:907,0
DA:908,0
DA:909,0
DA:910,0
DA:911,0
DA:912,0
DA:913,0
DA:917,0
DA:919,0
DA:923,0
DA:937,11
DA:938,0
DA:940,0
DA:941,0
DA:943,0
DA:944,0
DA:945,0
DA:947,0
DA:948,0
DA:949,0
DA:951,0
DA:953,0
DA:954,0
DA:955,0
DA:956,0
DA:957,0
DA:958,0
DA:959,0
DA:960,0
DA:962,0
DA:964,0
DA:965,0
DA:966,0
DA:967,0
DA:968,0
DA:970,0
DA:976,11
DA:977,0
DA:978,0
DA:979,0
DA:980,0
DA:981,0
DA:984,13
LF:351
LH:176
BRDA:30,0,0,0
BRDA:30,0,1,0
BRDA:30,1,0,0
BRDA:30,1,1,0
BRDA:36,2,0,0
BRDA:36,2,1,0
BRDA:45,3,0,0
BRDA:45,3,1,0
BRDA:45,4,0,0
BRDA:45,4,1,0
BRDA:65,5,0,0
BRDA:65,5,1,0
BRDA:67,6,0,0
BRDA:67,6,1,0
BRDA:68,7,0,0
BRDA:68,7,1,0
BRDA:99,8,0,0
BRDA:99,8,1,0
BRDA:122,9,0,8
BRDA:123,10,0,0
BRDA:123,10,1,8
BRDA:123,11,0,8
BRDA:123,11,1,8
BRDA:129,12,0,0
BRDA:129,12,1,24
BRDA:129,13,0,24
BRDA:129,13,1,24
BRDA:133,14,0,0
BRDA:133,14,1,24
BRDA:134,15,0,8
BRDA:134,15,1,16
BRDA:143,16,0,0
BRDA:143,16,1,8
BRDA:143,17,0,8
BRDA:143,17,1,8
BRDA:190,18,0,0
BRDA:190,18,1,4
BRDA:190,19,0,4
BRDA:190,19,1,4
BRDA:193,20,0,36
BRDA:193,20,1,36
BRDA:194,21,0,16
BRDA:194,21,1,20
BRDA:194,22,0,36
BRDA:194,22,1,27
BRDA:199,23,0,0
BRDA:199,23,1,16
BRDA:199,24,0,16
BRDA:199,24,1,7
BRDA:201,25,0,0
BRDA:201,25,1,0
BRDA:204,26,0,18
BRDA:204,26,1,2
BRDA:204,27,0,20
BRDA:204,27,1,6
BRDA:223,28,0,0
BRDA:223,28,1,4
BRDA:261,29,0,0
BRDA:261,30,0,0
BRDA:269,31,0,10
BRDA:269,31,1,0
BRDA:269,32,0,10
BRDA:269,32,1,9
BRDA:276,33,0,0
BRDA:276,33,1,0
BRDA:277,34,0,0
BRDA:277,34,1,0
BRDA:278,35,0,0
BRDA:278,35,1,0
BRDA:279,36,0,0
BRDA:279,36,1,0
BRDA:280,37,0,0
BRDA:280,37,1,0
BRDA:281,38,0,0
BRDA:281,38,1,0
BRDA:286,39,0,0
BRDA:286,39,1,2
BRDA:295,40,0,0
BRDA:295,40,1,2
BRDA:299,41,0,0
BRDA:299,41,1,2
BRDA:316,42,0,11
BRDA:316,42,1,11
BRDA:317,43,0,0
BRDA:317,43,1,11
BRDA:317,44,0,11
BRDA:317,44,1,11
BRDA:317,44,2,11
BRDA:325,45,0,3
BRDA:325,45,1,8
BRDA:327,46,0,3
BRDA:327,46,1,5
BRDA:341,47,0,0
BRDA:341,47,1,0
BRDA:342,48,0,0
BRDA:342,48,1,0
BRDA:344,49,0,0
BRDA:344,49,1,0
BRDA:344,50,0,0
BRDA:344,50,1,0
BRDA:346,51,0,0
BRDA:346,51,1,0
BRDA:346,52,0,0
BRDA:346,52,1,0
BRDA:348,53,0,0
BRDA:348,53,1,0
BRDA:348,54,0,0
BRDA:348,54,1,0
BRDA:362,55,0,0
BRDA:362,55,1,121
BRDA:370,56,0,0
BRDA:371,57,0,0
BRDA:371,57,1,4
BRDA:374,58,0,4
BRDA:374,58,1,0
BRDA:374,59,0,4
BRDA:374,59,1,4
BRDA:374,59,2,0
BRDA:376,60,0,0
BRDA:376,60,1,0
BRDA:376,60,2,0
BRDA:379,61,0,0
BRDA:379,61,1,0
BRDA:380,62,0,0
BRDA:380,62,1,0
BRDA:385,63,0,21
BRDA:386,64,0,2
BRDA:386,64,1,21
BRDA:386,65,0,23
BRDA:386,65,1,23
BRDA:387,66,0,14
BRDA:387,66,1,7
BRDA:389,67,0,7
BRDA:389,67,1,0
BRDA:396,68,0,0
BRDA:396,68,1,0
BRDA:403,69,0,0
BRDA:403,69,1,0
BRDA:421,70,0,0
BRDA:421,70,1,11
BRDA:423,71,0,0
BRDA:425,72,0,0
BRDA:425,72,1,0
BRDA:425,73,0,0
BRDA:425,73,1,0
BRDA:483,74,0,0
BRDA:483,74,1,35
BRDA:484,75,0,35
BRDA:484,75,1,0
BRDA:490,76,0,0
BRDA:490,76,1,20
BRDA:491,77,0,0
BRDA:491,77,1,20
BRDA:491,78,0,20
BRDA:491,78,1,20
BRDA:491,79,0,20
BRDA:491,79,1,0
BRDA:491,79,2,0
BRDA:499,80,0,0
BRDA:504,81,0,3
BRDA:504,81,1,0
BRDA:517,82,0,7
BRDA:518,83,0,0
BRDA:518,83,1,14
BRDA:518,84,0,14
BRDA:518,84,1,14
BRDA:518,84,2,14
BRDA:519,85,0,3
BRDA:519,85,1,11
BRDA:519,86,0,14
BRDA:519,86,1,3
BRDA:524,87,0,0
BRDA:524,87,1,11
BRDA:524,88,0,11
BRDA:524,88,1,0
BRDA:538,89,0,2
BRDA:538,89,1,2
BRDA:539,90,0,0
BRDA:539,90,1,2
BRDA:541,91,0,0
BRDA:541,91,1,2
BRDA:543,92,0,0
BRDA:543,92,1,2
BRDA:545,93,0,0
BRDA:545,93,1,2
BRDA:547,94,0,0
BRDA:547,94,1,2
BRDA:555,95,0,2
BRDA:555,95,1,2
BRDA:618,96,0,2
BRDA:618,96,1,2
BRDA:633,97,0,0
BRDA:633,97,1,0
BRDA:634,98,0,0
BRDA:634,98,1,0
BRDA:634,98,2,0
BRDA:634,98,3,0
BRDA:654,99,0,0
BRDA:654,99,1,0
BRDA:667,100,0,0
BRDA:668,101,0,4
BRDA:668,101,1,4
BRDA:669,102,0,4
BRDA:669,102,1,0
BRDA:669,103,0,4
BRDA:669,103,1,4
BRDA:669,103,2,4
BRDA:671,104,0,0
BRDA:671,104,1,0
BRDA:671,105,0,0
BRDA:671,105,1,0
BRDA:675,106,0,0
BRDA:675,106,1,0
BRDA:678,107,0,0
BRDA:678,107,1,0
BRDA:681,108,0,0
BRDA:681,108,1,0
BRDA:698,109,0,14
BRDA:698,109,1,11
BRDA:698,110,0,25
BRDA:698,110,1,25
BRDA:698,110,2,18
BRDA:698,110,3,11
BRDA:704,111,0,0
BRDA:704,111,1,31
BRDA:706,112,0,0
BRDA:706,112,1,31
BRDA:707,113,0,0
BRDA:707,113,1,31
BRDA:707,114,0,31
BRDA:707,114,1,0
BRDA:711,115,0,0
BRDA:711,115,1,31
BRDA:721,116,0,0
BRDA:721,116,1,11
BRDA:730,117,0,0
BRDA:730,117,1,0
BRDA:731,118,0,0
BRDA:731,118,1,0
BRDA:738,119,0,0
BRDA:738,119,1,0
BRDA:741,120,0,0
BRDA:741,120,1,0
BRDA:757,121,0,0
BRDA:757,121,1,0
BRDA:784,122,0,0
BRDA:784,122,1,0
BRDA:785,123,0,0
BRDA:785,123,1,0
BRDA:785,123,2,0
BRDA:791,124,0,0
BRDA:791,124,1,0
BRDA:796,125,0,0
BRDA:796,125,1,0
BRDA:796,126,0,0
BRDA:796,126,1,0
BRDA:796,126,2,0
BRDA:796,126,3,0
BRDA:796,126,4,0
BRDA:796,126,5,0
BRDA:796,126,6,0
BRDA:796,126,7,0
BRDA:796,126,8,0
BRDA:803,127,0,0
BRDA:803,127,1,0
BRDA:827,128,0,0
BRDA:827,128,1,0
BRDA:827,129,0,0
BRDA:827,129,1,0
BRDA:834,130,0,2
BRDA:834,130,1,2
BRDA:834,130,2,2
BRDA:835,131,0,2
BRDA:835,131,1,0
BRDA:838,132,0,1
BRDA:838,132,1,12
BRDA:838,133,0,13
BRDA:838,133,1,2
BRDA:838,133,2,2
BRDA:838,133,3,1
BRDA:839,134,0,0
BRDA:839,134,1,1
BRDA:841,135,0,1
BRDA:841,135,1,11
BRDA:841,136,0,12
BRDA:841,136,1,1
BRDA:858,137,0,4
BRDA:858,137,1,9
BRDA:859,138,0,4
BRDA:859,138,1,9
BRDA:864,139,0,10
BRDA:864,139,1,10
BRDA:864,139,2,10
BRDA:864,139,3,10
BRDA:864,139,4,10
BRDA:864,139,5,10
BRDA:864,139,6,10
BRDA:864,139,7,10
BRDA:864,139,8,10
BRDA:864,139,9,10
BRDA:864,139,10,10
BRDA:864,139,11,0
BRDA:878,140,0,0
BRDA:878,140,1,22
BRDA:878,141,0,22
BRDA:878,141,1,22
BRDA:883,142,0,14
BRDA:886,143,0,0
BRDA:886,143,1,22
BRDA:886,144,0,22
BRDA:886,144,1,0
BRDA:898,145,0,0
BRDA:898,145,1,0
BRDA:904,146,0,0
BRDA:904,146,1,0
BRDA:906,147,0,0
BRDA:906,147,1,0
BRDA:908,148,0,0
BRDA:908,148,1,0
BRDA:910,149,0,0
BRDA:910,149,1,0
BRDA:910,150,0,0
BRDA:910,150,1,0
BRDA:910,150,2,0
BRDA:912,151,0,0
BRDA:912,151,1,0
BRDA:912,152,0,0
BRDA:912,152,1,0
BRDA:923,153,0,0
BRDA:923,153,1,0
BRDA:937,154,0,0
BRDA:940,155,0,0
BRDA:940,155,1,0
BRDA:940,156,0,0
BRDA:940,156,1,0
BRDA:957,157,0,0
BRDA:957,157,1,0
BRDA:958,158,0,0
BRDA:958,158,1,0
BRDA:966,159,0,0
BRDA:966,159,1,0
BRDA:988,160,0,13
BRDA:988,160,1,13
BRDA:991,161,0,13
BRDA:991,161,1,0
BRF:345
BRH:147
end_of_record
